{"/Users/egill/ylhyra/src/app/app/analytics.js": {"path":"/Users/egill/ylhyra/src/app/app/analytics.js","statementMap":{"0":{"start":{"line":14,"column":20},"end":{"line":14,"column":39}},"1":{"start":{"line":16,"column":20},"end":{"line":16,"column":24}},"2":{"start":{"line":19,"column":10},"end":{"line":19,"column":14}},"3":{"start":{"line":20,"column":14},"end":{"line":20,"column":18}},"4":{"start":{"line":21,"column":16},"end":{"line":21,"column":20}},"5":{"start":{"line":22,"column":13},"end":{"line":22,"column":43}},"6":{"start":{"line":23,"column":10},"end":{"line":23,"column":65}},"7":{"start":{"line":24,"column":21},"end":{"line":29,"column":3}},"8":{"start":{"line":25,"column":4},"end":{"line":25,"column":41}},"9":{"start":{"line":25,"column":34},"end":{"line":25,"column":41}},"10":{"start":{"line":26,"column":4},"end":{"line":26,"column":27}},"11":{"start":{"line":27,"column":4},"end":{"line":27,"column":27}},"12":{"start":{"line":28,"column":4},"end":{"line":28,"column":31}},"13":{"start":{"line":30,"column":20},"end":{"line":48,"column":3}},"14":{"start":{"line":31,"column":4},"end":{"line":31,"column":71}},"15":{"start":{"line":31,"column":64},"end":{"line":31,"column":71}},"16":{"start":{"line":32,"column":21},"end":{"line":32,"column":47}},"17":{"start":{"line":34,"column":4},"end":{"line":46,"column":5}},"18":{"start":{"line":35,"column":6},"end":{"line":43,"column":8}},"19":{"start":{"line":44,"column":6},"end":{"line":44,"column":27}},"20":{"start":{"line":45,"column":6},"end":{"line":45,"column":30}},"21":{"start":{"line":47,"column":4},"end":{"line":47,"column":28}},"22":{"start":{"line":49,"column":8},"end":{"line":59,"column":3}},"23":{"start":{"line":50,"column":4},"end":{"line":50,"column":26}},"24":{"start":{"line":51,"column":4},"end":{"line":51,"column":16}},"25":{"start":{"line":52,"column":4},"end":{"line":52,"column":43}},"26":{"start":{"line":53,"column":4},"end":{"line":53,"column":34}},"27":{"start":{"line":53,"column":27},"end":{"line":53,"column":34}},"28":{"start":{"line":54,"column":4},"end":{"line":58,"column":5}},"29":{"start":{"line":55,"column":6},"end":{"line":55,"column":18}},"30":{"start":{"line":57,"column":6},"end":{"line":57,"column":51}},"31":{"start":{"line":60,"column":9},"end":{"line":65,"column":3}},"32":{"start":{"line":61,"column":4},"end":{"line":64,"column":6}},"33":{"start":{"line":66,"column":9},"end":{"line":73,"column":3}},"34":{"start":{"line":67,"column":4},"end":{"line":67,"column":78}},"35":{"start":{"line":67,"column":71},"end":{"line":67,"column":78}},"36":{"start":{"line":68,"column":4},"end":{"line":70,"column":7}},"37":{"start":{"line":71,"column":4},"end":{"line":71,"column":20}},"38":{"start":{"line":72,"column":4},"end":{"line":72,"column":16}},"39":{"start":{"line":74,"column":10},"end":{"line":78,"column":3}},"40":{"start":{"line":79,"column":9},"end":{"line":83,"column":3}},"41":{"start":{"line":80,"column":4},"end":{"line":80,"column":55}},"42":{"start":{"line":80,"column":48},"end":{"line":80,"column":55}},"43":{"start":{"line":81,"column":4},"end":{"line":81,"column":40}},"44":{"start":{"line":82,"column":4},"end":{"line":82,"column":31}},"45":{"start":{"line":85,"column":18},"end":{"line":85,"column":33}},"46":{"start":{"line":88,"column":0},"end":{"line":112,"column":1}},"47":{"start":{"line":89,"column":2},"end":{"line":91,"column":3}},"48":{"start":{"line":90,"column":4},"end":{"line":90,"column":33}},"49":{"start":{"line":97,"column":2},"end":{"line":99,"column":4}},"50":{"start":{"line":98,"column":4},"end":{"line":98,"column":50}},"51":{"start":{"line":102,"column":25},"end":{"line":102,"column":62}},"52":{"start":{"line":103,"column":27},"end":{"line":108,"column":3}},"53":{"start":{"line":104,"column":4},"end":{"line":104,"column":25}},"54":{"start":{"line":105,"column":4},"end":{"line":107,"column":7}},"55":{"start":{"line":106,"column":6},"end":{"line":106,"column":73}},"56":{"start":{"line":109,"column":2},"end":{"line":111,"column":5}},"57":{"start":{"line":110,"column":4},"end":{"line":110,"column":68}}},"fnMap":{"0":{"name":"(anonymous_0)","decl":{"start":{"line":24,"column":21},"end":{"line":24,"column":22}},"loc":{"start":{"line":24,"column":30},"end":{"line":29,"column":3}},"line":24},"1":{"name":"(anonymous_1)","decl":{"start":{"line":30,"column":20},"end":{"line":30,"column":21}},"loc":{"start":{"line":30,"column":33},"end":{"line":48,"column":3}},"line":30},"2":{"name":"(anonymous_2)","decl":{"start":{"line":49,"column":8},"end":{"line":49,"column":9}},"loc":{"start":{"line":49,"column":27},"end":{"line":59,"column":3}},"line":49},"3":{"name":"(anonymous_3)","decl":{"start":{"line":60,"column":9},"end":{"line":60,"column":10}},"loc":{"start":{"line":60,"column":15},"end":{"line":65,"column":3}},"line":60},"4":{"name":"(anonymous_4)","decl":{"start":{"line":66,"column":9},"end":{"line":66,"column":10}},"loc":{"start":{"line":66,"column":28},"end":{"line":73,"column":3}},"line":66},"5":{"name":"(anonymous_5)","decl":{"start":{"line":74,"column":10},"end":{"line":74,"column":11}},"loc":{"start":{"line":74,"column":16},"end":{"line":78,"column":3}},"line":74},"6":{"name":"(anonymous_6)","decl":{"start":{"line":79,"column":9},"end":{"line":79,"column":10}},"loc":{"start":{"line":79,"column":15},"end":{"line":83,"column":3}},"line":79},"7":{"name":"(anonymous_7)","decl":{"start":{"line":97,"column":26},"end":{"line":97,"column":27}},"loc":{"start":{"line":97,"column":38},"end":{"line":99,"column":3}},"line":97},"8":{"name":"(anonymous_8)","decl":{"start":{"line":103,"column":27},"end":{"line":103,"column":28}},"loc":{"start":{"line":103,"column":33},"end":{"line":108,"column":3}},"line":103},"9":{"name":"(anonymous_9)","decl":{"start":{"line":105,"column":27},"end":{"line":105,"column":28}},"loc":{"start":{"line":105,"column":46},"end":{"line":107,"column":5}},"line":105},"10":{"name":"(anonymous_10)","decl":{"start":{"line":109,"column":25},"end":{"line":109,"column":26}},"loc":{"start":{"line":109,"column":44},"end":{"line":111,"column":3}},"line":109}},"branchMap":{"0":{"loc":{"start":{"line":22,"column":13},"end":{"line":22,"column":43}},"type":"binary-expr","locations":[{"start":{"line":22,"column":13},"end":{"line":22,"column":22}},{"start":{"line":22,"column":26},"end":{"line":22,"column":43}}],"line":22},"1":{"loc":{"start":{"line":23,"column":10},"end":{"line":23,"column":65}},"type":"binary-expr","locations":[{"start":{"line":23,"column":10},"end":{"line":23,"column":59}},{"start":{"line":23,"column":63},"end":{"line":23,"column":65}}],"line":23},"2":{"loc":{"start":{"line":25,"column":4},"end":{"line":25,"column":41}},"type":"if","locations":[{"start":{"line":25,"column":4},"end":{"line":25,"column":41}},{"start":{"line":25,"column":4},"end":{"line":25,"column":41}}],"line":25},"3":{"loc":{"start":{"line":31,"column":4},"end":{"line":31,"column":71}},"type":"if","locations":[{"start":{"line":31,"column":4},"end":{"line":31,"column":71}},{"start":{"line":31,"column":4},"end":{"line":31,"column":71}}],"line":31},"4":{"loc":{"start":{"line":31,"column":8},"end":{"line":31,"column":62}},"type":"binary-expr","locations":[{"start":{"line":31,"column":8},"end":{"line":31,"column":22}},{"start":{"line":31,"column":26},"end":{"line":31,"column":43}},{"start":{"line":31,"column":47},"end":{"line":31,"column":62}}],"line":31},"5":{"loc":{"start":{"line":34,"column":4},"end":{"line":46,"column":5}},"type":"if","locations":[{"start":{"line":34,"column":4},"end":{"line":46,"column":5}},{"start":{"line":34,"column":4},"end":{"line":46,"column":5}}],"line":34},"6":{"loc":{"start":{"line":34,"column":8},"end":{"line":34,"column":71}},"type":"binary-expr","locations":[{"start":{"line":34,"column":8},"end":{"line":34,"column":28}},{"start":{"line":34,"column":32},"end":{"line":34,"column":71}}],"line":34},"7":{"loc":{"start":{"line":52,"column":4},"end":{"line":52,"column":42}},"type":"binary-expr","locations":[{"start":{"line":52,"column":4},"end":{"line":52,"column":14}},{"start":{"line":52,"column":18},"end":{"line":52,"column":42}}],"line":52},"8":{"loc":{"start":{"line":53,"column":4},"end":{"line":53,"column":34}},"type":"if","locations":[{"start":{"line":53,"column":4},"end":{"line":53,"column":34}},{"start":{"line":53,"column":4},"end":{"line":53,"column":34}}],"line":53},"9":{"loc":{"start":{"line":54,"column":4},"end":{"line":58,"column":5}},"type":"if","locations":[{"start":{"line":54,"column":4},"end":{"line":58,"column":5}},{"start":{"line":54,"column":4},"end":{"line":58,"column":5}}],"line":54},"10":{"loc":{"start":{"line":63,"column":6},"end":{"line":63,"column":47}},"type":"cond-expr","locations":[{"start":{"line":63,"column":30},"end":{"line":63,"column":40}},{"start":{"line":63,"column":43},"end":{"line":63,"column":47}}],"line":63},"11":{"loc":{"start":{"line":67,"column":4},"end":{"line":67,"column":78}},"type":"if","locations":[{"start":{"line":67,"column":4},"end":{"line":67,"column":78}},{"start":{"line":67,"column":4},"end":{"line":67,"column":78}}],"line":67},"12":{"loc":{"start":{"line":67,"column":8},"end":{"line":67,"column":69}},"type":"binary-expr","locations":[{"start":{"line":67,"column":8},"end":{"line":67,"column":23}},{"start":{"line":67,"column":28},"end":{"line":67,"column":42}},{"start":{"line":67,"column":46},"end":{"line":67,"column":68}}],"line":67},"13":{"loc":{"start":{"line":80,"column":4},"end":{"line":80,"column":55}},"type":"if","locations":[{"start":{"line":80,"column":4},"end":{"line":80,"column":55}},{"start":{"line":80,"column":4},"end":{"line":80,"column":55}}],"line":80},"14":{"loc":{"start":{"line":88,"column":0},"end":{"line":112,"column":1}},"type":"if","locations":[{"start":{"line":88,"column":0},"end":{"line":112,"column":1}},{"start":{"line":88,"column":0},"end":{"line":112,"column":1}}],"line":88},"15":{"loc":{"start":{"line":89,"column":2},"end":{"line":91,"column":3}},"type":"if","locations":[{"start":{"line":89,"column":2},"end":{"line":91,"column":3}},{"start":{"line":89,"column":2},"end":{"line":91,"column":3}}],"line":89}},"s":{"0":1,"1":1,"2":1,"3":1,"4":1,"5":1,"6":1,"7":1,"8":0,"9":0,"10":0,"11":0,"12":0,"13":1,"14":0,"15":0,"16":0,"17":0,"18":0,"19":0,"20":0,"21":0,"22":1,"23":0,"24":0,"25":0,"26":0,"27":0,"28":0,"29":0,"30":0,"31":1,"32":0,"33":1,"34":0,"35":0,"36":0,"37":0,"38":0,"39":1,"40":1,"41":0,"42":0,"43":0,"44":0,"45":1,"46":1,"47":1,"48":0,"49":1,"50":0,"51":1,"52":1,"53":0,"54":0,"55":0,"56":1,"57":3},"f":{"0":0,"1":0,"2":0,"3":0,"4":0,"5":0,"6":0,"7":0,"8":0,"9":0,"10":3},"b":{"0":[1,1],"1":[1,1],"2":[0,0],"3":[0,0],"4":[0,0,0],"5":[0,0],"6":[0,0],"7":[0,0],"8":[0,0],"9":[0,0],"10":[0,0],"11":[0,0],"12":[0,0,0],"13":[0,0],"14":[1,0],"15":[0,1]},"_coverageSchema":"1a1c01bbd47fc00a2c39e90264f33305004495a9","hash":"96afcecf43155517abf832caa234af0b0186dee1"}
,"/Users/egill/ylhyra/src/app/app/axios.js": {"path":"/Users/egill/ylhyra/src/app/app/axios.js","statementMap":{"0":{"start":{"line":17,"column":0},"end":{"line":17,"column":30}},"1":{"start":{"line":18,"column":0},"end":{"line":38,"column":2}},"2":{"start":{"line":20,"column":4},"end":{"line":20,"column":19}},"3":{"start":{"line":24,"column":21},"end":{"line":24,"column":41}},"4":{"start":{"line":25,"column":19},"end":{"line":25,"column":41}},"5":{"start":{"line":26,"column":4},"end":{"line":28,"column":5}},"6":{"start":{"line":27,"column":6},"end":{"line":27,"column":51}},"7":{"start":{"line":29,"column":4},"end":{"line":31,"column":5}},"8":{"start":{"line":30,"column":6},"end":{"line":30,"column":66}},"9":{"start":{"line":32,"column":4},"end":{"line":34,"column":5}},"10":{"start":{"line":33,"column":6},"end":{"line":33,"column":31}},"11":{"start":{"line":35,"column":4},"end":{"line":35,"column":15}},"12":{"start":{"line":36,"column":4},"end":{"line":36,"column":33}}},"fnMap":{"0":{"name":"(anonymous_0)","decl":{"start":{"line":19,"column":2},"end":{"line":19,"column":3}},"loc":{"start":{"line":19,"column":21},"end":{"line":21,"column":3}},"line":19},"1":{"name":"(anonymous_1)","decl":{"start":{"line":22,"column":2},"end":{"line":22,"column":3}},"loc":{"start":{"line":22,"column":19},"end":{"line":37,"column":3}},"line":22}},"branchMap":{"0":{"loc":{"start":{"line":26,"column":4},"end":{"line":28,"column":5}},"type":"if","locations":[{"start":{"line":26,"column":4},"end":{"line":28,"column":5}},{"start":{"line":26,"column":4},"end":{"line":28,"column":5}}],"line":26},"1":{"loc":{"start":{"line":27,"column":16},"end":{"line":27,"column":50}},"type":"binary-expr","locations":[{"start":{"line":27,"column":16},"end":{"line":27,"column":32}},{"start":{"line":27,"column":36},"end":{"line":27,"column":50}}],"line":27},"2":{"loc":{"start":{"line":29,"column":4},"end":{"line":31,"column":5}},"type":"if","locations":[{"start":{"line":29,"column":4},"end":{"line":31,"column":5}},{"start":{"line":29,"column":4},"end":{"line":31,"column":5}}],"line":29},"3":{"loc":{"start":{"line":32,"column":4},"end":{"line":34,"column":5}},"type":"if","locations":[{"start":{"line":32,"column":4},"end":{"line":34,"column":5}},{"start":{"line":32,"column":4},"end":{"line":34,"column":5}}],"line":32}},"s":{"0":1,"1":1,"2":1,"3":0,"4":0,"5":0,"6":0,"7":0,"8":0,"9":0,"10":0,"11":0,"12":0},"f":{"0":1,"1":0},"b":{"0":[0,0],"1":[0,0],"2":[0,0],"3":[0,0]},"_coverageSchema":"1a1c01bbd47fc00a2c39e90264f33305004495a9","hash":"35b0416144cd3ab00171f8336b6ab2930cd8d2cf"}
,"/Users/egill/ylhyra/src/app/app/constants.js": {"path":"/Users/egill/ylhyra/src/app/app/constants.js","statementMap":{"0":{"start":{"line":4,"column":25},"end":{"line":8,"column":1}}},"fnMap":{},"branchMap":{},"s":{"0":1},"f":{},"b":{},"_coverageSchema":"1a1c01bbd47fc00a2c39e90264f33305004495a9","hash":"b69a894c968475bb6ff6174262835331f49f552b"}
,"/Users/egill/ylhyra/src/app/app/paths.js": {"path":"/Users/egill/ylhyra/src/app/app/paths.js","statementMap":{"0":{"start":{"line":1,"column":26},"end":{"line":1,"column":40}},"1":{"start":{"line":2,"column":35},"end":{"line":2,"column":48}},"2":{"start":{"line":3,"column":37},"end":{"line":3,"column":51}},"3":{"start":{"line":6,"column":33},"end":{"line":7,"column":62}},"4":{"start":{"line":7,"column":2},"end":{"line":7,"column":62}},"5":{"start":{"line":8,"column":39},"end":{"line":11,"column":5}},"6":{"start":{"line":9,"column":2},"end":{"line":11,"column":5}},"7":{"start":{"line":14,"column":25},"end":{"line":30,"column":1}},"8":{"start":{"line":15,"column":2},"end":{"line":15,"column":25}},"9":{"start":{"line":15,"column":14},"end":{"line":15,"column":25}},"10":{"start":{"line":16,"column":24},"end":{"line":16,"column":40}},"11":{"start":{"line":17,"column":2},"end":{"line":26,"column":25}},"12":{"start":{"line":27,"column":2},"end":{"line":27,"column":20}},"13":{"start":{"line":28,"column":2},"end":{"line":28,"column":32}},"14":{"start":{"line":29,"column":2},"end":{"line":29,"column":47}},"15":{"start":{"line":32,"column":15},"end":{"line":32,"column":25}},"16":{"start":{"line":33,"column":26},"end":{"line":41,"column":1}},"17":{"start":{"line":34,"column":2},"end":{"line":34,"column":55}},"18":{"start":{"line":34,"column":42},"end":{"line":34,"column":55}},"19":{"start":{"line":35,"column":2},"end":{"line":40,"column":4}},"20":{"start":{"line":43,"column":29},"end":{"line":52,"column":1}},"21":{"start":{"line":44,"column":2},"end":{"line":51,"column":4}}},"fnMap":{"0":{"name":"(anonymous_0)","decl":{"start":{"line":6,"column":33},"end":{"line":6,"column":34}},"loc":{"start":{"line":7,"column":2},"end":{"line":7,"column":62}},"line":7},"1":{"name":"(anonymous_1)","decl":{"start":{"line":8,"column":39},"end":{"line":8,"column":40}},"loc":{"start":{"line":9,"column":2},"end":{"line":11,"column":5}},"line":9},"2":{"name":"(anonymous_2)","decl":{"start":{"line":14,"column":25},"end":{"line":14,"column":26}},"loc":{"start":{"line":14,"column":36},"end":{"line":30,"column":1}},"line":14},"3":{"name":"(anonymous_3)","decl":{"start":{"line":33,"column":26},"end":{"line":33,"column":27}},"loc":{"start":{"line":33,"column":37},"end":{"line":41,"column":1}},"line":33},"4":{"name":"(anonymous_4)","decl":{"start":{"line":43,"column":29},"end":{"line":43,"column":30}},"loc":{"start":{"line":43,"column":40},"end":{"line":52,"column":1}},"line":43}},"branchMap":{"0":{"loc":{"start":{"line":9,"column":28},"end":{"line":9,"column":49}},"type":"cond-expr","locations":[{"start":{"line":9,"column":36},"end":{"line":9,"column":44}},{"start":{"line":9,"column":47},"end":{"line":9,"column":49}}],"line":9},"1":{"loc":{"start":{"line":15,"column":2},"end":{"line":15,"column":25}},"type":"if","locations":[{"start":{"line":15,"column":2},"end":{"line":15,"column":25}},{"start":{"line":15,"column":2},"end":{"line":15,"column":25}}],"line":15},"2":{"loc":{"start":{"line":29,"column":17},"end":{"line":29,"column":45}},"type":"cond-expr","locations":[{"start":{"line":29,"column":27},"end":{"line":29,"column":40}},{"start":{"line":29,"column":43},"end":{"line":29,"column":45}}],"line":29},"3":{"loc":{"start":{"line":34,"column":2},"end":{"line":34,"column":55}},"type":"if","locations":[{"start":{"line":34,"column":2},"end":{"line":34,"column":55}},{"start":{"line":34,"column":2},"end":{"line":34,"column":55}}],"line":34},"4":{"loc":{"start":{"line":34,"column":6},"end":{"line":34,"column":40}},"type":"binary-expr","locations":[{"start":{"line":34,"column":6},"end":{"line":34,"column":12}},{"start":{"line":34,"column":16},"end":{"line":34,"column":40}}],"line":34},"5":{"loc":{"start":{"line":45,"column":4},"end":{"line":50,"column":42}},"type":"binary-expr","locations":[{"start":{"line":45,"column":4},"end":{"line":50,"column":27}},{"start":{"line":50,"column":31},"end":{"line":50,"column":42}}],"line":45}},"s":{"0":1,"1":1,"2":1,"3":1,"4":0,"5":1,"6":0,"7":1,"8":0,"9":0,"10":0,"11":0,"12":0,"13":0,"14":0,"15":1,"16":1,"17":0,"18":0,"19":0,"20":1,"21":0},"f":{"0":0,"1":0,"2":0,"3":0,"4":0},"b":{"0":[0,0],"1":[0,0],"2":[0,0],"3":[0,0],"4":[0,0],"5":[0,0]},"_coverageSchema":"1a1c01bbd47fc00a2c39e90264f33305004495a9","hash":"3cf1fa7646530cabec0e846d973a214ba644b9da"}
,"/Users/egill/ylhyra/src/app/app/store.js": {"path":"/Users/egill/ylhyra/src/app/app/store.js","statementMap":{"0":{"start":{"line":16,"column":25},"end":{"line":16,"column":27}},"1":{"start":{"line":17,"column":0},"end":{"line":24,"column":1}},"2":{"start":{"line":18,"column":27},"end":{"line":18,"column":50}},"3":{"start":{"line":19,"column":2},"end":{"line":23,"column":4}},"4":{"start":{"line":26,"column":14},"end":{"line":48,"column":1}},"5":{"start":{"line":52,"column":0},"end":{"line":54,"column":1}},"6":{"start":{"line":53,"column":2},"end":{"line":53,"column":23}}},"fnMap":{},"branchMap":{"0":{"loc":{"start":{"line":17,"column":0},"end":{"line":24,"column":1}},"type":"if","locations":[{"start":{"line":17,"column":0},"end":{"line":24,"column":1}},{"start":{"line":17,"column":0},"end":{"line":24,"column":1}}],"line":17},"1":{"loc":{"start":{"line":52,"column":0},"end":{"line":54,"column":1}},"type":"if","locations":[{"start":{"line":52,"column":0},"end":{"line":54,"column":1}},{"start":{"line":52,"column":0},"end":{"line":54,"column":1}}],"line":52}},"s":{"0":1,"1":1,"2":0,"3":0,"4":1,"5":1,"6":1},"f":{},"b":{"0":[0,1],"1":[1,0]},"_coverageSchema":"1a1c01bbd47fc00a2c39e90264f33305004495a9","hash":"6a1281fab56dfa6c086f22e6c0d78617e9b1e8c1"}
,"/Users/egill/ylhyra/src/app/app/error/index.js": {"path":"/Users/egill/ylhyra/src/app/app/error/index.js","statementMap":{"0":{"start":{"line":7,"column":21},"end":{"line":14,"column":1}},"1":{"start":{"line":8,"column":2},"end":{"line":8,"column":32}},"2":{"start":{"line":8,"column":20},"end":{"line":8,"column":32}},"3":{"start":{"line":9,"column":20},"end":{"line":9,"column":31}},"4":{"start":{"line":10,"column":2},"end":{"line":12,"column":3}},"5":{"start":{"line":11,"column":4},"end":{"line":11,"column":32}},"6":{"start":{"line":13,"column":2},"end":{"line":13,"column":61}},"7":{"start":{"line":16,"column":35},"end":{"line":18,"column":1}},"8":{"start":{"line":20,"column":22},"end":{"line":29,"column":1}},"9":{"start":{"line":21,"column":2},"end":{"line":21,"column":24}},"10":{"start":{"line":22,"column":2},"end":{"line":22,"column":27}},"11":{"start":{"line":23,"column":2},"end":{"line":28,"column":5}}},"fnMap":{"0":{"name":"(anonymous_0)","decl":{"start":{"line":7,"column":21},"end":{"line":7,"column":22}},"loc":{"start":{"line":7,"column":32},"end":{"line":14,"column":1}},"line":7},"1":{"name":"(anonymous_1)","decl":{"start":{"line":16,"column":23},"end":{"line":16,"column":24}},"loc":{"start":{"line":16,"column":35},"end":{"line":18,"column":1}},"line":16},"2":{"name":"(anonymous_2)","decl":{"start":{"line":20,"column":22},"end":{"line":20,"column":23}},"loc":{"start":{"line":20,"column":35},"end":{"line":29,"column":1}},"line":20}},"branchMap":{"0":{"loc":{"start":{"line":8,"column":2},"end":{"line":8,"column":32}},"type":"if","locations":[{"start":{"line":8,"column":2},"end":{"line":8,"column":32}},{"start":{"line":8,"column":2},"end":{"line":8,"column":32}}],"line":8},"1":{"loc":{"start":{"line":10,"column":2},"end":{"line":12,"column":3}},"type":"if","locations":[{"start":{"line":10,"column":2},"end":{"line":12,"column":3}},{"start":{"line":10,"column":2},"end":{"line":12,"column":3}}],"line":10}},"s":{"0":1,"1":0,"2":0,"3":0,"4":0,"5":0,"6":0,"7":0,"8":1,"9":0,"10":0,"11":0},"f":{"0":0,"1":0,"2":0},"b":{"0":[0,0],"1":[0,0]},"_coverageSchema":"1a1c01bbd47fc00a2c39e90264f33305004495a9","hash":"cb50566df8839bc5adf2541af9c512c138ca5017"}
,"/Users/egill/ylhyra/src/app/app/error/messages.js": {"path":"/Users/egill/ylhyra/src/app/app/error/messages.js","statementMap":{},"fnMap":{},"branchMap":{},"s":{},"f":{},"b":{},"_coverageSchema":"1a1c01bbd47fc00a2c39e90264f33305004495a9","hash":"4299323edbf51086ce9bd8af54eace1e542dc91d"}
,"/Users/egill/ylhyra/src/app/app/error/reducers.js": {"path":"/Users/egill/ylhyra/src/app/app/error/reducers.js","statementMap":{"0":{"start":{"line":2,"column":2},"end":{"line":7,"column":3}},"1":{"start":{"line":4,"column":6},"end":{"line":4,"column":28}},"2":{"start":{"line":6,"column":6},"end":{"line":6,"column":19}}},"fnMap":{"0":{"name":"(anonymous_0)","decl":{"start":{"line":1,"column":15},"end":{"line":1,"column":16}},"loc":{"start":{"line":1,"column":41},"end":{"line":8,"column":1}},"line":1}},"branchMap":{"0":{"loc":{"start":{"line":1,"column":16},"end":{"line":1,"column":28}},"type":"default-arg","locations":[{"start":{"line":1,"column":24},"end":{"line":1,"column":28}}],"line":1},"1":{"loc":{"start":{"line":2,"column":2},"end":{"line":7,"column":3}},"type":"switch","locations":[{"start":{"line":3,"column":4},"end":{"line":4,"column":28}},{"start":{"line":5,"column":4},"end":{"line":6,"column":19}}],"line":2}},"s":{"0":4,"1":0,"2":4},"f":{"0":4},"b":{"0":[3],"1":[0,4]},"_coverageSchema":"1a1c01bbd47fc00a2c39e90264f33305004495a9","hash":"d61065b32a76ab4c1e7e9d7fadd9b7025e5b1305"}
,"/Users/egill/ylhyra/src/app/app/functions/cookie.js": {"path":"/Users/egill/ylhyra/src/app/app/functions/cookie.js","statementMap":{"0":{"start":{"line":2,"column":16},"end":{"line":2,"column":18}},"1":{"start":{"line":3,"column":2},"end":{"line":7,"column":3}},"2":{"start":{"line":4,"column":15},"end":{"line":4,"column":25}},"3":{"start":{"line":5,"column":4},"end":{"line":5,"column":62}},"4":{"start":{"line":6,"column":4},"end":{"line":6,"column":48}},"5":{"start":{"line":8,"column":2},"end":{"line":9,"column":70}},"6":{"start":{"line":13,"column":15},"end":{"line":13,"column":25}},"7":{"start":{"line":14,"column":11},"end":{"line":14,"column":37}},"8":{"start":{"line":15,"column":2},"end":{"line":19,"column":3}},"9":{"start":{"line":15,"column":15},"end":{"line":15,"column":16}},"10":{"start":{"line":16,"column":12},"end":{"line":16,"column":17}},"11":{"start":{"line":17,"column":4},"end":{"line":17,"column":61}},"12":{"start":{"line":17,"column":32},"end":{"line":17,"column":61}},"13":{"start":{"line":18,"column":4},"end":{"line":18,"column":77}},"14":{"start":{"line":18,"column":33},"end":{"line":18,"column":77}},"15":{"start":{"line":20,"column":2},"end":{"line":20,"column":14}},"16":{"start":{"line":24,"column":2},"end":{"line":24,"column":51}}},"fnMap":{"0":{"name":"setCookie","decl":{"start":{"line":1,"column":16},"end":{"line":1,"column":25}},"loc":{"start":{"line":1,"column":54},"end":{"line":10,"column":1}},"line":1},"1":{"name":"getCookie","decl":{"start":{"line":12,"column":16},"end":{"line":12,"column":25}},"loc":{"start":{"line":12,"column":32},"end":{"line":21,"column":1}},"line":12},"2":{"name":"eraseCookie","decl":{"start":{"line":23,"column":16},"end":{"line":23,"column":27}},"loc":{"start":{"line":23,"column":34},"end":{"line":25,"column":1}},"line":23}},"branchMap":{"0":{"loc":{"start":{"line":3,"column":2},"end":{"line":7,"column":3}},"type":"if","locations":[{"start":{"line":3,"column":2},"end":{"line":7,"column":3}},{"start":{"line":3,"column":2},"end":{"line":7,"column":3}}],"line":3},"1":{"loc":{"start":{"line":9,"column":18},"end":{"line":9,"column":29}},"type":"binary-expr","locations":[{"start":{"line":9,"column":18},"end":{"line":9,"column":23}},{"start":{"line":9,"column":27},"end":{"line":9,"column":29}}],"line":9},"2":{"loc":{"start":{"line":9,"column":47},"end":{"line":9,"column":60}},"type":"binary-expr","locations":[{"start":{"line":9,"column":47},"end":{"line":9,"column":54}},{"start":{"line":9,"column":58},"end":{"line":9,"column":60}}],"line":9},"3":{"loc":{"start":{"line":18,"column":4},"end":{"line":18,"column":77}},"type":"if","locations":[{"start":{"line":18,"column":4},"end":{"line":18,"column":77}},{"start":{"line":18,"column":4},"end":{"line":18,"column":77}}],"line":18}},"s":{"0":0,"1":0,"2":0,"3":0,"4":0,"5":0,"6":1,"7":1,"8":1,"9":1,"10":1,"11":1,"12":0,"13":1,"14":0,"15":1,"16":0},"f":{"0":0,"1":1,"2":0},"b":{"0":[0,0],"1":[0,0],"2":[0,0],"3":[0,1]},"_coverageSchema":"1a1c01bbd47fc00a2c39e90264f33305004495a9","hash":"eaef44185104de4c3f2b03df13f9872992c2ebd1"}
,"/Users/egill/ylhyra/src/app/app/functions/extendPrototype.js": {"path":"/Users/egill/ylhyra/src/app/app/functions/extendPrototype.js","statementMap":{"0":{"start":{"line":7,"column":31},"end":{"line":16,"column":1}},"1":{"start":{"line":11,"column":2},"end":{"line":15,"column":5}},"2":{"start":{"line":12,"column":4},"end":{"line":14,"column":5}},"3":{"start":{"line":13,"column":6},"end":{"line":13,"column":43}}},"fnMap":{"0":{"name":"(anonymous_0)","decl":{"start":{"line":7,"column":31},"end":{"line":7,"column":32}},"loc":{"start":{"line":10,"column":5},"end":{"line":16,"column":1}},"line":10},"1":{"name":"(anonymous_1)","decl":{"start":{"line":11,"column":37},"end":{"line":11,"column":38}},"loc":{"start":{"line":11,"column":53},"end":{"line":15,"column":3}},"line":11}},"branchMap":{},"s":{"0":1,"1":2,"2":12,"3":21},"f":{"0":2,"1":12},"b":{},"_coverageSchema":"1a1c01bbd47fc00a2c39e90264f33305004495a9","hash":"38951cd9429259f32129120f3010a5e82b71acf5"}
,"/Users/egill/ylhyra/src/app/app/functions/hash.js": {"path":"/Users/egill/ylhyra/src/app/app/functions/hash.js","statementMap":{"0":{"start":{"line":5,"column":2},"end":{"line":9,"column":3}},"1":{"start":{"line":6,"column":4},"end":{"line":6,"column":36}},"2":{"start":{"line":7,"column":9},"end":{"line":9,"column":3}},"3":{"start":{"line":8,"column":4},"end":{"line":8,"column":34}},"4":{"start":{"line":10,"column":2},"end":{"line":10,"column":34}}},"fnMap":{"0":{"name":"(anonymous_0)","decl":{"start":{"line":4,"column":15},"end":{"line":4,"column":16}},"loc":{"start":{"line":4,"column":32},"end":{"line":11,"column":1}},"line":4}},"branchMap":{"0":{"loc":{"start":{"line":5,"column":2},"end":{"line":9,"column":3}},"type":"if","locations":[{"start":{"line":5,"column":2},"end":{"line":9,"column":3}},{"start":{"line":5,"column":2},"end":{"line":9,"column":3}}],"line":5},"1":{"loc":{"start":{"line":7,"column":9},"end":{"line":9,"column":3}},"type":"if","locations":[{"start":{"line":7,"column":9},"end":{"line":9,"column":3}},{"start":{"line":7,"column":9},"end":{"line":9,"column":3}}],"line":7}},"s":{"0":1,"1":0,"2":1,"3":0,"4":1},"f":{"0":1},"b":{"0":[0,1],"1":[0,1]},"_coverageSchema":"1a1c01bbd47fc00a2c39e90264f33305004495a9","hash":"a834c14a26785509ba18f50c801378e0da7d6a81"}
,"/Users/egill/ylhyra/src/app/app/functions/isBrowser.js": {"path":"/Users/egill/ylhyra/src/app/app/functions/isBrowser.js","statementMap":{"0":{"start":{"line":1,"column":25},"end":{"line":1,"column":54}},"1":{"start":{"line":2,"column":31},"end":{"line":2,"column":79}},"2":{"start":{"line":4,"column":2},"end":{"line":4,"column":71}}},"fnMap":{},"branchMap":{"0":{"loc":{"start":{"line":2,"column":31},"end":{"line":2,"column":79}},"type":"binary-expr","locations":[{"start":{"line":2,"column":31},"end":{"line":2,"column":40}},{"start":{"line":2,"column":44},"end":{"line":2,"column":79}}],"line":2},"1":{"loc":{"start":{"line":4,"column":2},"end":{"line":4,"column":71}},"type":"binary-expr","locations":[{"start":{"line":4,"column":2},"end":{"line":4,"column":11}},{"start":{"line":4,"column":16},"end":{"line":4,"column":40}},{"start":{"line":4,"column":44},"end":{"line":4,"column":70}}],"line":4}},"s":{"0":1,"1":1,"2":1},"f":{},"b":{"0":[1,1],"1":[1,1,1]},"_coverageSchema":"1a1c01bbd47fc00a2c39e90264f33305004495a9","hash":"a48458f1dd1b6e4f2e3c4a99f67f9ec0627283ee"}
,"/Users/egill/ylhyra/src/app/app/functions/isDev.js": {"path":"/Users/egill/ylhyra/src/app/app/functions/isDev.js","statementMap":{"0":{"start":{"line":1,"column":21},"end":{"line":1,"column":59}}},"fnMap":{},"branchMap":{},"s":{"0":1},"f":{},"b":{},"_coverageSchema":"1a1c01bbd47fc00a2c39e90264f33305004495a9","hash":"0c5596acf73b314001d36d61e6a8dd392916b3c5"}
,"/Users/egill/ylhyra/src/app/app/functions/localStorage.js": {"path":"/Users/egill/ylhyra/src/app/app/functions/localStorage.js","statementMap":{"0":{"start":{"line":3,"column":44},"end":{"line":3,"column":48}},"1":{"start":{"line":5,"column":24},"end":{"line":10,"column":1}},"2":{"start":{"line":13,"column":34},"end":{"line":32,"column":1}},"3":{"start":{"line":14,"column":2},"end":{"line":14,"column":25}},"4":{"start":{"line":14,"column":18},"end":{"line":14,"column":25}},"5":{"start":{"line":16,"column":2},"end":{"line":20,"column":3}},"6":{"start":{"line":17,"column":4},"end":{"line":17,"column":14}},"7":{"start":{"line":19,"column":4},"end":{"line":19,"column":33}},"8":{"start":{"line":30,"column":2},"end":{"line":30,"column":35}},"9":{"start":{"line":34,"column":35},"end":{"line":48,"column":1}},"10":{"start":{"line":35,"column":2},"end":{"line":35,"column":25}},"11":{"start":{"line":35,"column":18},"end":{"line":35,"column":25}},"12":{"start":{"line":36,"column":13},"end":{"line":36,"column":39}},"13":{"start":{"line":37,"column":2},"end":{"line":37,"column":25}},"14":{"start":{"line":37,"column":13},"end":{"line":37,"column":25}},"15":{"start":{"line":43,"column":2},"end":{"line":47,"column":3}},"16":{"start":{"line":44,"column":4},"end":{"line":44,"column":28}},"17":{"start":{"line":46,"column":4},"end":{"line":46,"column":16}}},"fnMap":{"0":{"name":"(anonymous_0)","decl":{"start":{"line":13,"column":34},"end":{"line":13,"column":35}},"loc":{"start":{"line":13,"column":51},"end":{"line":32,"column":1}},"line":13},"1":{"name":"(anonymous_1)","decl":{"start":{"line":34,"column":35},"end":{"line":34,"column":36}},"loc":{"start":{"line":34,"column":45},"end":{"line":48,"column":1}},"line":34}},"branchMap":{"0":{"loc":{"start":{"line":14,"column":2},"end":{"line":14,"column":25}},"type":"if","locations":[{"start":{"line":14,"column":2},"end":{"line":14,"column":25}},{"start":{"line":14,"column":2},"end":{"line":14,"column":25}}],"line":14},"1":{"loc":{"start":{"line":16,"column":2},"end":{"line":20,"column":3}},"type":"if","locations":[{"start":{"line":16,"column":2},"end":{"line":20,"column":3}},{"start":{"line":16,"column":2},"end":{"line":20,"column":3}}],"line":16},"2":{"loc":{"start":{"line":16,"column":6},"end":{"line":16,"column":60}},"type":"binary-expr","locations":[{"start":{"line":16,"column":6},"end":{"line":16,"column":12}},{"start":{"line":16,"column":17},"end":{"line":16,"column":37}},{"start":{"line":16,"column":41},"end":{"line":16,"column":59}}],"line":16},"3":{"loc":{"start":{"line":35,"column":2},"end":{"line":35,"column":25}},"type":"if","locations":[{"start":{"line":35,"column":2},"end":{"line":35,"column":25}},{"start":{"line":35,"column":2},"end":{"line":35,"column":25}}],"line":35},"4":{"loc":{"start":{"line":37,"column":2},"end":{"line":37,"column":25}},"type":"if","locations":[{"start":{"line":37,"column":2},"end":{"line":37,"column":25}},{"start":{"line":37,"column":2},"end":{"line":37,"column":25}}],"line":37}},"s":{"0":1,"1":1,"2":1,"3":0,"4":0,"5":0,"6":0,"7":0,"8":0,"9":1,"10":8,"11":0,"12":8,"13":8,"14":8,"15":0,"16":0,"17":0},"f":{"0":0,"1":8},"b":{"0":[0,0],"1":[0,0],"2":[0,0,0],"3":[0,8],"4":[8,0]},"_coverageSchema":"1a1c01bbd47fc00a2c39e90264f33305004495a9","hash":"145e37ecaae655749f6c391c003d5ef5a8693476"}
,"/Users/egill/ylhyra/src/app/app/functions/log.js": {"path":"/Users/egill/ylhyra/src/app/app/functions/log.js","statementMap":{"0":{"start":{"line":8,"column":19},"end":{"line":16,"column":1}},"1":{"start":{"line":9,"column":2},"end":{"line":15,"column":5}},"2":{"start":{"line":10,"column":4},"end":{"line":14,"column":5}},"3":{"start":{"line":11,"column":6},"end":{"line":11,"column":50}},"4":{"start":{"line":13,"column":6},"end":{"line":13,"column":24}},"5":{"start":{"line":21,"column":22},"end":{"line":25,"column":1}},"6":{"start":{"line":22,"column":2},"end":{"line":24,"column":3}},"7":{"start":{"line":23,"column":4},"end":{"line":23,"column":18}}},"fnMap":{"0":{"name":"(anonymous_0)","decl":{"start":{"line":8,"column":19},"end":{"line":8,"column":20}},"loc":{"start":{"line":8,"column":33},"end":{"line":16,"column":1}},"line":8},"1":{"name":"(anonymous_1)","decl":{"start":{"line":9,"column":16},"end":{"line":9,"column":17}},"loc":{"start":{"line":9,"column":26},"end":{"line":15,"column":3}},"line":9},"2":{"name":"(anonymous_2)","decl":{"start":{"line":21,"column":22},"end":{"line":21,"column":23}},"loc":{"start":{"line":21,"column":36},"end":{"line":25,"column":1}},"line":21}},"branchMap":{"0":{"loc":{"start":{"line":10,"column":4},"end":{"line":14,"column":5}},"type":"if","locations":[{"start":{"line":10,"column":4},"end":{"line":14,"column":5}},{"start":{"line":10,"column":4},"end":{"line":14,"column":5}}],"line":10},"1":{"loc":{"start":{"line":10,"column":8},"end":{"line":10,"column":45}},"type":"binary-expr","locations":[{"start":{"line":10,"column":8},"end":{"line":10,"column":32}},{"start":{"line":10,"column":36},"end":{"line":10,"column":45}}],"line":10},"2":{"loc":{"start":{"line":22,"column":2},"end":{"line":24,"column":3}},"type":"if","locations":[{"start":{"line":22,"column":2},"end":{"line":24,"column":3}},{"start":{"line":22,"column":2},"end":{"line":24,"column":3}}],"line":22}},"s":{"0":1,"1":2,"2":2,"3":2,"4":0,"5":1,"6":0,"7":0},"f":{"0":2,"1":2,"2":0},"b":{"0":[2,0],"1":[2,2],"2":[0,0]},"_coverageSchema":"1a1c01bbd47fc00a2c39e90264f33305004495a9","hash":"9bf349ee552457040ea5d6da107e4654f9d5b53b"}
,"/Users/egill/ylhyra/src/app/app/functions/math.js": {"path":"/Users/egill/ylhyra/src/app/app/functions/math.js","statementMap":{"0":{"start":{"line":1,"column":23},"end":{"line":4,"column":1}},"1":{"start":{"line":2,"column":2},"end":{"line":2,"column":33}},"2":{"start":{"line":2,"column":24},"end":{"line":2,"column":33}},"3":{"start":{"line":3,"column":2},"end":{"line":3,"column":53}},"4":{"start":{"line":3,"column":30},"end":{"line":3,"column":35}},"5":{"start":{"line":6,"column":21},"end":{"line":8,"column":1}},"6":{"start":{"line":7,"column":2},"end":{"line":7,"column":45}},"7":{"start":{"line":10,"column":31},"end":{"line":24,"column":1}},"8":{"start":{"line":18,"column":16},"end":{"line":18,"column":67}},"9":{"start":{"line":19,"column":17},"end":{"line":19,"column":59}},"10":{"start":{"line":20,"column":2},"end":{"line":22,"column":3}},"11":{"start":{"line":21,"column":4},"end":{"line":21,"column":49}},"12":{"start":{"line":23,"column":2},"end":{"line":23,"column":16}},"13":{"start":{"line":26,"column":30},"end":{"line":28,"column":1}},"14":{"start":{"line":27,"column":2},"end":{"line":27,"column":45}},"15":{"start":{"line":33,"column":33},"end":{"line":35,"column":1}},"16":{"start":{"line":34,"column":2},"end":{"line":34,"column":60}},"17":{"start":{"line":37,"column":31},"end":{"line":39,"column":1}},"18":{"start":{"line":38,"column":2},"end":{"line":38,"column":43}},"19":{"start":{"line":41,"column":40},"end":{"line":44,"column":1}},"20":{"start":{"line":42,"column":12},"end":{"line":42,"column":24}},"21":{"start":{"line":43,"column":2},"end":{"line":43,"column":35}}},"fnMap":{"0":{"name":"(anonymous_0)","decl":{"start":{"line":1,"column":23},"end":{"line":1,"column":24}},"loc":{"start":{"line":1,"column":37},"end":{"line":4,"column":1}},"line":1},"1":{"name":"(anonymous_1)","decl":{"start":{"line":3,"column":20},"end":{"line":3,"column":21}},"loc":{"start":{"line":3,"column":30},"end":{"line":3,"column":35}},"line":3},"2":{"name":"(anonymous_2)","decl":{"start":{"line":6,"column":21},"end":{"line":6,"column":22}},"loc":{"start":{"line":6,"column":48},"end":{"line":8,"column":1}},"line":6},"3":{"name":"(anonymous_3)","decl":{"start":{"line":10,"column":31},"end":{"line":10,"column":32}},"loc":{"start":{"line":17,"column":6},"end":{"line":24,"column":1}},"line":17},"4":{"name":"(anonymous_4)","decl":{"start":{"line":26,"column":30},"end":{"line":26,"column":31}},"loc":{"start":{"line":26,"column":45},"end":{"line":28,"column":1}},"line":26},"5":{"name":"(anonymous_5)","decl":{"start":{"line":33,"column":33},"end":{"line":33,"column":34}},"loc":{"start":{"line":33,"column":58},"end":{"line":35,"column":1}},"line":33},"6":{"name":"(anonymous_6)","decl":{"start":{"line":37,"column":31},"end":{"line":37,"column":32}},"loc":{"start":{"line":37,"column":47},"end":{"line":39,"column":1}},"line":37},"7":{"name":"(anonymous_7)","decl":{"start":{"line":41,"column":40},"end":{"line":41,"column":41}},"loc":{"start":{"line":41,"column":63},"end":{"line":44,"column":1}},"line":41}},"branchMap":{"0":{"loc":{"start":{"line":1,"column":24},"end":{"line":1,"column":32}},"type":"default-arg","locations":[{"start":{"line":1,"column":30},"end":{"line":1,"column":32}}],"line":1},"1":{"loc":{"start":{"line":2,"column":2},"end":{"line":2,"column":33}},"type":"if","locations":[{"start":{"line":2,"column":2},"end":{"line":2,"column":33}},{"start":{"line":2,"column":2},"end":{"line":2,"column":33}}],"line":2},"2":{"loc":{"start":{"line":20,"column":2},"end":{"line":22,"column":3}},"type":"if","locations":[{"start":{"line":20,"column":2},"end":{"line":22,"column":3}},{"start":{"line":20,"column":2},"end":{"line":22,"column":3}}],"line":20},"3":{"loc":{"start":{"line":33,"column":41},"end":{"line":33,"column":53}},"type":"default-arg","locations":[{"start":{"line":33,"column":50},"end":{"line":33,"column":53}}],"line":33},"4":{"loc":{"start":{"line":41,"column":48},"end":{"line":41,"column":58}},"type":"default-arg","locations":[{"start":{"line":41,"column":57},"end":{"line":41,"column":58}}],"line":41}},"s":{"0":1,"1":0,"2":0,"3":0,"4":0,"5":1,"6":0,"7":1,"8":0,"9":0,"10":0,"11":0,"12":0,"13":1,"14":0,"15":1,"16":0,"17":1,"18":0,"19":1,"20":0,"21":0},"f":{"0":0,"1":0,"2":0,"3":0,"4":0,"5":0,"6":0,"7":0},"b":{"0":[0],"1":[0,0],"2":[0,0],"3":[0],"4":[0]},"_coverageSchema":"1a1c01bbd47fc00a2c39e90264f33305004495a9","hash":"0939e73bb6b0c9c95f266cf95f01ee3c27a3db9a"}
,"/Users/egill/ylhyra/src/app/app/functions/no-undefined-in-template-literal.js": {"path":"/Users/egill/ylhyra/src/app/app/functions/no-undefined-in-template-literal.js","statementMap":{"0":{"start":{"line":5,"column":2},"end":{"line":16,"column":13}},"1":{"start":{"line":7,"column":18},"end":{"line":7,"column":31}},"2":{"start":{"line":8,"column":6},"end":{"line":10,"column":7}},"3":{"start":{"line":9,"column":8},"end":{"line":9,"column":31}},"4":{"start":{"line":11,"column":6},"end":{"line":13,"column":7}},"5":{"start":{"line":12,"column":8},"end":{"line":12,"column":19}},"6":{"start":{"line":14,"column":6},"end":{"line":14,"column":28}}},"fnMap":{"0":{"name":"(anonymous_0)","decl":{"start":{"line":4,"column":15},"end":{"line":4,"column":16}},"loc":{"start":{"line":5,"column":2},"end":{"line":16,"column":13}},"line":5},"1":{"name":"(anonymous_1)","decl":{"start":{"line":6,"column":9},"end":{"line":6,"column":10}},"loc":{"start":{"line":6,"column":28},"end":{"line":15,"column":5}},"line":6}},"branchMap":{"0":{"loc":{"start":{"line":8,"column":6},"end":{"line":10,"column":7}},"type":"if","locations":[{"start":{"line":8,"column":6},"end":{"line":10,"column":7}},{"start":{"line":8,"column":6},"end":{"line":10,"column":7}}],"line":8},"1":{"loc":{"start":{"line":11,"column":6},"end":{"line":13,"column":7}},"type":"if","locations":[{"start":{"line":11,"column":6},"end":{"line":13,"column":7}},{"start":{"line":11,"column":6},"end":{"line":13,"column":7}}],"line":11},"2":{"loc":{"start":{"line":11,"column":10},"end":{"line":11,"column":31}},"type":"binary-expr","locations":[{"start":{"line":11,"column":10},"end":{"line":11,"column":16}},{"start":{"line":11,"column":20},"end":{"line":11,"column":31}}],"line":11}},"s":{"0":0,"1":0,"2":0,"3":0,"4":0,"5":0,"6":0},"f":{"0":0,"1":0},"b":{"0":[0,0],"1":[0,0],"2":[0,0]},"_coverageSchema":"1a1c01bbd47fc00a2c39e90264f33305004495a9","hash":"88ba2dc4f5e63a719d831f25e57e11165743455e"}
,"/Users/egill/ylhyra/src/app/app/functions/shuffleLocally.js": {"path":"/Users/egill/ylhyra/src/app/app/functions/shuffleLocally.js","statementMap":{"0":{"start":{"line":9,"column":30},"end":{"line":15,"column":1}},"1":{"start":{"line":10,"column":12},"end":{"line":10,"column":14}},"2":{"start":{"line":11,"column":2},"end":{"line":13,"column":3}},"3":{"start":{"line":11,"column":15},"end":{"line":11,"column":16}},"4":{"start":{"line":12,"column":4},"end":{"line":12,"column":57}},"5":{"start":{"line":14,"column":2},"end":{"line":14,"column":13}}},"fnMap":{"0":{"name":"(anonymous_0)","decl":{"start":{"line":9,"column":30},"end":{"line":9,"column":31}},"loc":{"start":{"line":9,"column":53},"end":{"line":15,"column":1}},"line":9}},"branchMap":{"0":{"loc":{"start":{"line":9,"column":38},"end":{"line":9,"column":48}},"type":"default-arg","locations":[{"start":{"line":9,"column":46},"end":{"line":9,"column":48}}],"line":9}},"s":{"0":1,"1":0,"2":0,"3":0,"4":0,"5":0},"f":{"0":0},"b":{"0":[0]},"_coverageSchema":"1a1c01bbd47fc00a2c39e90264f33305004495a9","hash":"30718568d6f4688399d4ead9718650201a362cd5"}
,"/Users/egill/ylhyra/src/app/app/functions/sortByArray.js": {"path":"/Users/egill/ylhyra/src/app/app/functions/sortByArray.js","statementMap":{"0":{"start":{"line":1,"column":27},"end":{"line":9,"column":1}},"1":{"start":{"line":2,"column":2},"end":{"line":5,"column":3}},"2":{"start":{"line":3,"column":4},"end":{"line":3,"column":52}},"3":{"start":{"line":4,"column":4},"end":{"line":4,"column":17}},"4":{"start":{"line":6,"column":2},"end":{"line":8,"column":5}},"5":{"start":{"line":7,"column":4},"end":{"line":7,"column":63}}},"fnMap":{"0":{"name":"(anonymous_0)","decl":{"start":{"line":1,"column":27},"end":{"line":1,"column":28}},"loc":{"start":{"line":1,"column":59},"end":{"line":9,"column":1}},"line":1},"1":{"name":"(anonymous_1)","decl":{"start":{"line":6,"column":20},"end":{"line":6,"column":21}},"loc":{"start":{"line":6,"column":30},"end":{"line":8,"column":3}},"line":6}},"branchMap":{"0":{"loc":{"start":{"line":2,"column":2},"end":{"line":5,"column":3}},"type":"if","locations":[{"start":{"line":2,"column":2},"end":{"line":5,"column":3}},{"start":{"line":2,"column":2},"end":{"line":5,"column":3}}],"line":2}},"s":{"0":1,"1":0,"2":0,"3":0,"4":0,"5":0},"f":{"0":0,"1":0},"b":{"0":[0,0]},"_coverageSchema":"1a1c01bbd47fc00a2c39e90264f33305004495a9","hash":"f32e921fd0106bbb5720ebe966789102467d0a1c"}
,"/Users/egill/ylhyra/src/app/app/functions/time.js": {"path":"/Users/egill/ylhyra/src/app/app/functions/time.js","statementMap":{"0":{"start":{"line":10,"column":17},"end":{"line":10,"column":31}},"1":{"start":{"line":12,"column":16},"end":{"line":12,"column":29}},"2":{"start":{"line":14,"column":19},"end":{"line":14,"column":26}},"3":{"start":{"line":15,"column":20},"end":{"line":15,"column":23}},"4":{"start":{"line":17,"column":20},"end":{"line":17,"column":28}},"5":{"start":{"line":18,"column":21},"end":{"line":18,"column":25}},"6":{"start":{"line":20,"column":22},"end":{"line":20,"column":31}},"7":{"start":{"line":21,"column":23},"end":{"line":21,"column":29}},"8":{"start":{"line":26,"column":23},"end":{"line":28,"column":1}},"9":{"start":{"line":27,"column":2},"end":{"line":27,"column":30}},"10":{"start":{"line":34,"column":24},"end":{"line":34,"column":50}},"11":{"start":{"line":34,"column":35},"end":{"line":34,"column":50}},"12":{"start":{"line":40,"column":24},"end":{"line":40,"column":50}},"13":{"start":{"line":40,"column":35},"end":{"line":40,"column":50}},"14":{"start":{"line":46,"column":21},"end":{"line":46,"column":56}},"15":{"start":{"line":46,"column":32},"end":{"line":46,"column":56}},"16":{"start":{"line":52,"column":29},"end":{"line":52,"column":72}},"17":{"start":{"line":52,"column":40},"end":{"line":52,"column":72}}},"fnMap":{"0":{"name":"(anonymous_0)","decl":{"start":{"line":26,"column":23},"end":{"line":26,"column":24}},"loc":{"start":{"line":26,"column":29},"end":{"line":28,"column":1}},"line":26},"1":{"name":"(anonymous_1)","decl":{"start":{"line":34,"column":24},"end":{"line":34,"column":25}},"loc":{"start":{"line":34,"column":35},"end":{"line":34,"column":50}},"line":34},"2":{"name":"(anonymous_2)","decl":{"start":{"line":40,"column":24},"end":{"line":40,"column":25}},"loc":{"start":{"line":40,"column":35},"end":{"line":40,"column":50}},"line":40},"3":{"name":"(anonymous_3)","decl":{"start":{"line":46,"column":21},"end":{"line":46,"column":22}},"loc":{"start":{"line":46,"column":32},"end":{"line":46,"column":56}},"line":46},"4":{"name":"(anonymous_4)","decl":{"start":{"line":52,"column":29},"end":{"line":52,"column":30}},"loc":{"start":{"line":52,"column":40},"end":{"line":52,"column":72}},"line":52}},"branchMap":{},"s":{"0":1,"1":1,"2":1,"3":1,"4":1,"5":1,"6":1,"7":1,"8":1,"9":3,"10":1,"11":0,"12":1,"13":0,"14":1,"15":0,"16":1,"17":0},"f":{"0":3,"1":0,"2":0,"3":0,"4":0},"b":{},"_coverageSchema":"1a1c01bbd47fc00a2c39e90264f33305004495a9","hash":"d6e11bb422c4eda034556383a699636256a236df"}
,"/Users/egill/ylhyra/src/app/app/functions/languageProcessing/phoneticHash.ts": {"path":"/Users/egill/ylhyra/src/app/app/functions/languageProcessing/phoneticHash.ts","statementMap":{"0":{"start":{"line":10,"column":2},"end":{"line":10,"column":27}},"1":{"start":{"line":10,"column":15},"end":{"line":10,"column":27}},"2":{"start":{"line":11,"column":2},"end":{"line":42,"column":4}}},"fnMap":{"0":{"name":"(anonymous_0)","decl":{"start":{"line":9,"column":15},"end":{"line":9,"column":16}},"loc":{"start":{"line":9,"column":43},"end":{"line":43,"column":1}},"line":9}},"branchMap":{"0":{"loc":{"start":{"line":10,"column":2},"end":{"line":10,"column":27}},"type":"if","locations":[{"start":{"line":10,"column":2},"end":{"line":10,"column":27}},{"start":{"line":10,"column":2},"end":{"line":10,"column":27}}],"line":10}},"s":{"0":28813,"1":0,"2":28813},"f":{"0":28813},"b":{"0":[0,28813]},"_coverageSchema":"1a1c01bbd47fc00a2c39e90264f33305004495a9","hash":"3920bfcf0d4e1e8530e2b70835d7d9a18bde7ac4"}
,"/Users/egill/ylhyra/src/app/app/functions/languageProcessing/regexes.js": {"path":"/Users/egill/ylhyra/src/app/app/functions/languageProcessing/regexes.js","statementMap":{"0":{"start":{"line":1,"column":26},"end":{"line":1,"column":50}},"1":{"start":{"line":2,"column":36},"end":{"line":2,"column":65}},"2":{"start":{"line":3,"column":44},"end":{"line":3,"column":76}}},"fnMap":{},"branchMap":{},"s":{"0":1,"1":1,"2":1},"f":{},"b":{},"_coverageSchema":"1a1c01bbd47fc00a2c39e90264f33305004495a9","hash":"4527993532aec7563865d9a4fac3c89fb24053e9"}
,"/Users/egill/ylhyra/src/app/app/functions/languageProcessing/removeDiacritics.ts": {"path":"/Users/egill/ylhyra/src/app/app/functions/languageProcessing/removeDiacritics.ts","statementMap":{"0":{"start":{"line":6,"column":32},"end":{"line":17,"column":1}},"1":{"start":{"line":7,"column":2},"end":{"line":7,"column":29}},"2":{"start":{"line":7,"column":15},"end":{"line":7,"column":29}},"3":{"start":{"line":8,"column":2},"end":{"line":16,"column":4}},"4":{"start":{"line":19,"column":32},"end":{"line":22,"column":1}},"5":{"start":{"line":20,"column":2},"end":{"line":20,"column":29}},"6":{"start":{"line":20,"column":15},"end":{"line":20,"column":29}},"7":{"start":{"line":21,"column":2},"end":{"line":21,"column":54}}},"fnMap":{"0":{"name":"(anonymous_0)","decl":{"start":{"line":6,"column":32},"end":{"line":6,"column":33}},"loc":{"start":{"line":6,"column":60},"end":{"line":17,"column":1}},"line":6},"1":{"name":"(anonymous_1)","decl":{"start":{"line":19,"column":32},"end":{"line":19,"column":33}},"loc":{"start":{"line":19,"column":60},"end":{"line":22,"column":1}},"line":19}},"branchMap":{"0":{"loc":{"start":{"line":7,"column":2},"end":{"line":7,"column":29}},"type":"if","locations":[{"start":{"line":7,"column":2},"end":{"line":7,"column":29}},{"start":{"line":7,"column":2},"end":{"line":7,"column":29}}],"line":7},"1":{"loc":{"start":{"line":20,"column":2},"end":{"line":20,"column":29}},"type":"if","locations":[{"start":{"line":20,"column":2},"end":{"line":20,"column":29}},{"start":{"line":20,"column":2},"end":{"line":20,"column":29}}],"line":20}},"s":{"0":1,"1":28813,"2":0,"3":28813,"4":1,"5":28813,"6":0,"7":28813},"f":{"0":28813,"1":28813},"b":{"0":[0,28813],"1":[0,28813]},"_coverageSchema":"1a1c01bbd47fc00a2c39e90264f33305004495a9","hash":"af51a04eb894e3d757d3dc2dcb05ac2496ad835d"}
,"/Users/egill/ylhyra/src/app/router/Link.js": {"path":"/Users/egill/ylhyra/src/app/router/Link.js","statementMap":{"0":{"start":{"line":9,"column":14},"end":{"line":9,"column":23}},"1":{"start":{"line":12,"column":7},"end":{"line":20,"column":3}},"2":{"start":{"line":14,"column":4},"end":{"line":16,"column":5}},"3":{"start":{"line":15,"column":6},"end":{"line":15,"column":13}},"4":{"start":{"line":17,"column":4},"end":{"line":17,"column":51}},"5":{"start":{"line":17,"column":44},"end":{"line":17,"column":51}},"6":{"start":{"line":18,"column":4},"end":{"line":18,"column":23}},"7":{"start":{"line":19,"column":4},"end":{"line":19,"column":19}},"8":{"start":{"line":22,"column":55},"end":{"line":22,"column":65}},"9":{"start":{"line":23,"column":4},"end":{"line":23,"column":22}},"10":{"start":{"line":24,"column":4},"end":{"line":28,"column":5}},"11":{"start":{"line":25,"column":6},"end":{"line":25,"column":36}},"12":{"start":{"line":26,"column":6},"end":{"line":26,"column":20}},"13":{"start":{"line":27,"column":6},"end":{"line":27,"column":16}},"14":{"start":{"line":29,"column":4},"end":{"line":31,"column":5}},"15":{"start":{"line":30,"column":6},"end":{"line":30,"column":50}},"16":{"start":{"line":35,"column":4},"end":{"line":41,"column":5}},"17":{"start":{"line":40,"column":6},"end":{"line":40,"column":24}},"18":{"start":{"line":42,"column":4},"end":{"line":44,"column":5}},"19":{"start":{"line":43,"column":6},"end":{"line":43,"column":31}},"20":{"start":{"line":46,"column":4},"end":{"line":52,"column":5}},"21":{"start":{"line":47,"column":6},"end":{"line":51,"column":8}},"22":{"start":{"line":53,"column":4},"end":{"line":64,"column":5}},"23":{"start":{"line":54,"column":6},"end":{"line":63,"column":8}},"24":{"start":{"line":58,"column":26},"end":{"line":58,"column":42}},"25":{"start":{"line":59,"column":30},"end":{"line":59,"column":43}},"26":{"start":{"line":65,"column":4},"end":{"line":69,"column":6}},"27":{"start":{"line":72,"column":35},"end":{"line":74,"column":1}}},"fnMap":{"0":{"name":"(anonymous_0)","decl":{"start":{"line":12,"column":7},"end":{"line":12,"column":8}},"loc":{"start":{"line":12,"column":19},"end":{"line":20,"column":3}},"line":12},"1":{"name":"(anonymous_1)","decl":{"start":{"line":21,"column":2},"end":{"line":21,"column":3}},"loc":{"start":{"line":21,"column":11},"end":{"line":70,"column":3}},"line":21},"2":{"name":"(anonymous_2)","decl":{"start":{"line":58,"column":19},"end":{"line":58,"column":20}},"loc":{"start":{"line":58,"column":26},"end":{"line":58,"column":42}},"line":58},"3":{"name":"(anonymous_3)","decl":{"start":{"line":59,"column":24},"end":{"line":59,"column":25}},"loc":{"start":{"line":59,"column":30},"end":{"line":59,"column":43}},"line":59},"4":{"name":"(anonymous_4)","decl":{"start":{"line":72,"column":23},"end":{"line":72,"column":24}},"loc":{"start":{"line":72,"column":35},"end":{"line":74,"column":1}},"line":72}},"branchMap":{"0":{"loc":{"start":{"line":14,"column":4},"end":{"line":16,"column":5}},"type":"if","locations":[{"start":{"line":14,"column":4},"end":{"line":16,"column":5}},{"start":{"line":14,"column":4},"end":{"line":16,"column":5}}],"line":14},"1":{"loc":{"start":{"line":17,"column":4},"end":{"line":17,"column":51}},"type":"if","locations":[{"start":{"line":17,"column":4},"end":{"line":17,"column":51}},{"start":{"line":17,"column":4},"end":{"line":17,"column":51}}],"line":17},"2":{"loc":{"start":{"line":17,"column":8},"end":{"line":17,"column":42}},"type":"binary-expr","locations":[{"start":{"line":17,"column":8},"end":{"line":17,"column":16}},{"start":{"line":17,"column":20},"end":{"line":17,"column":29}},{"start":{"line":17,"column":33},"end":{"line":17,"column":42}}],"line":17},"3":{"loc":{"start":{"line":23,"column":11},"end":{"line":23,"column":21}},"type":"binary-expr","locations":[{"start":{"line":23,"column":11},"end":{"line":23,"column":15}},{"start":{"line":23,"column":19},"end":{"line":23,"column":21}}],"line":23},"4":{"loc":{"start":{"line":24,"column":4},"end":{"line":28,"column":5}},"type":"if","locations":[{"start":{"line":24,"column":4},"end":{"line":28,"column":5}},{"start":{"line":24,"column":4},"end":{"line":28,"column":5}}],"line":24},"5":{"loc":{"start":{"line":29,"column":4},"end":{"line":31,"column":5}},"type":"if","locations":[{"start":{"line":29,"column":4},"end":{"line":31,"column":5}},{"start":{"line":29,"column":4},"end":{"line":31,"column":5}}],"line":29},"6":{"loc":{"start":{"line":35,"column":4},"end":{"line":41,"column":5}},"type":"if","locations":[{"start":{"line":35,"column":4},"end":{"line":41,"column":5}},{"start":{"line":35,"column":4},"end":{"line":41,"column":5}}],"line":35},"7":{"loc":{"start":{"line":36,"column":6},"end":{"line":38,"column":27}},"type":"binary-expr","locations":[{"start":{"line":36,"column":6},"end":{"line":36,"column":27}},{"start":{"line":37,"column":6},"end":{"line":37,"column":28}},{"start":{"line":38,"column":6},"end":{"line":38,"column":27}}],"line":36},"8":{"loc":{"start":{"line":42,"column":4},"end":{"line":44,"column":5}},"type":"if","locations":[{"start":{"line":42,"column":4},"end":{"line":44,"column":5}},{"start":{"line":42,"column":4},"end":{"line":44,"column":5}}],"line":42},"9":{"loc":{"start":{"line":46,"column":4},"end":{"line":52,"column":5}},"type":"if","locations":[{"start":{"line":46,"column":4},"end":{"line":52,"column":5}},{"start":{"line":46,"column":4},"end":{"line":52,"column":5}}],"line":46},"10":{"loc":{"start":{"line":46,"column":8},"end":{"line":46,"column":65}},"type":"binary-expr","locations":[{"start":{"line":46,"column":9},"end":{"line":46,"column":32}},{"start":{"line":46,"column":36},"end":{"line":46,"column":55}},{"start":{"line":46,"column":60},"end":{"line":46,"column":65}}],"line":46},"11":{"loc":{"start":{"line":53,"column":4},"end":{"line":64,"column":5}},"type":"if","locations":[{"start":{"line":53,"column":4},"end":{"line":64,"column":5}},{"start":{"line":53,"column":4},"end":{"line":64,"column":5}}],"line":53}},"s":{"0":1,"1":0,"2":0,"3":0,"4":0,"5":0,"6":0,"7":0,"8":0,"9":0,"10":0,"11":0,"12":0,"13":0,"14":0,"15":0,"16":0,"17":0,"18":0,"19":0,"20":0,"21":0,"22":0,"23":0,"24":0,"25":0,"26":0,"27":0},"f":{"0":0,"1":0,"2":0,"3":0,"4":0},"b":{"0":[0,0],"1":[0,0],"2":[0,0,0],"3":[0,0],"4":[0,0],"5":[0,0],"6":[0,0],"7":[0,0,0],"8":[0,0],"9":[0,0],"10":[0,0,0],"11":[0,0]},"_coverageSchema":"1a1c01bbd47fc00a2c39e90264f33305004495a9","hash":"1d394a3cf5c0315e1a30dc78e28074e2c3a8ad15"}
,"/Users/egill/ylhyra/src/app/router/appUrls.js": {"path":"/Users/egill/ylhyra/src/app/router/appUrls.js","statementMap":{"0":{"start":{"line":10,"column":24},"end":{"line":30,"column":1}},"1":{"start":{"line":32,"column":0},"end":{"line":49,"column":1}},"2":{"start":{"line":33,"column":2},"end":{"line":40,"column":4}},"3":{"start":{"line":35,"column":6},"end":{"line":38,"column":7}},"4":{"start":{"line":41,"column":2},"end":{"line":48,"column":4}},"5":{"start":{"line":43,"column":6},"end":{"line":46,"column":7}}},"fnMap":{"0":{"name":"(anonymous_0)","decl":{"start":{"line":34,"column":26},"end":{"line":34,"column":27}},"loc":{"start":{"line":35,"column":6},"end":{"line":38,"column":7}},"line":35},"1":{"name":"(anonymous_1)","decl":{"start":{"line":42,"column":26},"end":{"line":42,"column":27}},"loc":{"start":{"line":43,"column":6},"end":{"line":46,"column":7}},"line":43}},"branchMap":{"0":{"loc":{"start":{"line":32,"column":0},"end":{"line":49,"column":1}},"type":"if","locations":[{"start":{"line":32,"column":0},"end":{"line":49,"column":1}},{"start":{"line":32,"column":0},"end":{"line":49,"column":1}}],"line":32},"1":{"loc":{"start":{"line":32,"column":4},"end":{"line":32,"column":22}},"type":"binary-expr","locations":[{"start":{"line":32,"column":4},"end":{"line":32,"column":9}},{"start":{"line":32,"column":13},"end":{"line":32,"column":22}}],"line":32}},"s":{"0":1,"1":1,"2":0,"3":0,"4":0,"5":0},"f":{"0":0,"1":0},"b":{"0":[0,1],"1":[1,0]},"_coverageSchema":"1a1c01bbd47fc00a2c39e90264f33305004495a9","hash":"8ade845e67ed4185a029343806982ff06c22d6bc"}
,"/Users/egill/ylhyra/src/app/router/reducers.js": {"path":"/Users/egill/ylhyra/src/app/router/reducers.js","statementMap":{"0":{"start":{"line":3,"column":21},"end":{"line":23,"column":1}},"1":{"start":{"line":9,"column":2},"end":{"line":22,"column":3}},"2":{"start":{"line":11,"column":6},"end":{"line":14,"column":8}},"3":{"start":{"line":16,"column":6},"end":{"line":19,"column":8}},"4":{"start":{"line":21,"column":6},"end":{"line":21,"column":19}}},"fnMap":{"0":{"name":"(anonymous_0)","decl":{"start":{"line":3,"column":21},"end":{"line":3,"column":22}},"loc":{"start":{"line":8,"column":5},"end":{"line":23,"column":1}},"line":8}},"branchMap":{"0":{"loc":{"start":{"line":4,"column":2},"end":{"line":6,"column":3}},"type":"default-arg","locations":[{"start":{"line":4,"column":10},"end":{"line":6,"column":3}}],"line":4},"1":{"loc":{"start":{"line":5,"column":14},"end":{"line":5,"column":56}},"type":"cond-expr","locations":[{"start":{"line":5,"column":26},"end":{"line":5,"column":50}},{"start":{"line":5,"column":53},"end":{"line":5,"column":56}}],"line":5},"2":{"loc":{"start":{"line":9,"column":2},"end":{"line":22,"column":3}},"type":"switch","locations":[{"start":{"line":10,"column":4},"end":{"line":14,"column":8}},{"start":{"line":15,"column":4},"end":{"line":19,"column":8}},{"start":{"line":20,"column":4},"end":{"line":21,"column":19}}],"line":9}},"s":{"0":1,"1":4,"2":0,"3":0,"4":4},"f":{"0":4},"b":{"0":[3],"1":[3,0],"2":[0,0,4]},"_coverageSchema":"1a1c01bbd47fc00a2c39e90264f33305004495a9","hash":"db9f5425f61d6a910dd5f74edffb39ebccbbbafc"}
,"/Users/egill/ylhyra/src/app/router/actions/index.js": {"path":"/Users/egill/ylhyra/src/app/router/actions/index.js","statementMap":{"0":{"start":{"line":6,"column":0},"end":{"line":14,"column":1}},"1":{"start":{"line":7,"column":2},"end":{"line":7,"column":28}},"2":{"start":{"line":8,"column":2},"end":{"line":13,"column":5}},"3":{"start":{"line":10,"column":4},"end":{"line":12,"column":5}},"4":{"start":{"line":11,"column":6},"end":{"line":11,"column":65}},"5":{"start":{"line":15,"column":32},"end":{"line":22,"column":1}},"6":{"start":{"line":16,"column":20},"end":{"line":16,"column":26}},"7":{"start":{"line":17,"column":2},"end":{"line":21,"column":5}},"8":{"start":{"line":24,"column":40},"end":{"line":26,"column":1}},"9":{"start":{"line":25,"column":2},"end":{"line":25,"column":46}},"10":{"start":{"line":28,"column":31},"end":{"line":30,"column":1}},"11":{"start":{"line":29,"column":2},"end":{"line":29,"column":57}},"12":{"start":{"line":37,"column":21},"end":{"line":45,"column":1}},"13":{"start":{"line":38,"column":2},"end":{"line":38,"column":25}},"14":{"start":{"line":38,"column":18},"end":{"line":38,"column":25}},"15":{"start":{"line":39,"column":2},"end":{"line":43,"column":3}},"16":{"start":{"line":40,"column":4},"end":{"line":42,"column":66}},"17":{"start":{"line":44,"column":2},"end":{"line":44,"column":26}}},"fnMap":{"0":{"name":"(anonymous_0)","decl":{"start":{"line":8,"column":38},"end":{"line":8,"column":39}},"loc":{"start":{"line":8,"column":44},"end":{"line":13,"column":3}},"line":8},"1":{"name":"(anonymous_1)","decl":{"start":{"line":15,"column":32},"end":{"line":15,"column":33}},"loc":{"start":{"line":15,"column":47},"end":{"line":22,"column":1}},"line":15},"2":{"name":"(anonymous_2)","decl":{"start":{"line":24,"column":40},"end":{"line":24,"column":41}},"loc":{"start":{"line":24,"column":46},"end":{"line":26,"column":1}},"line":24},"3":{"name":"(anonymous_3)","decl":{"start":{"line":28,"column":31},"end":{"line":28,"column":32}},"loc":{"start":{"line":28,"column":37},"end":{"line":30,"column":1}},"line":28},"4":{"name":"(anonymous_4)","decl":{"start":{"line":37,"column":21},"end":{"line":37,"column":22}},"loc":{"start":{"line":37,"column":38},"end":{"line":45,"column":1}},"line":37}},"branchMap":{"0":{"loc":{"start":{"line":6,"column":0},"end":{"line":14,"column":1}},"type":"if","locations":[{"start":{"line":6,"column":0},"end":{"line":14,"column":1}},{"start":{"line":6,"column":0},"end":{"line":14,"column":1}}],"line":6},"1":{"loc":{"start":{"line":10,"column":4},"end":{"line":12,"column":5}},"type":"if","locations":[{"start":{"line":10,"column":4},"end":{"line":12,"column":5}},{"start":{"line":10,"column":4},"end":{"line":12,"column":5}}],"line":10},"2":{"loc":{"start":{"line":25,"column":9},"end":{"line":25,"column":45}},"type":"binary-expr","locations":[{"start":{"line":25,"column":9},"end":{"line":25,"column":25}},{"start":{"line":25,"column":29},"end":{"line":25,"column":45}}],"line":25},"3":{"loc":{"start":{"line":29,"column":9},"end":{"line":29,"column":56}},"type":"cond-expr","locations":[{"start":{"line":29,"column":38},"end":{"line":29,"column":50}},{"start":{"line":29,"column":53},"end":{"line":29,"column":56}}],"line":29},"4":{"loc":{"start":{"line":38,"column":2},"end":{"line":38,"column":25}},"type":"if","locations":[{"start":{"line":38,"column":2},"end":{"line":38,"column":25}},{"start":{"line":38,"column":2},"end":{"line":38,"column":25}}],"line":38},"5":{"loc":{"start":{"line":39,"column":2},"end":{"line":43,"column":3}},"type":"if","locations":[{"start":{"line":39,"column":2},"end":{"line":43,"column":3}},{"start":{"line":39,"column":2},"end":{"line":43,"column":3}}],"line":39},"6":{"loc":{"start":{"line":42,"column":31},"end":{"line":42,"column":64}},"type":"cond-expr","locations":[{"start":{"line":42,"column":45},"end":{"line":42,"column":52}},{"start":{"line":42,"column":55},"end":{"line":42,"column":64}}],"line":42}},"s":{"0":1,"1":1,"2":1,"3":0,"4":0,"5":1,"6":0,"7":0,"8":1,"9":0,"10":1,"11":0,"12":1,"13":0,"14":0,"15":0,"16":0,"17":0},"f":{"0":0,"1":0,"2":0,"3":0,"4":0},"b":{"0":[1,0],"1":[0,0],"2":[0,0],"3":[0,0],"4":[0,0],"5":[0,0],"6":[0,0]},"_coverageSchema":"1a1c01bbd47fc00a2c39e90264f33305004495a9","hash":"ab5da3c94c80404fdd7b1ebc4be24fa6614bc20f"}
,"/Users/egill/ylhyra/src/app/router/actions/load.js": {"path":"/Users/egill/ylhyra/src/app/router/actions/load.js","statementMap":{"0":{"start":{"line":11,"column":12},"end":{"line":11,"column":14}},"1":{"start":{"line":12,"column":18},"end":{"line":12,"column":23}},"2":{"start":{"line":13,"column":34},"end":{"line":15,"column":1}},"3":{"start":{"line":14,"column":2},"end":{"line":14,"column":20}},"4":{"start":{"line":17,"column":27},"end":{"line":65,"column":1}},"5":{"start":{"line":25,"column":2},"end":{"line":27,"column":3}},"6":{"start":{"line":26,"column":4},"end":{"line":26,"column":11}},"7":{"start":{"line":30,"column":2},"end":{"line":64,"column":3}},"8":{"start":{"line":31,"column":4},"end":{"line":31,"column":44}},"9":{"start":{"line":32,"column":4},"end":{"line":36,"column":7}},"10":{"start":{"line":37,"column":9},"end":{"line":64,"column":3}},"11":{"start":{"line":38,"column":4},"end":{"line":38,"column":79}},"12":{"start":{"line":40,"column":4},"end":{"line":42,"column":5}},"13":{"start":{"line":41,"column":6},"end":{"line":41,"column":24}},"14":{"start":{"line":43,"column":4},"end":{"line":63,"column":9}},"15":{"start":{"line":50,"column":8},"end":{"line":50,"column":26}},"16":{"start":{"line":51,"column":8},"end":{"line":53,"column":9}},"17":{"start":{"line":52,"column":10},"end":{"line":52,"column":73}},"18":{"start":{"line":56,"column":8},"end":{"line":56,"column":28}},"19":{"start":{"line":56,"column":21},"end":{"line":56,"column":28}},"20":{"start":{"line":57,"column":8},"end":{"line":62,"column":9}},"21":{"start":{"line":58,"column":10},"end":{"line":61,"column":13}},"22":{"start":{"line":67,"column":12},"end":{"line":134,"column":1}},"23":{"start":{"line":75,"column":2},"end":{"line":75,"column":34}},"24":{"start":{"line":76,"column":2},"end":{"line":76,"column":22}},"25":{"start":{"line":76,"column":15},"end":{"line":76,"column":22}},"26":{"start":{"line":78,"column":2},"end":{"line":109,"column":3}},"27":{"start":{"line":79,"column":4},"end":{"line":79,"column":25}},"28":{"start":{"line":80,"column":4},"end":{"line":80,"column":39}},"29":{"start":{"line":81,"column":9},"end":{"line":109,"column":3}},"30":{"start":{"line":83,"column":18},"end":{"line":88,"column":13}},"31":{"start":{"line":89,"column":16},"end":{"line":91,"column":6}},"32":{"start":{"line":92,"column":4},"end":{"line":92,"column":24}},"33":{"start":{"line":93,"column":4},"end":{"line":93,"column":38}},"34":{"start":{"line":97,"column":4},"end":{"line":105,"column":7}},"35":{"start":{"line":110,"column":2},"end":{"line":110,"column":30}},"36":{"start":{"line":112,"column":2},"end":{"line":118,"column":5}},"37":{"start":{"line":119,"column":2},"end":{"line":119,"column":32}},"38":{"start":{"line":121,"column":2},"end":{"line":123,"column":3}},"39":{"start":{"line":122,"column":4},"end":{"line":122,"column":23}},"40":{"start":{"line":127,"column":2},"end":{"line":127,"column":15}},"41":{"start":{"line":128,"column":2},"end":{"line":132,"column":5}},"42":{"start":{"line":133,"column":2},"end":{"line":133,"column":32}},"43":{"start":{"line":136,"column":23},"end":{"line":139,"column":1}},"44":{"start":{"line":137,"column":2},"end":{"line":137,"column":51}},"45":{"start":{"line":137,"column":44},"end":{"line":137,"column":51}},"46":{"start":{"line":138,"column":2},"end":{"line":138,"column":38}}},"fnMap":{"0":{"name":"(anonymous_0)","decl":{"start":{"line":13,"column":34},"end":{"line":13,"column":35}},"loc":{"start":{"line":13,"column":43},"end":{"line":15,"column":1}},"line":13},"1":{"name":"(anonymous_1)","decl":{"start":{"line":17,"column":27},"end":{"line":17,"column":28}},"loc":{"start":{"line":24,"column":6},"end":{"line":65,"column":1}},"line":24},"2":{"name":"(anonymous_2)","decl":{"start":{"line":49,"column":12},"end":{"line":49,"column":13}},"loc":{"start":{"line":49,"column":32},"end":{"line":54,"column":7}},"line":49},"3":{"name":"(anonymous_3)","decl":{"start":{"line":55,"column":13},"end":{"line":55,"column":14}},"loc":{"start":{"line":55,"column":24},"end":{"line":63,"column":7}},"line":55},"4":{"name":"(anonymous_4)","decl":{"start":{"line":67,"column":12},"end":{"line":67,"column":13}},"loc":{"start":{"line":74,"column":6},"end":{"line":134,"column":1}},"line":74},"5":{"name":"(anonymous_5)","decl":{"start":{"line":136,"column":23},"end":{"line":136,"column":24}},"loc":{"start":{"line":136,"column":32},"end":{"line":139,"column":1}},"line":136}},"branchMap":{"0":{"loc":{"start":{"line":25,"column":2},"end":{"line":27,"column":3}},"type":"if","locations":[{"start":{"line":25,"column":2},"end":{"line":27,"column":3}},{"start":{"line":25,"column":2},"end":{"line":27,"column":3}}],"line":25},"1":{"loc":{"start":{"line":25,"column":6},"end":{"line":25,"column":68}},"type":"binary-expr","locations":[{"start":{"line":25,"column":6},"end":{"line":25,"column":21}},{"start":{"line":25,"column":26},"end":{"line":25,"column":37}},{"start":{"line":25,"column":41},"end":{"line":25,"column":67}}],"line":25},"2":{"loc":{"start":{"line":30,"column":2},"end":{"line":64,"column":3}},"type":"if","locations":[{"start":{"line":30,"column":2},"end":{"line":64,"column":3}},{"start":{"line":30,"column":2},"end":{"line":64,"column":3}}],"line":30},"3":{"loc":{"start":{"line":37,"column":9},"end":{"line":64,"column":3}},"type":"if","locations":[{"start":{"line":37,"column":9},"end":{"line":64,"column":3}},{"start":{"line":37,"column":9},"end":{"line":64,"column":3}}],"line":37},"4":{"loc":{"start":{"line":40,"column":4},"end":{"line":42,"column":5}},"type":"if","locations":[{"start":{"line":40,"column":4},"end":{"line":42,"column":5}},{"start":{"line":40,"column":4},"end":{"line":42,"column":5}}],"line":40},"5":{"loc":{"start":{"line":46,"column":17},"end":{"line":46,"column":76}},"type":"binary-expr","locations":[{"start":{"line":46,"column":17},"end":{"line":46,"column":69}},{"start":{"line":46,"column":73},"end":{"line":46,"column":76}}],"line":46},"6":{"loc":{"start":{"line":51,"column":8},"end":{"line":53,"column":9}},"type":"if","locations":[{"start":{"line":51,"column":8},"end":{"line":53,"column":9}},{"start":{"line":51,"column":8},"end":{"line":53,"column":9}}],"line":51},"7":{"loc":{"start":{"line":56,"column":8},"end":{"line":56,"column":28}},"type":"if","locations":[{"start":{"line":56,"column":8},"end":{"line":56,"column":28}},{"start":{"line":56,"column":8},"end":{"line":56,"column":28}}],"line":56},"8":{"loc":{"start":{"line":57,"column":8},"end":{"line":62,"column":9}},"type":"if","locations":[{"start":{"line":57,"column":8},"end":{"line":62,"column":9}},{"start":{"line":57,"column":8},"end":{"line":62,"column":9}}],"line":57},"9":{"loc":{"start":{"line":76,"column":2},"end":{"line":76,"column":22}},"type":"if","locations":[{"start":{"line":76,"column":2},"end":{"line":76,"column":22}},{"start":{"line":76,"column":2},"end":{"line":76,"column":22}}],"line":76},"10":{"loc":{"start":{"line":78,"column":2},"end":{"line":109,"column":3}},"type":"if","locations":[{"start":{"line":78,"column":2},"end":{"line":109,"column":3}},{"start":{"line":78,"column":2},"end":{"line":109,"column":3}}],"line":78},"11":{"loc":{"start":{"line":81,"column":9},"end":{"line":109,"column":3}},"type":"if","locations":[{"start":{"line":81,"column":9},"end":{"line":109,"column":3}},{"start":{"line":81,"column":9},"end":{"line":109,"column":3}}],"line":81},"12":{"loc":{"start":{"line":119,"column":8},"end":{"line":119,"column":31}},"type":"binary-expr","locations":[{"start":{"line":119,"column":8},"end":{"line":119,"column":24}},{"start":{"line":119,"column":28},"end":{"line":119,"column":31}}],"line":119},"13":{"loc":{"start":{"line":121,"column":2},"end":{"line":123,"column":3}},"type":"if","locations":[{"start":{"line":121,"column":2},"end":{"line":123,"column":3}},{"start":{"line":121,"column":2},"end":{"line":123,"column":3}}],"line":121},"14":{"loc":{"start":{"line":121,"column":6},"end":{"line":121,"column":47}},"type":"binary-expr","locations":[{"start":{"line":121,"column":6},"end":{"line":121,"column":17}},{"start":{"line":121,"column":21},"end":{"line":121,"column":47}}],"line":121},"15":{"loc":{"start":{"line":128,"column":19},"end":{"line":128,"column":47}},"type":"cond-expr","locations":[{"start":{"line":128,"column":29},"end":{"line":128,"column":42}},{"start":{"line":128,"column":45},"end":{"line":128,"column":47}}],"line":128},"16":{"loc":{"start":{"line":137,"column":2},"end":{"line":137,"column":51}},"type":"if","locations":[{"start":{"line":137,"column":2},"end":{"line":137,"column":51}},{"start":{"line":137,"column":2},"end":{"line":137,"column":51}}],"line":137}},"s":{"0":1,"1":1,"2":1,"3":0,"4":1,"5":0,"6":0,"7":0,"8":0,"9":0,"10":0,"11":0,"12":0,"13":0,"14":0,"15":0,"16":0,"17":0,"18":0,"19":0,"20":0,"21":0,"22":1,"23":0,"24":0,"25":0,"26":0,"27":0,"28":0,"29":0,"30":0,"31":0,"32":0,"33":0,"34":0,"35":0,"36":0,"37":0,"38":0,"39":0,"40":0,"41":0,"42":0,"43":1,"44":0,"45":0,"46":0},"f":{"0":0,"1":0,"2":0,"3":0,"4":0,"5":0},"b":{"0":[0,0],"1":[0,0,0],"2":[0,0],"3":[0,0],"4":[0,0],"5":[0,0],"6":[0,0],"7":[0,0],"8":[0,0],"9":[0,0],"10":[0,0],"11":[0,0],"12":[0,0],"13":[0,0],"14":[0,0],"15":[0,0],"16":[0,0]},"_coverageSchema":"1a1c01bbd47fc00a2c39e90264f33305004495a9","hash":"f45eb31a68d7c87b9cff05be6d1f3a3893806123"}
,"/Users/egill/ylhyra/src/app/router/actions/updateURL.js": {"path":"/Users/egill/ylhyra/src/app/router/actions/updateURL.js","statementMap":{"0":{"start":{"line":13,"column":4},"end":{"line":13,"column":11}},"1":{"start":{"line":14,"column":2},"end":{"line":16,"column":3}},"2":{"start":{"line":15,"column":4},"end":{"line":15,"column":29}},"3":{"start":{"line":18,"column":2},"end":{"line":18,"column":23}},"4":{"start":{"line":19,"column":30},"end":{"line":19,"column":44}},"5":{"start":{"line":21,"column":2},"end":{"line":26,"column":3}},"6":{"start":{"line":22,"column":4},"end":{"line":24,"column":5}},"7":{"start":{"line":23,"column":6},"end":{"line":23,"column":26}},"8":{"start":{"line":25,"column":4},"end":{"line":25,"column":11}},"9":{"start":{"line":28,"column":22},"end":{"line":28,"column":42}},"10":{"start":{"line":30,"column":2},"end":{"line":32,"column":3}},"11":{"start":{"line":31,"column":4},"end":{"line":31,"column":32}},"12":{"start":{"line":33,"column":2},"end":{"line":35,"column":3}},"13":{"start":{"line":34,"column":4},"end":{"line":34,"column":28}},"14":{"start":{"line":36,"column":2},"end":{"line":38,"column":3}},"15":{"start":{"line":37,"column":4},"end":{"line":37,"column":20}},"16":{"start":{"line":39,"column":2},"end":{"line":39,"column":23}},"17":{"start":{"line":40,"column":2},"end":{"line":40,"column":26}},"18":{"start":{"line":42,"column":2},"end":{"line":44,"column":3}},"19":{"start":{"line":43,"column":4},"end":{"line":43,"column":37}},"20":{"start":{"line":46,"column":2},"end":{"line":48,"column":3}},"21":{"start":{"line":47,"column":4},"end":{"line":47,"column":78}},"22":{"start":{"line":53,"column":2},"end":{"line":62,"column":3}},"23":{"start":{"line":54,"column":4},"end":{"line":59,"column":7}},"24":{"start":{"line":60,"column":4},"end":{"line":60,"column":65}},"25":{"start":{"line":61,"column":4},"end":{"line":61,"column":11}},"26":{"start":{"line":64,"column":2},"end":{"line":70,"column":3}},"27":{"start":{"line":65,"column":4},"end":{"line":68,"column":7}},"28":{"start":{"line":69,"column":4},"end":{"line":69,"column":11}},"29":{"start":{"line":72,"column":2},"end":{"line":78,"column":3}},"30":{"start":{"line":73,"column":4},"end":{"line":77,"column":5}},"31":{"start":{"line":74,"column":6},"end":{"line":74,"column":60}},"32":{"start":{"line":76,"column":6},"end":{"line":76,"column":57}},"33":{"start":{"line":80,"column":2},"end":{"line":87,"column":3}},"34":{"start":{"line":81,"column":4},"end":{"line":86,"column":7}},"35":{"start":{"line":89,"column":2},"end":{"line":103,"column":3}},"36":{"start":{"line":90,"column":4},"end":{"line":90,"column":26}},"37":{"start":{"line":91,"column":4},"end":{"line":97,"column":7}},"38":{"start":{"line":98,"column":4},"end":{"line":102,"column":5}},"39":{"start":{"line":99,"column":6},"end":{"line":99,"column":28}},"40":{"start":{"line":101,"column":6},"end":{"line":101,"column":26}},"41":{"start":{"line":106,"column":19},"end":{"line":110,"column":1}},"42":{"start":{"line":107,"column":2},"end":{"line":107,"column":46}},"43":{"start":{"line":108,"column":13},"end":{"line":108,"column":40}},"44":{"start":{"line":109,"column":2},"end":{"line":109,"column":23}}},"fnMap":{"0":{"name":"updateURL","decl":{"start":{"line":11,"column":22},"end":{"line":11,"column":31}},"loc":{"start":{"line":11,"column":51},"end":{"line":104,"column":1}},"line":11},"1":{"name":"(anonymous_1)","decl":{"start":{"line":106,"column":19},"end":{"line":106,"column":20}},"loc":{"start":{"line":106,"column":27},"end":{"line":110,"column":1}},"line":106}},"branchMap":{"0":{"loc":{"start":{"line":11,"column":37},"end":{"line":11,"column":49}},"type":"default-arg","locations":[{"start":{"line":11,"column":47},"end":{"line":11,"column":49}}],"line":11},"1":{"loc":{"start":{"line":14,"column":2},"end":{"line":16,"column":3}},"type":"if","locations":[{"start":{"line":14,"column":2},"end":{"line":16,"column":3}},{"start":{"line":14,"column":2},"end":{"line":16,"column":3}}],"line":14},"2":{"loc":{"start":{"line":21,"column":2},"end":{"line":26,"column":3}},"type":"if","locations":[{"start":{"line":21,"column":2},"end":{"line":26,"column":3}},{"start":{"line":21,"column":2},"end":{"line":26,"column":3}}],"line":21},"3":{"loc":{"start":{"line":21,"column":6},"end":{"line":21,"column":69}},"type":"binary-expr","locations":[{"start":{"line":21,"column":6},"end":{"line":21,"column":21}},{"start":{"line":21,"column":25},"end":{"line":21,"column":69}}],"line":21},"4":{"loc":{"start":{"line":22,"column":4},"end":{"line":24,"column":5}},"type":"if","locations":[{"start":{"line":22,"column":4},"end":{"line":24,"column":5}},{"start":{"line":22,"column":4},"end":{"line":24,"column":5}}],"line":22},"5":{"loc":{"start":{"line":30,"column":2},"end":{"line":32,"column":3}},"type":"if","locations":[{"start":{"line":30,"column":2},"end":{"line":32,"column":3}},{"start":{"line":30,"column":2},"end":{"line":32,"column":3}}],"line":30},"6":{"loc":{"start":{"line":33,"column":2},"end":{"line":35,"column":3}},"type":"if","locations":[{"start":{"line":33,"column":2},"end":{"line":35,"column":3}},{"start":{"line":33,"column":2},"end":{"line":35,"column":3}}],"line":33},"7":{"loc":{"start":{"line":36,"column":2},"end":{"line":38,"column":3}},"type":"if","locations":[{"start":{"line":36,"column":2},"end":{"line":38,"column":3}},{"start":{"line":36,"column":2},"end":{"line":38,"column":3}}],"line":36},"8":{"loc":{"start":{"line":42,"column":2},"end":{"line":44,"column":3}},"type":"if","locations":[{"start":{"line":42,"column":2},"end":{"line":44,"column":3}},{"start":{"line":42,"column":2},"end":{"line":44,"column":3}}],"line":42},"9":{"loc":{"start":{"line":42,"column":6},"end":{"line":42,"column":27}},"type":"binary-expr","locations":[{"start":{"line":42,"column":6},"end":{"line":42,"column":12}},{"start":{"line":42,"column":16},"end":{"line":42,"column":27}}],"line":42},"10":{"loc":{"start":{"line":46,"column":2},"end":{"line":48,"column":3}},"type":"if","locations":[{"start":{"line":46,"column":2},"end":{"line":48,"column":3}},{"start":{"line":46,"column":2},"end":{"line":48,"column":3}}],"line":46},"11":{"loc":{"start":{"line":46,"column":6},"end":{"line":46,"column":37}},"type":"binary-expr","locations":[{"start":{"line":46,"column":6},"end":{"line":46,"column":11}},{"start":{"line":46,"column":15},"end":{"line":46,"column":22}},{"start":{"line":46,"column":26},"end":{"line":46,"column":37}}],"line":46},"12":{"loc":{"start":{"line":47,"column":29},"end":{"line":47,"column":65}},"type":"cond-expr","locations":[{"start":{"line":47,"column":37},"end":{"line":47,"column":60}},{"start":{"line":47,"column":63},"end":{"line":47,"column":65}}],"line":47},"13":{"loc":{"start":{"line":53,"column":2},"end":{"line":62,"column":3}},"type":"if","locations":[{"start":{"line":53,"column":2},"end":{"line":62,"column":3}},{"start":{"line":53,"column":2},"end":{"line":62,"column":3}}],"line":53},"14":{"loc":{"start":{"line":64,"column"
[...]
,"/Users/egill/ylhyra/src/maker/vocabulary_maker/reducers.js": {"path":"/Users/egill/ylhyra/src/maker/vocabulary_maker/reducers.js","statementMap":{"0":{"start":{"line":3,"column":13},"end":{"line":10,"column":1}},"1":{"start":{"line":4,"column":2},"end":{"line":9,"column":3}},"2":{"start":{"line":6,"column":6},"end":{"line":6,"column":41}},"3":{"start":{"line":8,"column":6},"end":{"line":8,"column":19}},"4":{"start":{"line":11,"column":17},"end":{"line":18,"column":1}},"5":{"start":{"line":12,"column":2},"end":{"line":17,"column":3}},"6":{"start":{"line":14,"column":6},"end":{"line":14,"column":28}},"7":{"start":{"line":16,"column":6},"end":{"line":16,"column":19}},"8":{"start":{"line":19,"column":23},"end":{"line":32,"column":1}},"9":{"start":{"line":26,"column":2},"end":{"line":31,"column":3}},"10":{"start":{"line":28,"column":6},"end":{"line":28,"column":28}},"11":{"start":{"line":30,"column":6},"end":{"line":30,"column":19}},"12":{"start":{"line":34,"column":31},"end":{"line":38,"column":2}}},"fnMap":{"0":{"name":"(anonymous_0)","decl":{"start":{"line":3,"column":13},"end":{"line":3,"column":14}},"loc":{"start":{"line":3,"column":39},"end":{"line":10,"column":1}},"line":3},"1":{"name":"(anonymous_1)","decl":{"start":{"line":11,"column":17},"end":{"line":11,"column":18}},"loc":{"start":{"line":11,"column":43},"end":{"line":18,"column":1}},"line":11},"2":{"name":"(anonymous_2)","decl":{"start":{"line":19,"column":23},"end":{"line":19,"column":24}},"loc":{"start":{"line":25,"column":5},"end":{"line":32,"column":1}},"line":25}},"branchMap":{"0":{"loc":{"start":{"line":3,"column":14},"end":{"line":3,"column":26}},"type":"default-arg","locations":[{"start":{"line":3,"column":22},"end":{"line":3,"column":26}}],"line":3},"1":{"loc":{"start":{"line":4,"column":2},"end":{"line":9,"column":3}},"type":"switch","locations":[{"start":{"line":5,"column":4},"end":{"line":6,"column":41}},{"start":{"line":7,"column":4},"end":{"line":8,"column":19}}],"line":4},"2":{"loc":{"start":{"line":11,"column":18},"end":{"line":11,"column":30}},"type":"default-arg","locations":[{"start":{"line":11,"column":26},"end":{"line":11,"column":30}}],"line":11},"3":{"loc":{"start":{"line":12,"column":2},"end":{"line":17,"column":3}},"type":"switch","locations":[{"start":{"line":13,"column":4},"end":{"line":14,"column":28}},{"start":{"line":15,"column":4},"end":{"line":16,"column":19}}],"line":12},"4":{"loc":{"start":{"line":20,"column":2},"end":{"line":23,"column":3}},"type":"default-arg","locations":[{"start":{"line":20,"column":10},"end":{"line":23,"column":3}}],"line":20},"5":{"loc":{"start":{"line":26,"column":2},"end":{"line":31,"column":3}},"type":"switch","locations":[{"start":{"line":27,"column":4},"end":{"line":28,"column":28}},{"start":{"line":29,"column":4},"end":{"line":30,"column":19}}],"line":26}},"s":{"0":1,"1":6,"2":0,"3":6,"4":1,"5":6,"6":0,"7":6,"8":1,"9":6,"10":0,"11":6,"12":1},"f":{"0":6,"1":6,"2":6},"b":{"0":[5],"1":[0,6],"2":[5],"3":[0,6],"4":[5],"5":[0,6]},"_coverageSchema":"1a1c01bbd47fc00a2c39e90264f33305004495a9","hash":"fa5e5ea127655c3f9e0d7e5deaa01530fd4ff157"}
,"/Users/egill/ylhyra/src/maker/vocabulary_maker/compile/format.js": {"path":"/Users/egill/ylhyra/src/maker/vocabulary_maker/compile/format.js","statementMap":{"0":{"start":{"line":9,"column":47},"end":{"line":12,"column":1}},"1":{"start":{"line":10,"column":2},"end":{"line":10,"column":26}},"2":{"start":{"line":10,"column":14},"end":{"line":10,"column":26}},"3":{"start":{"line":11,"column":2},"end":{"line":11,"column":65}},"4":{"start":{"line":14,"column":41},"end":{"line":26,"column":1}},"5":{"start":{"line":15,"column":2},"end":{"line":15,"column":26}},"6":{"start":{"line":15,"column":14},"end":{"line":15,"column":26}},"7":{"start":{"line":16,"column":2},"end":{"line":25,"column":4}},"8":{"start":{"line":28,"column":32},"end":{"line":31,"column":1}},"9":{"start":{"line":29,"column":2},"end":{"line":29,"column":24}},"10":{"start":{"line":29,"column":14},"end":{"line":29,"column":24}},"11":{"start":{"line":30,"column":2},"end":{"line":30,"column":45}},"12":{"start":{"line":33,"column":37},"end":{"line":122,"column":1}},"13":{"start":{"line":34,"column":2},"end":{"line":34,"column":24}},"14":{"start":{"line":34,"column":14},"end":{"line":34,"column":24}},"15":{"start":{"line":35,"column":2},"end":{"line":37,"column":3}},"16":{"start":{"line":36,"column":4},"end":{"line":36,"column":28}},"17":{"start":{"line":38,"column":2},"end":{"line":102,"column":12}},"18":{"start":{"line":77,"column":8},"end":{"line":77,"column":64}},"19":{"start":{"line":81,"column":6},"end":{"line":81,"column":27}},"20":{"start":{"line":104,"column":2},"end":{"line":109,"column":3}},"21":{"start":{"line":105,"column":4},"end":{"line":108,"column":23}},"22":{"start":{"line":107,"column":18},"end":{"line":107,"column":33}},"23":{"start":{"line":111,"column":2},"end":{"line":113,"column":3}},"24":{"start":{"line":112,"column":4},"end":{"line":112,"column":73}},"25":{"start":{"line":115,"column":2},"end":{"line":118,"column":3}},"26":{"start":{"line":116,"column":4},"end":{"line":116,"column":23}},"27":{"start":{"line":117,"column":4},"end":{"line":117,"column":36}},"28":{"start":{"line":120,"column":2},"end":{"line":120,"column":30}},"29":{"start":{"line":121,"column":2},"end":{"line":121,"column":15}},"30":{"start":{"line":124,"column":30},"end":{"line":132,"column":1}},"31":{"start":{"line":126,"column":2},"end":{"line":126,"column":38}},"32":{"start":{"line":126,"column":25},"end":{"line":126,"column":38}},"33":{"start":{"line":127,"column":13},"end":{"line":127,"column":78}},"34":{"start":{"line":128,"column":2},"end":{"line":130,"column":3}},"35":{"start":{"line":131,"column":2},"end":{"line":131,"column":15}},"36":{"start":{"line":134,"column":28},"end":{"line":141,"column":1}},"37":{"start":{"line":135,"column":2},"end":{"line":135,"column":24}},"38":{"start":{"line":135,"column":14},"end":{"line":135,"column":24}},"39":{"start":{"line":136,"column":2},"end":{"line":139,"column":59}},"40":{"start":{"line":140,"column":2},"end":{"line":140,"column":15}},"41":{"start":{"line":143,"column":23},"end":{"line":164,"column":1}},"42":{"start":{"line":144,"column":13},"end":{"line":154,"column":13}},"43":{"start":{"line":148,"column":6},"end":{"line":148,"column":40}},"44":{"start":{"line":148,"column":27},"end":{"line":148,"column":40}},"45":{"start":{"line":150,"column":6},"end":{"line":152,"column":9}},"46":{"start":{"line":151,"column":8},"end":{"line":151,"column":69}},"47":{"start":{"line":156,"column":2},"end":{"line":156,"column":66}},"48":{"start":{"line":163,"column":2},"end":{"line":163,"column":14}}},"fnMap":{"0":{"name":"(anonymous_0)","decl":{"start":{"line":9,"column":47},"end":{"line":9,"column":48}},"loc":{"start":{"line":9,"column":58},"end":{"line":12,"column":1}},"line":9},"1":{"name":"(anonymous_1)","decl":{"start":{"line":14,"column":41},"end":{"line":14,"column":42}},"loc":{"start":{"line":14,"column":52},"end":{"line":26,"column":1}},"line":14},"2":{"name":"(anonymous_2)","decl":{"start":{"line":28,"column":32},"end":{"line":28,"column":33}},"loc":{"start":{"line":28,"column":43},"end":{"line":31,"column":1}},"line":28},"3":{"name":"(anonymous_3)","decl":{"start":{"line":33,"column":37},"end":{"line":33,"column":38}},"loc":{"start":{"line":33,"column":48},"end":{"line":122,"column":1}},"line":33},"4":{"name":"(anonymous_4)","decl":{"start":{"line":76,"column":6},"end":{"line":76,"column":7}},"loc":{"start":{"line":76,"column":46},"end":{"line":78,"column":7}},"line":76},"5":{"name":"(anonymous_5)","decl":{"start":{"line":80,"column":38},"end":{"line":80,"column":39}},"loc":{"start":{"line":80,"column":51},"end":{"line":82,"column":5}},"line":80},"6":{"name":"(anonymous_6)","decl":{"start":{"line":107,"column":11},"end":{"line":107,"column":12}},"loc":{"start":{"line":107,"column":18},"end":{"line":107,"column":33}},"line":107},"7":{"name":"(anonymous_7)","decl":{"start":{"line":124,"column":30},"end":{"line":124,"column":31}},"loc":{"start":{"line":124,"column":49},"end":{"line":132,"column":1}},"line":124},"8":{"name":"(anonymous_8)","decl":{"start":{"line":134,"column":28},"end":{"line":134,"column":29}},"loc":{"start":{"line":134,"column":39},"end":{"line":141,"column":1}},"line":134},"9":{"name":"(anonymous_9)","decl":{"start":{"line":143,"column":23},"end":{"line":143,"column":24}},"loc":{"start":{"line":143,"column":34},"end":{"line":164,"column":1}},"line":143},"10":{"name":"(anonymous_10)","decl":{"start":{"line":147,"column":9},"end":{"line":147,"column":10}},"loc":{"start":{"line":147,"column":27},"end":{"line":153,"column":5}},"line":147},"11":{"name":"(anonymous_11)","decl":{"start":{"line":150,"column":49},"end":{"line":150,"column":50}},"loc":{"start":{"line":150,"column":62},"end":{"line":152,"column":7}},"line":150}},"branchMap":{"0":{"loc":{"start":{"line":10,"column":2},"end":{"line":10,"column":26}},"type":"if","locations":[{"start":{"line":10,"column":2},"end":{"line":10,"column":26}},{"start":{"line":10,"column":2},"end":{"line":10,"column":26}}],"line":10},"1":{"loc":{"start":{"line":15,"column":2},"end":{"line":15,"column":26}},"type":"if","locations":[{"start":{"line":15,"column":2},"end":{"line":15,"column":26}},{"start":{"line":15,"column":2},"end":{"line":15,"column":26}}],"line":15},"2":{"loc":{"start":{"line":29,"column":2},"end":{"line":29,"column":24}},"type":"if","locations":[{"start":{"line":29,"column":2},"end":{"line":29,"column":24}},{"start":{"line":29,"column":2},"end":{"line":29,"column":24}}],"line":29},"3":{"loc":{"start":{"line":34,"column":2},"end":{"line":34,"column":24}},"type":"if","locations":[{"start":{"line":34,"column":2},"end":{"line":34,"column":24}},{"start":{"line":34,"column":2},"end":{"line":34,"column":24}}],"line":34},"4":{"loc":{"start":{"line":35,"column":2},"end":{"line":37,"column":3}},"type":"if","locations":[{"start":{"line":35,"column":2},"end":{"line":37,"column":3}},{"start":{"line":35,"column":2},"end":{"line":37,"column":3}}],"line":35},"5":{"loc":{"start":{"line":104,"column":2},"end":{"line":109,"column":3}},"type":"if","locations":[{"start":{"line":104,"column":2},"end":{"line":109,"column":3}},{"start":{"line":104,"column":2},"end":{"line":109,"column":3}}],"line":104},"6":{"loc":{"start":{"line":111,"column":2},"end":{"line":113,"column":3}},"type":"if","locations":[{"start":{"line":111,"column":2},"end":{"line":113,"column":3}},{"start":{"line":111,"column":2},"end":{"line":113,"column":3}}],"line":111},"7":{"loc":{"start":{"line":115,"column":2},"end":{"line":118,"column":3}},"type":"if","locations":[{"start":{"line":115,"column":2},"end":{"line":118,"column":3}},{"start":{"line":115,"column":2},"end":{"line":118,"column":3}}],"line":115},"8":{"loc":{"start":{"line":126,"column":2},"end":{"line":126,"column":38}},"type":"if","locations":[{"start":{"line":126,"column":2},"end":{"line":126,"column":38}},{"start":{"line":126,"column":2},"end":{"line":126,"column":38}}],"line":126},"9":{"loc":{"start":{"line":126,"column":6},"end":{"line":126,"column":23}},"type":"binary-expr","locations":[{"start":{"line":126,"column":6},"end":{"line":126,"column":12}},{"start":{"line":126,"column":16},"end":{"line":126,"column":23}}],"line":126},"10":{"loc":{"start":{"line":128,"column":2},"end":{"line":130,"column":3}},"type":"if","locations":[{"start":{"line":128,"column":2},"end":{"line":130,"column":3}},{"start":{"line":128,"column":2},"end":{"line":130,"column":3}}],"line":128},"11":{"loc":{"start":{"line":128,"column":6},"end":{"line":128,"column":41}},"type":"binary-expr","locations":[{"start":{"line":128,"column":6},"end":{"line":128,"column":21}},{"start":{"line":128,"column":25},"end":{"line":128,"column":41}}],"line":128},"12":{"loc":{"start":{"line":135,"column":2},"end":{"line":135,"column":24}},"type":"if","locations":[{"start":{"line":135,"column":2},"end":{"line":135,"column":24}},{"start":{"line":135,"column":2},"end":{"line":135,"column":24}}],"line":135},"13":{"loc":{"start":{"line":148,"column":6},"end":{"line":148,"column":40}},"type":"if","locations":[{"start":{"line":148,"column":6},"end":{"line":148,"column":40}},{"start":{"line":148,"column":6},"end":{"line":148,"column":40}}],"line":148}},"s":{"0":1,"1":1,"2":0,"3":1,"4":1,"5":11078,"6":0,"7":11078,"8":1,"9":11078,"10":0,"11":11078,"12":1,"13":1,"14":0,"15":1,"16":0,"17":1,"18":0,"19":0,"20":1,"21":0,"22":0,"23":1,"24":0,"25":1,"26":0,"27":0,"28":1,"29":1,"30":1,"31":0,"32":0,"33":0,"34":0,"35":0,"36":1,"37":0,"38":0,"39":0,"40":0,"41":1,"42":0,"43":0,"44":0,"45":0,"46":0,"47":0,"48":0},"f":{"0":1,"1":11078,"2":11078,"3":1,"4":0,"5":0,"6":0,"7":0,"8":0,"9":0,"10":0,"11":0},"b":{"0":[0,1],"1":[0,11078],"2":[0,11078],"3":[0,1],"4":[0,1],"5":[0,1],"6":[0,1],"7":[0,1],"8":[0,0],"9":[0,0],"10":[0,0],"11":[0,0],"12":[0,0],"13":[0,0]},"_coverageSchema":"1a1c01bbd47fc00a2c39e90264f33305004495a9","hash":"03581a1a9b12d8f7608423ec16f49ec095f1a18c"}
,"/Users/egill/ylhyra/src/maker/vocabulary_maker/compile/functions.js": {"path":"/Users/egill/ylhyra/src/maker/vocabulary_maker/compile/functions.js","statementMap":{"0":{"start":{"line":8,"column":27},"end":{"line":21,"column":1}},"1":{"start":{"line":9,"column":2},"end":{"line":19,"column":3}},"2":{"start":{"line":10,"column":4},"end":{"line":12,"column":5}},"3":{"start":{"line":11,"column":6},"end":{"line":11,"column":19}},"4":{"start":{"line":13,"column":4},"end":{"line":15,"column":5}},"5":{"start":{"line":14,"column":6},"end":{"line":14,"column":19}},"6":{"start":{"line":16,"column":4},"end":{"line":18,"column":5}},"7":{"start":{"line":17,"column":6},"end":{"line":17,"column":19}},"8":{"start":{"line":20,"column":2},"end":{"line":20,"column":12}},"9":{"start":{"line":23,"column":45},"end":{"line":28,"column":1}},"10":{"start":{"line":24,"column":17},"end":{"line":26,"column":18}},"11":{"start":{"line":27,"column":2},"end":{"line":27,"column":16}},"12":{"start":{"line":30,"column":23},"end":{"line":47,"column":1}},"13":{"start":{"line":31,"column":2},"end":{"line":31,"column":26}},"14":{"start":{"line":31,"column":14},"end":{"line":31,"column":26}},"15":{"start":{"line":32,"column":2},"end":{"line":34,"column":3}},"16":{"start":{"line":33,"column":4},"end":{"line":33,"column":73}},"17":{"start":{"line":35,"column":17},"end":{"line":37,"column":18}},"18":{"start":{"line":38,"column":2},"end":{"line":38,"column":27}},"19":{"start":{"line":38,"column":15},"end":{"line":38,"column":27}},"20":{"start":{"line":40,"column":2},"end":{"line":45,"column":3}},"21":{"start":{"line":44,"column":4},"end":{"line":44,"column":18}},"22":{"start":{"line":46,"column":2},"end":{"line":46,"column":23}},"23":{"start":{"line":49,"column":43},"end":{"line":55,"column":1}},"24":{"start":{"line":50,"column":2},"end":{"line":50,"column":20}},"25":{"start":{"line":50,"column":10},"end":{"line":50,"column":20}},"26":{"start":{"line":51,"column":2},"end":{"line":53,"column":3}},"27":{"start":{"line":52,"column":4},"end":{"line":52,"column":26}},"28":{"start":{"line":54,"column":2},"end":{"line":54,"column":51}},"29":{"start":{"line":57,"column":26},"end":{"line":84,"column":1}},"30":{"start":{"line":86,"column":28},"end":{"line":90,"column":1}},"31":{"start":{"line":87,"column":2},"end":{"line":89,"column":44}}},"fnMap":{"0":{"name":"(anonymous_0)","decl":{"start":{"line":8,"column":27},"end":{"line":8,"column":28}},"loc":{"start":{"line":8,"column":33},"end":{"line":21,"column":1}},"line":8},"1":{"name":"(anonymous_1)","decl":{"start":{"line":23,"column":45},"end":{"line":23,"column":46}},"loc":{"start":{"line":23,"column":52},"end":{"line":28,"column":1}},"line":23},"2":{"name":"(anonymous_2)","decl":{"start":{"line":30,"column":23},"end":{"line":30,"column":24}},"loc":{"start":{"line":30,"column":43},"end":{"line":47,"column":1}},"line":30},"3":{"name":"(anonymous_3)","decl":{"start":{"line":49,"column":43},"end":{"line":49,"column":44}},"loc":{"start":{"line":49,"column":50},"end":{"line":55,"column":1}},"line":49},"4":{"name":"(anonymous_4)","decl":{"start":{"line":86,"column":28},"end":{"line":86,"column":29}},"loc":{"start":{"line":86,"column":39},"end":{"line":90,"column":1}},"line":86}},"branchMap":{"0":{"loc":{"start":{"line":9,"column":2},"end":{"line":19,"column":3}},"type":"if","locations":[{"start":{"line":9,"column":2},"end":{"line":19,"column":3}},{"start":{"line":9,"column":2},"end":{"line":19,"column":3}}],"line":9},"1":{"loc":{"start":{"line":10,"column":4},"end":{"line":12,"column":5}},"type":"if","locations":[{"start":{"line":10,"column":4},"end":{"line":12,"column":5}},{"start":{"line":10,"column":4},"end":{"line":12,"column":5}}],"line":10},"2":{"loc":{"start":{"line":13,"column":4},"end":{"line":15,"column":5}},"type":"if","locations":[{"start":{"line":13,"column":4},"end":{"line":15,"column":5}},{"start":{"line":13,"column":4},"end":{"line":15,"column":5}}],"line":13},"3":{"loc":{"start":{"line":16,"column":4},"end":{"line":18,"column":5}},"type":"if","locations":[{"start":{"line":16,"column":4},"end":{"line":18,"column":5}},{"start":{"line":16,"column":4},"end":{"line":18,"column":5}}],"line":16},"4":{"loc":{"start":{"line":31,"column":2},"end":{"line":31,"column":26}},"type":"if","locations":[{"start":{"line":31,"column":2},"end":{"line":31,"column":26}},{"start":{"line":31,"column":2},"end":{"line":31,"column":26}}],"line":31},"5":{"loc":{"start":{"line":32,"column":2},"end":{"line":34,"column":3}},"type":"if","locations":[{"start":{"line":32,"column":2},"end":{"line":34,"column":3}},{"start":{"line":32,"column":2},"end":{"line":34,"column":3}}],"line":32},"6":{"loc":{"start":{"line":38,"column":2},"end":{"line":38,"column":27}},"type":"if","locations":[{"start":{"line":38,"column":2},"end":{"line":38,"column":27}},{"start":{"line":38,"column":2},"end":{"line":38,"column":27}}],"line":38},"7":{"loc":{"start":{"line":40,"column":2},"end":{"line":45,"column":3}},"type":"if","locations":[{"start":{"line":40,"column":2},"end":{"line":45,"column":3}},{"start":{"line":40,"column":2},"end":{"line":45,"column":3}}],"line":40},"8":{"loc":{"start":{"line":41,"column":4},"end":{"line":42,"column":78}},"type":"binary-expr","locations":[{"start":{"line":41,"column":4},"end":{"line":41,"column":22}},{"start":{"line":42,"column":5},"end":{"line":42,"column":14}},{"start":{"line":42,"column":19},"end":{"line":42,"column":35}},{"start":{"line":42,"column":39},"end":{"line":42,"column":76}}],"line":41},"9":{"loc":{"start":{"line":50,"column":2},"end":{"line":50,"column":20}},"type":"if","locations":[{"start":{"line":50,"column":2},"end":{"line":50,"column":20}},{"start":{"line":50,"column":2},"end":{"line":50,"column":20}}],"line":50},"10":{"loc":{"start":{"line":51,"column":2},"end":{"line":53,"column":3}},"type":"if","locations":[{"start":{"line":51,"column":2},"end":{"line":53,"column":3}},{"start":{"line":51,"column":2},"end":{"line":53,"column":3}}],"line":51}},"s":{"0":1,"1":1,"2":0,"3":0,"4":0,"5":0,"6":0,"7":0,"8":1,"9":1,"10":0,"11":0,"12":1,"13":1,"14":0,"15":1,"16":0,"17":1,"18":1,"19":0,"20":1,"21":0,"22":1,"23":1,"24":0,"25":0,"26":0,"27":0,"28":0,"29":1,"30":1,"31":1},"f":{"0":1,"1":0,"2":1,"3":0,"4":1},"b":{"0":[0,1],"1":[0,0],"2":[0,0],"3":[0,0],"4":[0,1],"5":[0,1],"6":[0,1],"7":[0,1],"8":[1,1,1,1],"9":[0,0],"10":[0,0]},"_coverageSchema":"1a1c01bbd47fc00a2c39e90264f33305004495a9","hash":"bb9e89554e0b9c8d754cce257a1ab79557e8b6bb"}
}
