TN:
SF:src/app/app/analytics.js
FN:24,(anonymous_0)
FN:30,(anonymous_1)
FN:49,(anonymous_2)
FN:60,(anonymous_3)
FN:66,(anonymous_4)
FN:74,(anonymous_5)
FN:79,(anonymous_6)
FN:97,(anonymous_7)
FN:103,(anonymous_8)
FN:105,(anonymous_9)
FN:109,(anonymous_10)
FNF:11
FNH:1
FNDA:0,(anonymous_0)
FNDA:0,(anonymous_1)
FNDA:0,(anonymous_2)
FNDA:0,(anonymous_3)
FNDA:0,(anonymous_4)
FNDA:0,(anonymous_5)
FNDA:0,(anonymous_6)
FNDA:0,(anonymous_7)
FNDA:0,(anonymous_8)
FNDA:0,(anonymous_9)
FNDA:3,(anonymous_10)
DA:14,1
DA:16,1
DA:19,1
DA:20,1
DA:21,1
DA:22,1
DA:23,1
DA:24,1
DA:25,0
DA:26,0
DA:27,0
DA:28,0
DA:30,1
DA:31,0
DA:32,0
DA:34,0
DA:35,0
DA:44,0
DA:45,0
DA:47,0
DA:49,1
DA:50,0
DA:51,0
DA:52,0
DA:53,0
DA:54,0
DA:55,0
DA:57,0
DA:60,1
DA:61,0
DA:66,1
DA:67,0
DA:68,0
DA:71,0
DA:72,0
DA:74,1
DA:79,1
DA:80,0
DA:81,0
DA:82,0
DA:85,1
DA:88,1
DA:89,1
DA:90,0
DA:97,1
DA:98,0
DA:102,1
DA:103,1
DA:104,0
DA:105,0
DA:106,0
DA:109,1
DA:110,3
LF:53
LH:22
BRDA:22,0,0,1
BRDA:22,0,1,1
BRDA:23,1,0,1
BRDA:23,1,1,1
BRDA:25,2,0,0
BRDA:25,2,1,0
BRDA:31,3,0,0
BRDA:31,3,1,0
BRDA:31,4,0,0
BRDA:31,4,1,0
BRDA:31,4,2,0
BRDA:34,5,0,0
BRDA:34,5,1,0
BRDA:34,6,0,0
BRDA:34,6,1,0
BRDA:52,7,0,0
BRDA:52,7,1,0
BRDA:53,8,0,0
BRDA:53,8,1,0
BRDA:54,9,0,0
BRDA:54,9,1,0
BRDA:63,10,0,0
BRDA:63,10,1,0
BRDA:67,11,0,0
BRDA:67,11,1,0
BRDA:67,12,0,0
BRDA:67,12,1,0
BRDA:67,12,2,0
BRDA:80,13,0,0
BRDA:80,13,1,0
BRDA:88,14,0,1
BRDA:88,14,1,0
BRDA:89,15,0,0
BRDA:89,15,1,1
BRF:34
BRH:6
end_of_record
TN:
SF:src/app/app/axios.js
FN:19,(anonymous_0)
FN:22,(anonymous_1)
FNF:2
FNH:1
FNDA:1,(anonymous_0)
FNDA:0,(anonymous_1)
DA:17,1
DA:18,1
DA:20,1
DA:24,0
DA:25,0
DA:26,0
DA:27,0
DA:29,0
DA:30,0
DA:32,0
DA:33,0
DA:35,0
DA:36,0
LF:13
LH:3
BRDA:26,0,0,0
BRDA:26,0,1,0
BRDA:27,1,0,0
BRDA:27,1,1,0
BRDA:29,2,0,0
BRDA:29,2,1,0
BRDA:32,3,0,0
BRDA:32,3,1,0
BRF:8
BRH:0
end_of_record
TN:
SF:src/app/app/constants.js
FNF:0
FNH:0
DA:4,1
LF:1
LH:1
BRF:0
BRH:0
end_of_record
TN:
SF:src/app/app/paths.js
FN:6,(anonymous_0)
FN:8,(anonymous_1)
FN:14,(anonymous_2)
FN:33,(anonymous_3)
FN:43,(anonymous_4)
FNF:5
FNH:0
FNDA:0,(anonymous_0)
FNDA:0,(anonymous_1)
FNDA:0,(anonymous_2)
FNDA:0,(anonymous_3)
FNDA:0,(anonymous_4)
DA:1,1
DA:2,1
DA:3,1
DA:6,1
DA:7,0
DA:8,1
DA:9,0
DA:14,1
DA:15,0
DA:16,0
DA:17,0
DA:27,0
DA:28,0
DA:29,0
DA:32,1
DA:33,1
DA:34,0
DA:35,0
DA:43,1
DA:44,0
LF:20
LH:9
BRDA:9,0,0,0
BRDA:9,0,1,0
BRDA:15,1,0,0
BRDA:15,1,1,0
BRDA:29,2,0,0
BRDA:29,2,1,0
BRDA:34,3,0,0
BRDA:34,3,1,0
BRDA:34,4,0,0
BRDA:34,4,1,0
BRDA:45,5,0,0
BRDA:45,5,1,0
BRF:12
BRH:0
end_of_record
TN:
SF:src/app/app/store.js
FNF:0
FNH:0
DA:16,1
DA:17,1
DA:18,0
DA:19,0
DA:26,1
DA:52,1
DA:53,1
LF:7
LH:5
BRDA:17,0,0,0
BRDA:17,0,1,1
BRDA:52,1,0,1
BRDA:52,1,1,0
BRF:4
BRH:2
end_of_record
TN:
SF:src/app/app/error/index.js
FN:7,(anonymous_0)
FN:16,(anonymous_1)
FN:20,(anonymous_2)
FNF:3
FNH:0
FNDA:0,(anonymous_0)
FNDA:0,(anonymous_1)
FNDA:0,(anonymous_2)
DA:7,1
DA:8,0
DA:9,0
DA:10,0
DA:11,0
DA:13,0
DA:16,0
DA:20,1
DA:21,0
DA:22,0
DA:23,0
LF:11
LH:2
BRDA:8,0,0,0
BRDA:8,0,1,0
BRDA:10,1,0,0
BRDA:10,1,1,0
BRF:4
BRH:0
end_of_record
TN:
SF:src/app/app/error/messages.js
FNF:0
FNH:0
LF:0
LH:0
BRF:0
BRH:0
end_of_record
TN:
SF:src/app/app/error/reducers.js
FN:1,(anonymous_0)
FNF:1
FNH:1
FNDA:4,(anonymous_0)
DA:2,4
DA:4,0
DA:6,4
LF:3
LH:2
BRDA:1,0,0,3
BRDA:2,1,0,0
BRDA:2,1,1,4
BRF:3
BRH:2
end_of_record
TN:
SF:src/app/app/functions/cookie.js
FN:1,setCookie
FN:12,getCookie
FN:23,eraseCookie
FNF:3
FNH:1
FNDA:0,setCookie
FNDA:1,getCookie
FNDA:0,eraseCookie
DA:2,0
DA:3,0
DA:4,0
DA:5,0
DA:6,0
DA:8,0
DA:13,1
DA:14,1
DA:15,1
DA:16,1
DA:17,1
DA:18,1
DA:20,1
DA:24,0
LF:14
LH:7
BRDA:3,0,0,0
BRDA:3,0,1,0
BRDA:9,1,0,0
BRDA:9,1,1,0
BRDA:9,2,0,0
BRDA:9,2,1,0
BRDA:18,3,0,0
BRDA:18,3,1,1
BRF:8
BRH:1
end_of_record
TN:
SF:src/app/app/functions/extendPrototype.js
FN:7,(anonymous_0)
FN:11,(anonymous_1)
FNF:2
FNH:2
FNDA:2,(anonymous_0)
FNDA:12,(anonymous_1)
DA:7,1
DA:11,2
DA:12,12
DA:13,21
LF:4
LH:4
BRF:0
BRH:0
end_of_record
TN:
SF:src/app/app/functions/hash.js
FN:4,(anonymous_0)
FNF:1
FNH:1
FNDA:1,(anonymous_0)
DA:5,1
DA:6,0
DA:7,1
DA:8,0
DA:10,1
LF:5
LH:3
BRDA:5,0,0,0
BRDA:5,0,1,1
BRDA:7,1,0,0
BRDA:7,1,1,1
BRF:4
BRH:2
end_of_record
TN:
SF:src/app/app/functions/isBrowser.js
FNF:0
FNH:0
DA:1,1
DA:2,1
DA:4,1
LF:3
LH:3
BRDA:2,0,0,1
BRDA:2,0,1,1
BRDA:4,1,0,1
BRDA:4,1,1,1
BRDA:4,1,2,1
BRF:5
BRH:5
end_of_record
TN:
SF:src/app/app/functions/isDev.js
FNF:0
FNH:0
DA:1,1
LF:1
LH:1
BRF:0
BRH:0
end_of_record
TN:
SF:src/app/app/functions/localStorage.js
FN:13,(anonymous_0)
FN:34,(anonymous_1)
FNF:2
FNH:1
FNDA:0,(anonymous_0)
FNDA:8,(anonymous_1)
DA:3,1
DA:5,1
DA:13,1
DA:14,0
DA:16,0
DA:17,0
DA:19,0
DA:30,0
DA:34,1
DA:35,8
DA:36,8
DA:37,8
DA:43,0
DA:44,0
DA:46,0
LF:15
LH:7
BRDA:14,0,0,0
BRDA:14,0,1,0
BRDA:16,1,0,0
BRDA:16,1,1,0
BRDA:16,2,0,0
BRDA:16,2,1,0
BRDA:16,2,2,0
BRDA:35,3,0,0
BRDA:35,3,1,8
BRDA:37,4,0,8
BRDA:37,4,1,0
BRF:11
BRH:2
end_of_record
TN:
SF:src/app/app/functions/log.js
FN:8,(anonymous_0)
FN:9,(anonymous_1)
FN:21,(anonymous_2)
FNF:3
FNH:2
FNDA:2,(anonymous_0)
FNDA:2,(anonymous_1)
FNDA:0,(anonymous_2)
DA:8,1
DA:9,2
DA:10,2
DA:11,2
DA:13,0
DA:21,1
DA:22,0
DA:23,0
LF:8
LH:5
BRDA:10,0,0,2
BRDA:10,0,1,0
BRDA:10,1,0,2
BRDA:10,1,1,2
BRDA:22,2,0,0
BRDA:22,2,1,0
BRF:6
BRH:3
end_of_record
TN:
SF:src/app/app/functions/math.js
FN:1,(anonymous_0)
FN:3,(anonymous_1)
FN:6,(anonymous_2)
FN:10,(anonymous_3)
FN:26,(anonymous_4)
FN:33,(anonymous_5)
FN:37,(anonymous_6)
FN:41,(anonymous_7)
FNF:8
FNH:0
FNDA:0,(anonymous_0)
FNDA:0,(anonymous_1)
FNDA:0,(anonymous_2)
FNDA:0,(anonymous_3)
FNDA:0,(anonymous_4)
FNDA:0,(anonymous_5)
FNDA:0,(anonymous_6)
FNDA:0,(anonymous_7)
DA:1,1
DA:2,0
DA:3,0
DA:6,1
DA:7,0
DA:10,1
DA:18,0
DA:19,0
DA:20,0
DA:21,0
DA:23,0
DA:26,1
DA:27,0
DA:33,1
DA:34,0
DA:37,1
DA:38,0
DA:41,1
DA:42,0
DA:43,0
LF:20
LH:7
BRDA:1,0,0,0
BRDA:2,1,0,0
BRDA:2,1,1,0
BRDA:20,2,0,0
BRDA:20,2,1,0
BRDA:33,3,0,0
BRDA:41,4,0,0
BRF:7
BRH:0
end_of_record
TN:
SF:src/app/app/functions/no-undefined-in-template-literal.js
FN:4,(anonymous_0)
FN:6,(anonymous_1)
FNF:2
FNH:0
FNDA:0,(anonymous_0)
FNDA:0,(anonymous_1)
DA:5,0
DA:7,0
DA:8,0
DA:9,0
DA:11,0
DA:12,0
DA:14,0
LF:7
LH:0
BRDA:8,0,0,0
BRDA:8,0,1,0
BRDA:11,1,0,0
BRDA:11,1,1,0
BRDA:11,2,0,0
BRDA:11,2,1,0
BRF:6
BRH:0
end_of_record
TN:
SF:src/app/app/functions/shuffleLocally.js
FN:9,(anonymous_0)
FNF:1
FNH:0
FNDA:0,(anonymous_0)
DA:9,1
DA:10,0
DA:11,0
DA:12,0
DA:14,0
LF:5
LH:1
BRDA:9,0,0,0
BRF:1
BRH:0
end_of_record
TN:
SF:src/app/app/functions/sortByArray.js
FN:1,(anonymous_0)
FN:6,(anonymous_1)
FNF:2
FNH:0
FNDA:0,(anonymous_0)
FNDA:0,(anonymous_1)
DA:1,1
DA:2,0
DA:3,0
DA:4,0
DA:6,0
DA:7,0
LF:6
LH:1
BRDA:2,0,0,0
BRDA:2,0,1,0
BRF:2
BRH:0
end_of_record
TN:
SF:src/app/app/functions/time.js
FN:26,(anonymous_0)
FN:34,(anonymous_1)
FN:40,(anonymous_2)
FN:46,(anonymous_3)
FN:52,(anonymous_4)
FNF:5
FNH:1
FNDA:3,(anonymous_0)
FNDA:0,(anonymous_1)
FNDA:0,(anonymous_2)
FNDA:0,(anonymous_3)
FNDA:0,(anonymous_4)
DA:10,1
DA:12,1
DA:14,1
DA:15,1
DA:17,1
DA:18,1
DA:20,1
DA:21,1
DA:26,1
DA:27,3
DA:34,1
DA:40,1
DA:46,1
DA:52,1
LF:14
LH:14
BRF:0
BRH:0
end_of_record
TN:
SF:src/app/app/functions/languageProcessing/phoneticHash.ts
FN:9,(anonymous_0)
FNF:1
FNH:1
FNDA:28813,(anonymous_0)
DA:10,28813
DA:11,28813
LF:2
LH:2
BRDA:10,0,0,0
BRDA:10,0,1,28813
BRF:2
BRH:1
end_of_record
TN:
SF:src/app/app/functions/languageProcessing/regexes.js
FNF:0
FNH:0
DA:1,1
DA:2,1
DA:3,1
LF:3
LH:3
BRF:0
BRH:0
end_of_record
TN:
SF:src/app/app/functions/languageProcessing/removeDiacritics.ts
FN:6,(anonymous_0)
FN:19,(anonymous_1)
FNF:2
FNH:2
FNDA:28813,(anonymous_0)
FNDA:28813,(anonymous_1)
DA:6,1
DA:7,28813
DA:8,28813
DA:19,1
DA:20,28813
DA:21,28813
LF:6
LH:6
BRDA:7,0,0,0
BRDA:7,0,1,28813
BRDA:20,1,0,0
BRDA:20,1,1,28813
BRF:4
BRH:2
end_of_record
TN:
SF:src/app/router/Link.js
FN:12,(anonymous_0)
FN:21,(anonymous_1)
FN:58,(anonymous_2)
FN:59,(anonymous_3)
FN:72,(anonymous_4)
FNF:5
FNH:0
FNDA:0,(anonymous_0)
FNDA:0,(anonymous_1)
FNDA:0,(anonymous_2)
FNDA:0,(anonymous_3)
FNDA:0,(anonymous_4)
DA:9,1
DA:12,0
DA:14,0
DA:15,0
DA:17,0
DA:18,0
DA:19,0
DA:22,0
DA:23,0
DA:24,0
DA:25,0
DA:26,0
DA:27,0
DA:29,0
DA:30,0
DA:35,0
DA:40,0
DA:42,0
DA:43,0
DA:46,0
DA:47,0
DA:53,0
DA:54,0
DA:58,0
DA:59,0
DA:65,0
DA:72,0
LF:27
LH:1
BRDA:14,0,0,0
BRDA:14,0,1,0
BRDA:17,1,0,0
BRDA:17,1,1,0
BRDA:17,2,0,0
BRDA:17,2,1,0
BRDA:17,2,2,0
BRDA:23,3,0,0
BRDA:23,3,1,0
BRDA:24,4,0,0
BRDA:24,4,1,0
BRDA:29,5,0,0
BRDA:29,5,1,0
BRDA:35,6,0,0
BRDA:35,6,1,0
BRDA:36,7,0,0
BRDA:36,7,1,0
BRDA:36,7,2,0
BRDA:42,8,0,0
BRDA:42,8,1,0
BRDA:46,9,0,0
BRDA:46,9,1,0
BRDA:46,10,0,0
BRDA:46,10,1,0
BRDA:46,10,2,0
BRDA:53,11,0,0
BRDA:53,11,1,0
BRF:27
BRH:0
end_of_record
TN:
SF:src/app/router/appUrls.js
FN:34,(anonymous_0)
FN:42,(anonymous_1)
FNF:2
FNH:0
FNDA:0,(anonymous_0)
FNDA:0,(anonymous_1)
DA:10,1
DA:32,1
DA:33,0
DA:35,0
DA:41,0
DA:43,0
LF:6
LH:2
BRDA:32,0,0,0
BRDA:32,0,1,1
BRDA:32,1,0,1
BRDA:32,1,1,0
BRF:4
BRH:2
end_of_record
TN:
SF:src/app/router/reducers.js
FN:3,(anonymous_0)
FNF:1
FNH:1
FNDA:4,(anonymous_0)
DA:3,1
DA:9,4
DA:11,0
DA:16,0
DA:21,4
LF:5
LH:3
BRDA:4,0,0,3
BRDA:5,1,0,3
BRDA:5,1,1,0
BRDA:9,2,0,0
BRDA:9,2,1,0
BRDA:9,2,2,4
BRF:6
BRH:3
end_of_record
TN:
SF:src/app/router/actions/index.js
FN:8,(anonymous_0)
FN:15,(anonymous_1)
FN:24,(anonymous_2)
FN:28,(anonymous_3)
FN:37,(anonymous_4)
FNF:5
FNH:0
FNDA:0,(anonymous_0)
FNDA:0,(anonymous_1)
FNDA:0,(anonymous_2)
FNDA:0,(anonymous_3)
FNDA:0,(anonymous_4)
DA:6,1
DA:7,1
DA:8,1
DA:10,0
DA:11,0
DA:15,1
DA:16,0
DA:17,0
DA:24,1
DA:25,0
DA:28,1
DA:29,0
DA:37,1
DA:38,0
DA:39,0
DA:40,0
DA:44,0
LF:17
LH:7
BRDA:6,0,0,1
BRDA:6,0,1,0
BRDA:10,1,0,0
BRDA:10,1,1,0
BRDA:25,2,0,0
BRDA:25,2,1,0
BRDA:29,3,0,0
BRDA:29,3,1,0
BRDA:38,4,0,0
BRDA:38,4,1,0
BRDA:39,5,0,0
BRDA:39,5,1,0
BRDA:42,6,0,0
BRDA:42,6,1,0
BRF:14
BRH:1
end_of_record
TN:
SF:src/app/router/actions/load.js
FN:13,(anonymous_0)
FN:17,(anonymous_1)
FN:49,(anonymous_2)
FN:55,(anonymous_3)
FN:67,(anonymous_4)
FN:136,(anonymous_5)
FNF:6
FNH:0
FNDA:0,(anonymous_0)
FNDA:0,(anonymous_1)
FNDA:0,(anonymous_2)
FNDA:0,(anonymous_3)
FNDA:0,(anonymous_4)
FNDA:0,(anonymous_5)
DA:11,1
DA:12,1
DA:13,1
DA:14,0
DA:17,1
DA:25,0
DA:26,0
DA:30,0
DA:31,0
DA:32,0
DA:37,0
DA:38,0
DA:40,0
DA:41,0
DA:43,0
DA:50,0
DA:51,0
DA:52,0
DA:56,0
DA:57,0
DA:58,0
DA:67,1
DA:75,0
DA:76,0
DA:78,0
DA:79,0
DA:80,0
DA:81,0
DA:83,0
DA:89,0
DA:92,0
DA:93,0
DA:97,0
DA:110,0
DA:112,0
DA:119,0
DA:121,0
DA:122,0
DA:127,0
DA:128,0
DA:133,0
DA:136,1
DA:137,0
DA:138,0
LF:44
LH:6
BRDA:25,0,0,0
BRDA:25,0,1,0
BRDA:25,1,0,0
BRDA:25,1,1,0
BRDA:25,1,2,0
BRDA:30,2,0,0
BRDA:30,2,1,0
BRDA:37,3,0,0
BRDA:37,3,1,0
BRDA:40,4,0,0
BRDA:40,4,1,0
BRDA:46,5,0,0
BRDA:46,5,1,0
BRDA:51,6,0,0
BRDA:51,6,1,0
BRDA:56,7,0,0
BRDA:56,7,1,0
BRDA:57,8,0,0
BRDA:57,8,1,0
BRDA:76,9,0,0
BRDA:76,9,1,0
BRDA:78,10,0,0
BRDA:78,10,1,0
BRDA:81,11,0,0
BRDA:81,11,1,0
BRDA:119,12,0,0
BRDA:119,12,1,0
BRDA:121,13,0,0
BRDA:121,13,1,0
BRDA:121,14,0,0
BRDA:121,14,1,0
BRDA:128,15,0,0
BRDA:128,15,1,0
BRDA:137,16,0,0
BRDA:137,16,1,0
BRF:35
BRH:0
end_of_record
TN:
SF:src/app/router/actions/updateURL.js
FN:11,updateURL
FN:106,(anonymous_1)
FNF:2
FNH:0
FNDA:0,updateURL
FNDA:0,(anonymous_1)
DA:13,0
DA:14,0
DA:15,0
DA:18,0
DA:19,0
DA:21,0
DA:22,0
DA:23,0
DA:25,0
DA:28,0
DA:30,0
DA:31,0
DA:33,0
DA:34,0
DA:36,0
DA:37,0
DA:39,0
DA:40,0
DA:42,0
DA:43,0
DA:46,0
DA:47,0
DA:53,0
DA:54,0
DA:60,0
DA:61,0
DA:64,0
DA:65,0
DA:69,0
DA:72,0
DA:73,0
DA:74,0
DA:76,0
DA:80,0
DA:81,0
DA:89,0
DA:90,0
DA:91,0
DA:98,0
DA:99,0
DA:101,0
DA:106,1
DA:107,0
DA:108,0
DA:109,0
LF:45
LH:1
BRDA:11,0,0,0
BRDA:14,1,0,0
BRDA:14,1,1,0
BRDA:21,2,0,0
BRDA:21,2,1,0
BRDA:21,3,0,0
BRDA:21,3,1,0
BRDA:22,4,0,0
BRDA:22,4,1,0
BRDA:30,5,0,0
BRDA:30,5,1,0
BRDA:33,6,0,0
BRDA:33,6,1,0
BRDA:36,7,0,0
BRDA:36,7,1,0
BRDA:42,8,0,0
BRDA:42,8,1,0
BRDA:42,9,0,0
BRDA:42,9,1,0
BRDA:46,10,0,0
BRDA:46,10,1,0
BRDA:46,11,0,0
BRDA:46,11,1,0
BRDA:46,11,2,0
BRDA:47,12,0,0
BRDA:47,12,1,0
BRDA:53,13,0,0
BRDA:53,13,1,0
BRDA:64,14,0,0
BRDA:64,14,1,0
BRDA:72,15,0,0
BRDA:72,15,1,0
BRDA:72,16,0,0
BRDA:72,16,1,0
BRDA:73,17,0,0
BRDA:73,17,1,0
BRDA:80,18,0,0
BRDA:80,18,1,0
BRDA:80,19,0,0
BRDA:80,19,1,0
BRDA:89,20,0,0
BRDA:89,20,1,0
BRDA:89,21,0,0
BRDA:89,21,1,0
BRDA:89,21,2,0
BRDA:98,22,0,0
BRDA:98,22,1,0
BRF:47
BRH:0
end_of_record
TN:
SF:src/app/user/LoginForm.js
FN:10,(anonymous_0)
FN:18,(anonymous_1)
FN:20,(anonymous_2)
FN:26,(anonymous_3)
FN:52,(anonymous_4)
FN:76,(anonymous_5)
FN:89,(anonymous_6)
FN:93,(anonymous_7)
FN:159,(anonymous_8)
FN:178,(anonymous_9)
FNF:10
FNH:0
FNDA:0,(anonymous_0)
FNDA:0,(anonymous_1)
FNDA:0,(anonymous_2)
FNDA:0,(anonymous_3)
FNDA:0,(anonymous_4)
FNDA:0,(anonymous_5)
FNDA:0,(anonymous_6)
FNDA:0,(anonymous_7)
FNDA:0,(anonymous_8)
FNDA:0,(anonymous_9)
DA:11,0
DA:12,0
DA:13,0
DA:18,0
DA:19,0
DA:20,0
DA:26,0
DA:27,0
DA:40,0
DA:45,0
DA:46,0
DA:47,0
DA:53,0
DA:56,0
DA:61,0
DA:62,0
DA:63,0
DA:65,0
DA:77,0
DA:78,0
DA:79,0
DA:81,0
DA:82,0
DA:84,0
DA:85,0
DA:87,0
DA:90,0
DA:94,0
DA:160,0
DA:161,0
DA:162,0
DA:178,0
LF:32
LH:0
BRDA:19,0,0,0
BRDA:19,0,1,0
BRDA:45,1,0,0
BRDA:45,1,1,0
BRDA:46,2,0,0
BRDA:46,2,1,0
BRDA:48,3,0,0
BRDA:48,3,1,0
BRDA:53,4,0,0
BRDA:53,4,1,0
BRDA:56,5,0,0
BRDA:56,5,1,0
BRDA:78,6,0,0
BRDA:78,6,1,0
BRDA:81,7,0,0
BRDA:81,7,1,0
BRDA:81,8,0,0
BRDA:81,8,1,0
BRDA:84,9,0,0
BRDA:84,9,1,0
BRDA:97,10,0,0
BRDA:97,10,1,0
BRDA:109,11,0,0
BRDA:109,11,1,0
BRDA:119,12,0,0
BRDA:119,12,1,0
BRDA:133,13,0,0
BRDA:133,13,1,0
BRDA:133,13,2,0
BRDA:136,14,0,0
BRDA:136,14,1,0
BRDA:154,15,0,0
BRDA:154,15,1,0
BRDA:161,16,0,0
BRDA:161,16,1,0
BRDA:169,17,0,0
BRDA:169,17,1,0
BRF:37
BRH:0
end_of_record
TN:
SF:src/app/user/actions.js
FN:11,(anonymous_0)
FN:46,(anonymous_1)
FN:56,(anonymous_2)
FN:63,(anonymous_3)
FN:81,(anonymous_4)
FN:85,(anonymous_5)
FN:91,(anonymous_6)
FNF:7
FNH:2
FNDA:0,(anonymous_0)
FNDA:0,(anonymous_1)
FNDA:0,(anonymous_2)
FNDA:1,(anonymous_3)
FNDA:1,(anonymous_4)
FNDA:0,(anonymous_5)
FNDA:0,(anonymous_6)
DA:11,1
DA:12,0
DA:13,0
DA:14,0
DA:16,0
DA:24,0
DA:25,0
DA:26,0
DA:28,0
DA:29,0
DA:32,0
DA:33,0
DA:36,0
DA:40,0
DA:41,0
DA:42,0
DA:46,1
DA:47,0
DA:48,0
DA:49,0
DA:53,0
DA:56,1
DA:57,0
DA:63,1
DA:64,1
DA:65,1
DA:66,1
DA:67,0
DA:68,0
DA:71,0
DA:72,0
DA:74,0
DA:75,0
DA:78,1
DA:81,1
DA:82,1
DA:85,1
DA:86,0
DA:91,1
DA:92,0
DA:93,0
DA:94,0
LF:42
LH:12
BRDA:14,0,0,0
BRDA:14,0,1,0
BRDA:24,1,0,0
BRDA:24,1,1,0
BRDA:25,2,0,0
BRDA:25,2,1,0
BRDA:32,3,0,0
BRDA:32,3,1,0
BRDA:64,4,0,0
BRDA:64,4,1,1
BRDA:66,5,0,0
BRDA:66,5,1,1
BRDA:71,6,0,0
BRDA:71,6,1,0
BRDA:74,7,0,0
BRDA:74,7,1,0
BRDA:86,8,0,0
BRDA:86,8,1,0
BRDA:93,9,0,0
BRDA:93,9,1,0
BRF:20
BRH:2
end_of_record
TN:
SF:src/app/user/reducers.js
FN:1,(anonymous_0)
FNF:1
FNH:1
FNDA:4,(anonymous_0)
DA:1,1
DA:2,4
DA:4,0
DA:6,4
LF:4
LH:3
BRDA:1,0,0,3
BRDA:2,1,0,0
BRDA:2,1,1,4
BRF:3
BRH:2
end_of_record
TN:
SF:src/app/user/screens/Login.js
FN:4,(anonymous_0)
FNF:1
FNH:0
FNDA:0,(anonymous_0)
DA:5,0
LF:1
LH:0
BRF:0
BRH:0
end_of_record
TN:
SF:src/app/user/screens/Settings.js
FN:7,(anonymous_0)
FN:9,(anonymous_1)
FN:14,(anonymous_2)
FN:24,(anonymous_3)
FNF:4
FNH:0
FNDA:0,(anonymous_0)
FNDA:0,(anonymous_1)
FNDA:0,(anonymous_2)
FNDA:0,(anonymous_3)
DA:8,0
DA:9,0
DA:10,0
DA:15,0
DA:24,0
LF:5
LH:0
BRDA:8,0,0,0
BRDA:8,0,1,0
BRF:2
BRH:0
end_of_record
TN:
SF:src/app/vocabulary/reducers.js
FN:7,(anonymous_0)
FN:16,(anonymous_1)
FN:33,(anonymous_2)
FNF:3
FNH:3
FNDA:6,(anonymous_0)
FNDA:6,(anonymous_1)
FNDA:6,(anonymous_2)
DA:7,1
DA:8,6
DA:10,1
DA:12,5
DA:16,1
DA:17,6
DA:19,0
DA:24,0
DA:29,6
DA:33,1
DA:38,6
DA:40,0
DA:41,0
DA:43,6
DA:47,1
LF:15
LH:11
BRDA:7,0,0,5
BRDA:8,1,0,1
BRDA:8,1,1,5
BRDA:16,2,0,5
BRDA:17,3,0,0
BRDA:17,3,1,0
BRDA:17,3,2,6
BRDA:34,4,0,5
BRDA:34,5,0,5
BRDA:34,5,1,5
BRDA:38,6,0,0
BRDA:38,6,1,6
BRDA:40,7,0,0
BRDA:40,7,1,0
BRF:14
BRH:9
end_of_record
TN:
SF:src/app/vocabulary/actions/createSchedule.js
FN:27,createSchedule
FN:33,(anonymous_1)
FN:35,(anonymous_2)
FN:45,(anonymous_3)
FN:122,(anonymous_4)
FN:125,(anonymous_5)
FNF:6
FNH:0
FNDA:0,createSchedule
FNDA:0,(anonymous_1)
FNDA:0,(anonymous_2)
FNDA:0,(anonymous_3)
FNDA:0,(anonymous_4)
FNDA:0,(anonymous_5)
DA:21,1
DA:28,0
DA:29,0
DA:30,0
DA:31,0
DA:33,0
DA:35,0
DA:37,0
DA:38,0
DA:39,0
DA:40,0
DA:41,0
DA:42,0
DA:43,0
DA:44,0
DA:45,0
DA:46,0
DA:48,0
DA:51,0
DA:52,0
DA:53,0
DA:55,0
DA:58,0
DA:59,0
DA:61,0
DA:66,0
DA:67,0
DA:68,0
DA:69,0
DA:70,0
DA:71,0
DA:72,0
DA:75,0
DA:76,0
DA:82,0
DA:83,0
DA:84,0
DA:85,0
DA:88,0
DA:96,0
DA:97,0
DA:98,0
DA:99,0
DA:104,0
DA:114,0
DA:117,0
DA:118,0
DA:123,0
DA:128,0
DA:129,0
DA:130,0
DA:131,0
DA:134,0
DA:140,0
LF:54
LH:1
BRDA:29,0,0,0
BRDA:29,0,1,0
BRDA:33,1,0,0
BRDA:33,1,1,0
BRDA:41,2,0,0
BRDA:41,2,1,0
BRDA:48,3,0,0
BRDA:48,3,1,0
BRDA:51,4,0,0
BRDA:51,4,1,0
BRDA:52,5,0,0
BRDA:52,5,1,0
BRDA:58,6,0,0
BRDA:58,6,1,0
BRDA:66,7,0,0
BRDA:66,7,1,0
BRDA:68,8,0,0
BRDA:68,8,1,0
BRDA:69,9,0,0
BRDA:69,9,1,0
BRDA:71,10,0,0
BRDA:71,10,1,0
BRDA:75,11,0,0
BRDA:75,11,1,0
BRDA:76,12,0,0
BRDA:76,12,1,0
BRDA:83,13,0,0
BRDA:83,13,1,0
BRDA:96,14,0,0
BRDA:96,14,1,0
BRDA:96,15,0,0
BRDA:96,15,1,0
BRDA:117,16,0,0
BRDA:117,16,1,0
BRDA:130,17,0,0
BRDA:130,17,1,0
BRDA:130,18,0,0
BRDA:130,18,1,0
BRF:38
BRH:0
end_of_record
TN:
SF:src/app/vocabulary/actions/deck.js
FN:22,(anonymous_0)
FN:27,(anonymous_1)
FN:30,(anonymous_2)
FN:38,(anonymous_3)
FN:42,(anonymous_4)
FN:48,(anonymous_5)
FN:53,(anonymous_6)
FN:60,(anonymous_7)
FNF:8
FNH:5
FNDA:1,(anonymous_0)
FNDA:5538,(anonymous_1)
FNDA:2848,(anonymous_2)
FNDA:5538,(anonymous_3)
FNDA:5537,(anonymous_4)
FNDA:0,(anonymous_5)
FNDA:0,(anonymous_6)
FNDA:0,(anonymous_7)
DA:23,1
DA:24,1
DA:25,1
DA:26,1
DA:27,5538
DA:29,1
DA:31,2848
DA:33,1
DA:34,1
DA:35,1
DA:37,1
DA:39,5538
DA:42,5537
DA:44,1
DA:45,1
DA:49,0
DA:50,0
DA:51,0
DA:54,0
DA:55,0
DA:56,0
DA:57,0
DA:61,0
LF:23
LH:15
BRDA:33,0,0,1
BRDA:33,0,1,0
BRDA:34,1,0,1
BRDA:34,1,1,0
BRDA:44,2,0,1
BRDA:44,2,1,0
BRF:6
BRH:3
end_of_record
TN:
SF:src/app/vocabulary/actions/initialize.js
FN:12,(anonymous_0)
FN:45,(anonymous_1)
FNF:2
FNH:2
FNDA:1,(anonymous_0)
FNDA:1,(anonymous_1)
DA:12,1
DA:13,1
DA:14,1
DA:20,1
DA:21,1
DA:22,1
DA:32,1
DA:38,1
DA:45,1
DA:46,1
DA:47,1
DA:51,1
LF:12
LH:12
BRDA:46,0,0,0
BRDA:46,0,1,1
BRDA:48,1,0,1
BRDA:48,1,1,1
BRF:4
BRH:3
end_of_record
TN:
SF:src/app/vocabulary/actions/sync.js
FN:48,(anonymous_0)
FN:100,(anonymous_1)
FN:102,(anonymous_2)
FN:110,(anonymous_3)
FN:123,(anonymous_4)
FN:130,(anonymous_5)
FN:134,(anonymous_6)
FN:154,(anonymous_7)
FN:169,(anonymous_8)
FN:179,(anonymous_9)
FN:183,(anonymous_10)
FN:196,(anonymous_11)
FN:197,(anonymous_12)
FN:200,(anonymous_13)
FNF:14
FNH:2
FNDA:1,(anonymous_0)
FNDA:1,(anonymous_1)
FNDA:0,(anonymous_2)
FNDA:0,(anonymous_3)
FNDA:0,(anonymous_4)
FNDA:0,(anonymous_5)
FNDA:0,(anonymous_6)
FNDA:0,(anonymous_7)
FNDA:0,(anonymous_8)
FNDA:0,(anonymous_9)
FNDA:0,(anonymous_10)
FNDA:0,(anonymous_11)
FNDA:0,(anonymous_12)
FNDA:0,(anonymous_13)
DA:12,1
DA:48,1
DA:52,1
DA:53,0
DA:55,1
DA:59,1
DA:61,1
DA:63,1
DA:64,0
DA:67,1
DA:68,1
DA:69,1
DA:72,0
DA:74,0
DA:81,0
DA:83,0
DA:87,0
DA:88,0
DA:89,0
DA:91,0
DA:93,0
DA:100,1
DA:101,1
DA:102,1
DA:103,0
DA:104,0
DA:107,1
DA:110,1
DA:111,0
DA:113,0
DA:115,0
DA:120,0
DA:123,1
DA:124,0
DA:126,1
DA:127,1
DA:130,1
DA:131,0
DA:134,1
DA:135,0
DA:154,1
DA:155,0
DA:161,0
DA:162,0
DA:163,0
DA:164,0
DA:166,0
DA:168,0
DA:169,0
DA:170,0
DA:179,1
DA:180,0
DA:181,0
DA:182,0
DA:183,0
DA:184,0
DA:185,0
DA:188,0
DA:196,1
DA:197,0
DA:198,0
DA:200,0
DA:201,0
DA:203,0
LF:64
LH:23
BRDA:48,0,0,0
BRDA:52,1,0,0
BRDA:52,1,1,1
BRDA:52,2,0,1
BRDA:52,2,1,1
BRDA:55,3,0,1
BRDA:55,3,1,1
BRDA:59,4,0,1
BRDA:59,4,1,1
BRDA:63,5,0,0
BRDA:63,5,1,1
BRDA:67,6,0,1
BRDA:67,6,1,0
BRDA:77,7,0,0
BRDA:77,7,1,0
BRDA:77,7,2,0
BRDA:88,8,0,0
BRDA:88,8,1,0
BRDA:102,9,0,1
BRDA:102,9,1,1
BRDA:103,10,0,0
BRDA:103,10,1,0
BRDA:111,11,0,0
BRDA:111,11,1,0
BRDA:124,12,0,0
BRDA:124,12,1,0
BRDA:126,13,0,1
BRDA:126,13,1,0
BRDA:135,14,0,0
BRDA:135,14,1,0
BRDA:154,15,0,0
BRDA:154,16,0,0
BRDA:156,17,0,0
BRDA:156,17,1,0
BRDA:161,18,0,0
BRDA:161,18,1,0
BRDA:161,19,0,0
BRDA:161,19,1,0
BRDA:162,20,0,0
BRDA:162,20,1,0
BRDA:168,21,0,0
BRDA:168,21,1,0
BRDA:180,22,0,0
BRDA:180,22,1,0
BRDA:184,23,0,0
BRDA:184,23,1,0
BRDA:184,24,0,0
BRDA:184,24,1,0
BRF:48
BRH:12
end_of_record
TN:
SF:src/app/vocabulary/actions/card/card.js
FN:54,(anonymous_0)
FN:63,(anonymous_1)
FN:67,(anonymous_2)
FN:74,(anonymous_3)
FN:75,(anonymous_4)
FN:81,(anonymous_5)
FN:89,(anonymous_6)
FN:90,(anonymous_7)
FN:96,(anonymous_8)
FN:105,(anonymous_9)
FN:117,(anonymous_10)
FN:125,(anonymous_11)
FN:129,(anonymous_12)
FN:138,(anonymous_13)
FN:139,(anonymous_14)
FN:149,(anonymous_15)
FN:156,(anonymous_16)
FN:163,(anonymous_17)
FN:170,(anonymous_18)
FN:177,(anonymous_19)
FN:184,(anonymous_20)
FN:191,(anonymous_21)
FN:198,(anonymous_22)
FN:205,(anonymous_23)
FN:212,(anonymous_24)
FN:219,(anonymous_25)
FN:227,(anonymous_26)
FN:229,(anonymous_27)
FN:240,(anonymous_28)
FN:243,(anonymous_29)
FN:251,(anonymous_30)
FN:259,(anonymous_31)
FN:266,(anonymous_32)
FN:273,(anonymous_33)
FN:289,(anonymous_34)
FN:291,(anonymous_35)
FN:298,(anonymous_36)
FN:299,(anonymous_37)
FN:307,(anonymous_38)
FN:309,(anonymous_39)
FN:310,(anonymous_40)
FN:320,(anonymous_41)
FN:327,(anonymous_42)
FN:330,(anonymous_43)
FN:331,(anonymous_44)
FN:341,(anonymous_45)
FN:344,(anonymous_46)
FN:350,(anonymous_47)
FN:358,(anonymous_48)
FN:366,(anonymous_49)
FN:374,(anonymous_50)
FN:388,(anonymous_51)
FN:389,(anonymous_52)
FN:391,(anonymous_53)
FN:402,(anonymous_54)
FN:410,(anonymous_55)
FNF:56
FNH:13
FNDA:5538,(anonymous_0)
FNDA:9,(anonymous_1)
FNDA:1,(anonymous_2)
FNDA:2,(anonymous_3)
FNDA:2,(anonymous_4)
FNDA:2,(anonymous_5)
FNDA:0,(anonymous_6)
FNDA:0,(anonymous_7)
FNDA:0,(anonymous_8)
FNDA:0,(anonymous_9)
FNDA:0,(anonymous_10)
FNDA:0,(anonymous_11)
FNDA:0,(anonymous_12)
FNDA:0,(anonymous_13)
FNDA:0,(anonymous_14)
FNDA:0,(anonymous_15)
FNDA:0,(anonymous_16)
FNDA:0,(anonymous_17)
FNDA:0,(anonymous_18)
FNDA:0,(anonymous_19)
FNDA:0,(anonymous_20)
FNDA:0,(anonymous_21)
FNDA:0,(anonymous_22)
FNDA:0,(anonymous_23)
FNDA:0,(anonymous_24)
FNDA:0,(anonymous_25)
FNDA:0,(anonymous_26)
FNDA:0,(anonymous_27)
FNDA:0,(anonymous_28)
FNDA:0,(anonymous_29)
FNDA:0,(anonymous_30)
FNDA:0,(anonymous_31)
FNDA:0,(anonymous_32)
FNDA:0,(anonymous_33)
FNDA:2,(anonymous_34)
FNDA:4,(anonymous_35)
FNDA:0,(anonymous_36)
FNDA:0,(anonymous_37)
FNDA:2,(anonymous_38)
FNDA:2,(anonymous_39)
FNDA:4,(anonymous_40)
FNDA:0,(anonymous_41)
FNDA:0,(anonymous_42)
FNDA:0,(anonymous_43)
FNDA:0,(anonymous_44)
FNDA:0,(anonymous_45)
FNDA:0,(anonymous_46)
FNDA:0,(anonymous_47)
FNDA:0,(anonymous_48)
FNDA:0,(anonymous_49)
FNDA:0,(anonymous_50)
FNDA:0,(anonymous_51)
FNDA:0,(anonymous_52)
FNDA:0,(anonymous_53)
FNDA:5538,(anonymous_54)
FNDA:41008,(anonymous_55)
DA:55,5538
DA:56,5538
DA:57,5538
DA:64,9
DA:68,1
DA:75,2
DA:82,2
DA:90,0
DA:97,0
DA:106,0
DA:107,0
DA:118,0
DA:126,0
DA:130,0
DA:139,0
DA:150,0
DA:157,0
DA:164,0
DA:171,0
DA:178,0
DA:185,0
DA:192,0
DA:199,0
DA:206,0
DA:213,0
DA:220,0
DA:221,0
DA:229,0
DA:230,0
DA:231,0
DA:234,0
DA:241,0
DA:243,0
DA:252,0
DA:253,0
DA:260,0
DA:267,0
DA:274,0
DA:278,0
DA:290,2
DA:291,4
DA:299,0
DA:300,0
DA:308,2
DA:309,2
DA:310,2
DA:311,4
DA:314,2
DA:321,0
DA:328,0
DA:329,0
DA:330,0
DA:331,0
DA:332,0
DA:335,0
DA:342,0
DA:344,0
DA:351,0
DA:359,0
DA:367,0
DA:375,0
DA:389,0
DA:390,0
DA:392,0
DA:403,5538
DA:410,41008
LF:66
LH:16
BRDA:109,0,0,0
BRDA:109,0,1,0
BRDA:109,0,2,0
BRDA:109,0,3,0
BRDA:118,1,0,0
BRDA:118,1,1,0
BRDA:118,1,2,0
BRDA:126,2,0,0
BRDA:126,2,1,0
BRDA:130,3,0,0
BRDA:130,3,1,0
BRDA:171,4,0,0
BRDA:171,4,1,0
BRDA:199,5,0,0
BRDA:199,5,1,0
BRDA:206,6,0,0
BRDA:206,6,1,0
BRDA:213,7,0,0
BRDA:213,7,1,0
BRDA:221,8,0,0
BRDA:221,8,1,0
BRDA:230,9,0,0
BRDA:230,9,1,0
BRDA:252,10,0,0
BRDA:252,10,1,0
BRDA:275,11,0,0
BRDA:275,11,1,0
BRDA:392,12,0,0
BRDA:392,12,1,0
BRDA:392,12,2,0
BRDA:392,12,3,0
BRDA:392,12,4,0
BRDA:404,13,0,5538
BRDA:404,13,1,0
BRF:34
BRH:1
end_of_record
TN:
SF:src/app/vocabulary/actions/card/functions.js
FN:9,(anonymous_0)
FN:17,(anonymous_1)
FN:25,(anonymous_2)
FN:26,(anonymous_3)
FN:33,(anonymous_4)
FN:41,(anonymous_5)
FN:49,(anonymous_6)
FN:57,(anonymous_7)
FN:59,(anonymous_8)
FN:69,(anonymous_9)
FN:76,(anonymous_10)
FN:84,(anonymous_11)
FN:85,(anonymous_12)
FN:94,(anonymous_13)
FN:96,(anonymous_14)
FN:104,(anonymous_15)
FNF:16
FNH:3
FNDA:4,(anonymous_0)
FNDA:2,(anonymous_1)
FNDA:0,(anonymous_2)
FNDA:0,(anonymous_3)
FNDA:0,(anonymous_4)
FNDA:0,(anonymous_5)
FNDA:0,(anonymous_6)
FNDA:0,(anonymous_7)
FNDA:0,(anonymous_8)
FNDA:0,(anonymous_9)
FNDA:0,(anonymous_10)
FNDA:0,(anonymous_11)
FNDA:0,(anonymous_12)
FNDA:0,(anonymous_13)
FNDA:0,(anonymous_14)
FNDA:1,(anonymous_15)
DA:9,1
DA:10,4
DA:17,1
DA:18,2
DA:25,1
DA:26,0
DA:33,1
DA:34,0
DA:41,1
DA:42,0
DA:49,1
DA:50,0
DA:57,1
DA:58,0
DA:59,0
DA:69,1
DA:70,0
DA:76,1
DA:77,0
DA:84,1
DA:85,0
DA:94,1
DA:95,0
DA:96,0
DA:104,1
DA:105,1
LF:26
LH:15
BRDA:10,0,0,4
BRDA:10,0,1,0
BRDA:34,1,0,0
BRDA:34,1,1,0
BRDA:50,2,0,0
BRDA:50,2,1,0
BRF:6
BRH:1
end_of_record
TN:
SF:src/app/vocabulary/actions/card/term.js
FN:13,(anonymous_0)
FN:21,(anonymous_1)
FN:28,(anonymous_2)
FN:35,(anonymous_3)
FN:42,(anonymous_4)
FN:52,(anonymous_5)
FN:55,(anonymous_6)
FN:63,(anonymous_7)
FN:65,(anonymous_8)
FNF:9
FNH:2
FNDA:2848,(anonymous_0)
FNDA:0,(anonymous_1)
FNDA:2,(anonymous_2)
FNDA:0,(anonymous_3)
FNDA:0,(anonymous_4)
FNDA:0,(anonymous_5)
FNDA:0,(anonymous_6)
FNDA:0,(anonymous_7)
FNDA:0,(anonymous_8)
DA:14,2848
DA:15,2848
DA:22,0
DA:29,2
DA:36,0
DA:43,0
DA:53,0
DA:54,0
DA:55,0
DA:57,0
DA:64,0
DA:65,0
LF:12
LH:3
BRDA:44,0,0,0
BRDA:44,0,1,0
BRF:2
BRH:0
end_of_record
TN:
SF:src/app/vocabulary/actions/cardInSession/addRelatedCardsToSession.js
FN:10,(anonymous_0)
FN:12,(anonymous_1)
FNF:2
FNH:0
FNDA:0,(anonymous_0)
FNDA:0,(anonymous_1)
DA:10,1
DA:11,0
DA:12,0
DA:14,0
DA:17,0
DA:18,0
DA:22,0
DA:25,0
DA:39,0
DA:40,0
DA:44,0
LF:11
LH:1
BRDA:14,0,0,0
BRDA:14,0,1,0
BRDA:17,1,0,0
BRDA:17,1,1,0
BRDA:22,2,0,0
BRDA:22,2,1,0
BRDA:25,3,0,0
BRDA:25,3,1,0
BRDA:26,4,0,0
BRDA:26,4,1,0
BRDA:26,4,2,0
BRDA:26,4,3,0
BRDA:26,4,4,0
BRF:13
BRH:0
end_of_record
TN:
SF:src/app/vocabulary/actions/cardInSession/getRanking.js
FN:7,getRanking
FN:17,(anonymous_1)
FN:60,(anonymous_2)
FN:62,(anonymous_3)
FNF:4
FNH:0
FNDA:0,getRanking
FNDA:0,(anonymous_1)
FNDA:0,(anonymous_2)
FNDA:0,(anonymous_3)
DA:8,0
DA:10,0
DA:11,0
DA:12,0
DA:16,0
DA:17,0
DA:19,0
DA:25,0
DA:26,0
DA:30,0
DA:31,0
DA:35,0
DA:40,0
DA:43,0
DA:44,0
DA:48,0
DA:49,0
DA:50,0
DA:52,0
DA:53,0
DA:57,0
DA:60,0
DA:62,0
DA:64,0
DA:68,0
LF:25
LH:0
BRDA:10,0,0,0
BRDA:10,0,1,0
BRDA:16,1,0,0
BRDA:16,1,1,0
BRDA:25,2,0,0
BRDA:25,2,1,0
BRDA:25,3,0,0
BRDA:25,3,1,0
BRDA:30,4,0,0
BRDA:30,4,1,0
BRDA:35,5,0,0
BRDA:35,5,1,0
BRDA:36,6,0,0
BRDA:36,6,1,0
BRDA:36,6,2,0
BRDA:43,7,0,0
BRDA:43,7,1,0
BRDA:48,8,0,0
BRDA:48,8,1,0
BRDA:50,9,0,0
BRDA:50,9,1,0
BRDA:52,10,0,0
BRDA:52,10,1,0
BRDA:52,11,0,0
BRDA:52,11,1,0
BRDA:57,12,0,0
BRDA:57,12,1,0
BRDA:58,13,0,0
BRDA:58,13,1,0
BRDA:58,13,2,0
BRF:30
BRH:0
end_of_record
TN:
SF:src/app/vocabulary/actions/cardInSession/index.js
FN:15,(anonymous_0)
FN:26,(anonymous_1)
FN:28,(anonymous_2)
FN:33,(anonymous_3)
FN:43,(anonymous_4)
FN:50,(anonymous_5)
FN:51,(anonymous_6)
FN:57,(anonymous_7)
FN:64,(anonymous_8)
FN:71,(anonymous_9)
FNF:10
FNH:0
FNDA:0,(anonymous_0)
FNDA:0,(anonymous_1)
FNDA:0,(anonymous_2)
FNDA:0,(anonymous_3)
FNDA:0,(anonymous_4)
FNDA:0,(anonymous_5)
FNDA:0,(anonymous_6)
FNDA:0,(anonymous_7)
FNDA:0,(anonymous_8)
FNDA:0,(anonymous_9)
DA:4,1
DA:5,1
DA:6,1
DA:16,0
DA:17,0
DA:18,0
DA:19,0
DA:28,0
DA:30,0
DA:34,0
DA:44,0
DA:51,0
DA:58,0
DA:65,0
DA:72,0
DA:79,1
LF:16
LH:4
BRDA:18,0,0,0
BRDA:18,0,1,0
BRDA:20,1,0,0
BRDA:20,1,1,0
BRDA:20,2,0,0
BRDA:20,2,1,0
BRDA:34,3,0,0
BRDA:34,3,1,0
BRDA:73,4,0,0
BRDA:73,4,1,0
BRF:10
BRH:0
end_of_record
TN:
SF:src/app/vocabulary/actions/cardInSession/postponeRelatedCards.js
FN:7,postponeRelatedCards
FN:10,(anonymous_1)
FNF:2
FNH:0
FNDA:0,postponeRelatedCards
FNDA:0,(anonymous_1)
DA:8,0
DA:10,0
DA:12,0
DA:13,0
DA:14,0
DA:16,0
DA:19,0
DA:20,0
DA:21,0
DA:22,0
DA:23,0
DA:24,0
DA:26,0
DA:32,0
DA:33,0
DA:34,0
DA:35,0
DA:36,0
DA:37,0
DA:40,0
DA:47,0
DA:55,0
DA:56,0
DA:60,0
DA:61,0
DA:66,0
DA:67,0
DA:68,0
LF:28
LH:0
BRDA:12,0,0,0
BRDA:12,0,1,0
BRDA:13,1,0,0
BRDA:13,1,1,0
BRDA:13,2,0,0
BRDA:13,2,1,0
BRDA:19,3,0,0
BRDA:19,3,1,0
BRDA:21,4,0,0
BRDA:21,4,1,0
BRDA:22,5,0,0
BRDA:22,5,1,0
BRDA:22,6,0,0
BRDA:22,6,1,0
BRDA:32,7,0,0
BRDA:32,7,1,0
BRDA:34,8,0,0
BRDA:34,8,1,0
BRDA:36,9,0,0
BRDA:36,9,1,0
BRDA:47,10,0,0
BRDA:47,10,1,0
BRDA:48,11,0,0
BRDA:48,11,1,0
BRDA:48,11,2,0
BRDA:48,11,3,0
BRDA:48,11,4,0
BRDA:48,11,5,0
BRDA:48,11,6,0
BRDA:60,12,0,0
BRDA:60,12,1,0
BRDA:66,13,0,0
BRDA:66,13,1,0
BRF:33
BRH:0
end_of_record
TN:
SF:src/app/vocabulary/actions/cardInSession/rate.js
FN:8,rate
FNF:1
FNH:0
FNDA:0,rate
DA:9,0
DA:10,0
DA:11,0
DA:12,0
DA:13,0
DA:14,0
DA:15,0
DA:16,0
DA:19,0
DA:20,0
DA:23,0
DA:24,0
DA:26,0
DA:27,0
DA:30,0
DA:31,0
DA:36,0
DA:37,0
DA:40,0
DA:41,0
DA:42,0
DA:43,0
DA:44,0
DA:45,0
DA:46,0
DA:47,0
DA:48,0
DA:49,0
DA:50,0
DA:52,0
DA:53,0
DA:54,0
DA:57,0
DA:58,0
DA:61,0
DA:62,0
DA:63,0
DA:65,0
LF:38
LH:0
BRDA:19,0,0,0
BRDA:19,0,1,0
BRDA:20,1,0,0
BRDA:20,1,1,0
BRDA:23,2,0,0
BRDA:23,2,1,0
BRDA:26,3,0,0
BRDA:26,3,1,0
BRDA:30,4,0,0
BRDA:30,4,1,0
BRDA:36,5,0,0
BRDA:36,5,1,0
BRDA:36,6,0,0
BRDA:36,6,1,0
BRDA:41,7,0,0
BRDA:41,7,1,0
BRDA:44,8,0,0
BRDA:44,8,1,0
BRDA:47,9,0,0
BRDA:47,9,1,0
BRDA:49,10,0,0
BRDA:49,10,1,0
BRDA:49,11,0,0
BRDA:49,11,1,0
BRDA:52,12,0,0
BRDA:52,12,1,0
BRDA:57,13,0,0
BRDA:57,13,1,0
BRDA:67,14,0,0
BRDA:67,14,1,0
BRF:30
BRH:0
end_of_record
TN:
SF:src/app/vocabulary/actions/cardInSession/showIn.js
FN:13,showIn
FN:48,canBeShown
FNF:2
FNH:0
FNDA:0,showIn
FNDA:0,canBeShown
DA:15,0
DA:16,0
DA:18,0
DA:19,0
DA:23,0
DA:24,0
DA:25,0
DA:27,0
DA:30,0
DA:31,0
DA:33,0
DA:49,0
LF:12
LH:0
BRDA:15,0,0,0
BRDA:15,0,1,0
BRDA:18,1,0,0
BRDA:18,1,1,0
BRDA:23,2,0,0
BRDA:23,2,1,0
BRDA:24,3,0,0
BRDA:24,3,1,0
BRDA:24,4,0,0
BRDA:24,4,1,0
BRDA:30,5,0,0
BRDA:30,5,1,0
BRDA:50,6,0,0
BRDA:50,6,1,0
BRF:14
BRH:0
end_of_record
TN:
SF:src/app/vocabulary/actions/createCards/1_Old_cards.js
FN:11,(anonymous_0)
FN:24,(anonymous_1)
FN:25,(anonymous_2)
FN:26,(anonymous_3)
FNF:4
FNH:0
FNDA:0,(anonymous_0)
FNDA:0,(anonymous_1)
FNDA:0,(anonymous_2)
FNDA:0,(anonymous_3)
DA:13,0
DA:15,0
DA:17,0
DA:19,0
DA:21,0
DA:23,0
DA:24,0
DA:25,0
DA:27,0
DA:28,0
DA:29,0
DA:31,0
DA:33,0
DA:34,0
DA:35,0
DA:36,0
DA:38,0
DA:42,0
LF:18
LH:0
BRDA:27,0,0,0
BRDA:27,0,1,0
BRDA:28,1,0,0
BRDA:28,1,1,0
BRDA:33,2,0,0
BRDA:33,2,1,0
BRDA:35,3,0,0
BRDA:35,3,1,0
BRF:8
BRH:0
end_of_record
TN:
SF:src/app/vocabulary/actions/createCards/2_New_cards.js
FN:7,(anonymous_0)
FN:9,(anonymous_1)
FN:15,(anonymous_2)
FN:21,(anonymous_3)
FNF:4
FNH:0
FNDA:0,(anonymous_0)
FNDA:0,(anonymous_1)
FNDA:0,(anonymous_2)
FNDA:0,(anonymous_3)
DA:8,0
DA:9,0
DA:12,0
DA:14,0
DA:16,0
DA:19,0
DA:20,0
DA:22,0
DA:27,0
LF:9
LH:0
BRDA:9,0,0,0
BRDA:9,0,1,0
BRDA:12,1,0,0
BRDA:12,1,1,0
BRDA:19,2,0,0
BRDA:19,2,1,0
BRF:6
BRH:0
end_of_record
TN:
SF:src/app/vocabulary/actions/createCards/3_Choose_cards.js
FN:7,(anonymous_0)
FN:104,(anonymous_1)
FN:105,(anonymous_2)
FN:107,(anonymous_3)
FNF:4
FNH:0
FNDA:0,(anonymous_0)
FNDA:0,(anonymous_1)
FNDA:0,(anonymous_2)
FNDA:0,(anonymous_3)
DA:21,0
DA:24,0
DA:27,0
DA:29,0
DA:37,0
DA:38,0
DA:39,0
DA:40,0
DA:42,0
DA:43,0
DA:49,0
DA:50,0
DA:54,0
DA:55,0
DA:57,0
DA:58,0
DA:60,0
DA:61,0
DA:65,0
DA:66,0
DA:67,0
DA:70,0
DA:75,0
DA:76,0
DA:77,0
DA:78,0
DA:83,0
DA:84,0
DA:85,0
DA:88,0
DA:97,0
DA:98,0
DA:101,0
DA:104,1
DA:105,1
DA:106,0
DA:107,0
DA:108,0
LF:38
LH:2
BRDA:39,0,0,0
BRDA:39,0,1,0
BRDA:42,1,0,0
BRDA:42,1,1,0
BRDA:51,2,0,0
BRDA:51,2,1,0
BRDA:54,3,0,0
BRDA:54,3,1,0
BRDA:57,4,0,0
BRDA:57,4,1,0
BRDA:60,5,0,0
BRDA:60,5,1,0
BRDA:60,6,0,0
BRDA:60,6,1,0
BRDA:65,7,0,0
BRDA:65,7,1,0
BRDA:66,8,0,0
BRDA:66,8,1,0
BRDA:75,9,0,0
BRDA:75,9,1,0
BRDA:75,10,0,0
BRDA:75,10,1,0
BRDA:75,10,2,0
BRDA:76,11,0,0
BRDA:76,11,1,0
BRDA:83,12,0,0
BRDA:83,12,1,0
BRDA:83,13,0,0
BRDA:83,13,1,0
BRDA:84,14,0,0
BRDA:84,14,1,0
BRDA:84,15,0,0
BRDA:84,15,1,0
BRDA:97,16,0,0
BRDA:97,16,1,0
BRF:35
BRH:0
end_of_record
TN:
SF:src/app/vocabulary/actions/createCards/4_Dependencies.js
FN:6,(anonymous_0)
FN:9,(anonymous_1)
FN:12,(anonymous_2)
FNF:3
FNH:0
FNDA:0,(anonymous_0)
FNDA:0,(anonymous_1)
FNDA:0,(anonymous_2)
DA:4,1
DA:7,0
DA:8,0
DA:9,0
DA:11,0
DA:13,0
LF:6
LH:1
BRDA:13,0,0,0
BRDA:13,0,1,0
BRDA:13,0,2,0
BRDA:13,0,3,0
BRDA:13,0,4,0
BRDA:13,0,5,0
BRF:6
BRH:0
end_of_record
TN:
SF:src/app/vocabulary/actions/createCards/functions.js
FN:5,(anonymous_0)
FN:6,(anonymous_1)
FN:13,(anonymous_2)
FN:21,(anonymous_3)
FN:22,(anonymous_4)
FN:29,(anonymous_5)
FN:30,(anonymous_6)
FNF:7
FNH:0
FNDA:0,(anonymous_0)
FNDA:0,(anonymous_1)
FNDA:0,(anonymous_2)
FNDA:0,(anonymous_3)
FNDA:0,(anonymous_4)
FNDA:0,(anonymous_5)
FNDA:0,(anonymous_6)
DA:5,1
DA:6,0
DA:13,1
DA:14,0
DA:21,1
DA:22,0
DA:29,1
DA:30,0
LF:8
LH:4
BRF:0
BRH:0
end_of_record
TN:
SF:src/app/vocabulary/actions/createCards/index.js
FN:11,createCards
FN:18,(anonymous_1)
FNF:2
FNH:0
FNDA:0,createCards
FNDA:0,(anonymous_1)
DA:6,1
DA:12,0
DA:15,0
DA:18,0
DA:20,0
DA:21,0
DA:25,0
DA:28,0
DA:31,0
DA:32,0
DA:35,0
DA:36,0
DA:39,0
LF:13
LH:1
BRDA:15,0,0,0
BRDA:15,0,1,0
BRDA:16,1,0,0
BRDA:16,1,1,0
BRDA:16,1,2,0
BRDA:31,2,0,0
BRDA:31,2,1,0
BRDA:31,3,0,0
BRDA:31,3,1,0
BRF:9
BRH:0
end_of_record
TN:
SF:src/app/vocabulary/actions/easinessLevel/functions.js
FN:13,(anonymous_0)
FN:29,(anonymous_1)
FN:40,(anonymous_2)
FN:44,(anonymous_3)
FN:45,(anonymous_4)
FN:47,(anonymous_5)
FN:51,(anonymous_6)
FN:61,(anonymous_7)
FN:69,(anonymous_8)
FN:73,(anonymous_9)
FN:78,(anonymous_10)
FN:103,(anonymous_11)
FN:108,(anonymous_12)
FN:114,isEasinessLevelOn
FNF:14
FNH:0
FNDA:0,(anonymous_0)
FNDA:0,(anonymous_1)
FNDA:0,(anonymous_2)
FNDA:0,(anonymous_3)
FNDA:0,(anonymous_4)
FNDA:0,(anonymous_5)
FNDA:0,(anonymous_6)
FNDA:0,(anonymous_7)
FNDA:0,(anonymous_8)
FNDA:0,(anonymous_9)
FNDA:0,(anonymous_10)
FNDA:0,(anonymous_11)
FNDA:0,(anonymous_12)
FNDA:0,isEasinessLevelOn
DA:13,1
DA:14,0
DA:15,0
DA:16,0
DA:17,0
DA:18,0
DA:19,0
DA:21,0
DA:22,0
DA:23,0
DA:24,0
DA:25,0
DA:29,1
DA:30,0
DA:31,0
DA:32,0
DA:33,0
DA:34,0
DA:35,0
DA:40,1
DA:41,0
DA:44,0
DA:45,0
DA:47,0
DA:51,1
DA:53,0
DA:57,0
DA:61,0
DA:63,0
DA:69,1
DA:72,0
DA:74,0
DA:78,0
DA:79,0
DA:80,0
DA:81,0
DA:100,0
DA:103,1
DA:104,0
DA:105,0
DA:108,1
DA:109,0
DA:110,0
DA:111,0
DA:115,0
LF:45
LH:7
BRDA:14,0,0,0
BRDA:14,0,1,0
BRDA:18,1,0,0
BRDA:18,1,1,0
BRDA:23,2,0,0
BRDA:23,2,1,0
BRDA:32,3,0,0
BRDA:32,3,1,0
BRDA:34,4,0,0
BRDA:34,4,1,0
BRDA:47,5,0,0
BRDA:47,5,1,0
BRDA:57,6,0,0
BRDA:57,6,1,0
BRDA:74,7,0,0
BRDA:74,7,1,0
BRDA:74,7,2,0
BRDA:79,8,0,0
BRDA:79,8,1,0
BRDA:80,9,0,0
BRDA:80,9,1,0
BRDA:110,10,0,0
BRDA:110,10,1,0
BRDA:115,11,0,0
BRDA:115,11,1,0
BRF:25
BRH:0
end_of_record
TN:
SF:src/app/vocabulary/actions/easinessLevel/index.js
FN:18,keepTrackOfEasiness
FNF:1
FNH:0
FNDA:0,keepTrackOfEasiness
DA:8,1
DA:9,1
DA:10,1
DA:11,1
DA:21,0
DA:24,0
DA:25,0
DA:26,0
DA:27,0
DA:28,0
DA:31,0
DA:35,0
DA:36,0
LF:13
LH:4
BRDA:21,0,0,0
BRDA:21,0,1,0
BRDA:24,1,0,0
BRDA:24,1,1,0
BRDA:25,2,0,0
BRDA:25,2,1,0
BRDA:27,3,0,0
BRDA:27,3,1,0
BRDA:35,4,0,0
BRDA:35,4,1,0
BRF:10
BRH:0
end_of_record
TN:
SF:src/app/vocabulary/actions/functions/dependencies.js
FN:13,(anonymous_0)
FN:15,(anonymous_1)
FNF:2
FNH:0
FNDA:0,(anonymous_0)
FNDA:0,(anonymous_1)
DA:13,1
DA:14,0
DA:15,0
DA:16,0
DA:18,0
LF:5
LH:1
BRF:0
BRH:0
end_of_record
TN:
SF:src/app/vocabulary/actions/functions/index.js
FN:16,(anonymous_0)
FN:30,(anonymous_1)
FN:39,(anonymous_2)
FN:41,(anonymous_3)
FN:53,(anonymous_4)
FN:54,(anonymous_5)
FN:61,(anonymous_6)
FN:64,(anonymous_7)
FN:71,(anonymous_8)
FNF:9
FNH:1
FNDA:1,(anonymous_0)
FNDA:0,(anonymous_1)
FNDA:0,(anonymous_2)
FNDA:0,(anonymous_3)
FNDA:0,(anonymous_4)
FNDA:0,(anonymous_5)
FNDA:0,(anonymous_6)
FNDA:0,(anonymous_7)
FNDA:0,(anonymous_8)
DA:16,1
DA:17,1
DA:18,1
DA:19,1
DA:20,0
DA:21,0
DA:23,0
DA:30,1
DA:31,0
DA:32,0
DA:33,0
DA:34,0
DA:35,0
DA:36,0
DA:39,1
DA:40,0
DA:41,0
DA:42,0
DA:43,0
DA:46,0
DA:53,1
DA:54,0
DA:55,0
DA:61,1
DA:62,0
DA:63,0
DA:64,0
DA:70,1
DA:71,0
DA:72,0
DA:74,0
LF:31
LH:9
BRDA:17,0,0,1
BRDA:17,0,1,0
BRDA:20,1,0,0
BRDA:20,1,1,0
BRDA:42,2,0,0
BRDA:42,2,1,0
BRDA:55,3,0,0
BRDA:55,3,1,0
BRDA:62,4,0,0
BRDA:62,4,1,0
BRDA:70,5,0,0
BRDA:70,5,1,1
BRDA:70,6,0,1
BRDA:70,6,1,1
BRF:14
BRH:4
end_of_record
TN:
SF:src/app/vocabulary/actions/functions/percentageKnown.js
FN:5,(anonymous_0)
FN:9,(anonymous_1)
FN:46,(anonymous_2)
FNF:3
FNH:0
FNDA:0,(anonymous_0)
FNDA:0,(anonymous_1)
FNDA:0,(anonymous_2)
DA:5,1
DA:6,0
DA:7,0
DA:8,0
DA:9,0
DA:10,0
DA:11,0
DA:13,0
DA:14,0
DA:25,0
DA:27,0
DA:28,0
DA:30,0
DA:34,0
DA:35,0
DA:37,0
DA:38,0
DA:39,0
DA:41,0
DA:43,0
DA:46,1
DA:47,0
DA:48,0
LF:23
LH:2
BRDA:6,0,0,0
BRDA:6,0,1,0
BRDA:10,1,0,0
BRDA:10,1,1,0
BRDA:11,2,0,0
BRDA:11,2,1,0
BRDA:13,3,0,0
BRDA:13,3,1,0
BRDA:34,4,0,0
BRDA:34,4,1,0
BRDA:35,5,0,0
BRDA:35,5,1,0
BRDA:37,6,0,0
BRDA:37,6,1,0
BRDA:39,7,0,0
BRDA:39,7,1,0
BRDA:39,8,0,0
BRDA:39,8,1,0
BRDA:47,9,0,0
BRDA:47,9,1,0
BRF:20
BRH:0
end_of_record
TN:
SF:src/app/vocabulary/actions/session/functions.js
FN:8,updateRemainingTime
FN:24,getPercentageDone
FN:32,checkIfCardsRemaining
FN:34,(anonymous_3)
FN:45,createMoreCards
FN:54,answer
FNF:6
FNH:0
FNDA:0,updateRemainingTime
FNDA:0,getPercentageDone
FNDA:0,checkIfCardsRemaining
FNDA:0,(anonymous_3)
FNDA:0,createMoreCards
FNDA:0,answer
DA:9,0
DA:13,0
DA:14,0
DA:15,0
DA:16,0
DA:17,0
DA:25,0
DA:33,0
DA:34,0
DA:36,0
DA:37,0
DA:38,0
DA:46,0
DA:47,0
DA:55,0
DA:56,0
DA:57,0
DA:58,0
DA:59,0
LF:19
LH:0
BRDA:15,0,0,0
BRDA:15,0,1,0
BRDA:34,1,0,0
BRDA:34,1,1,0
BRDA:34,1,2,0
BRDA:36,2,0,0
BRDA:36,2,1,0
BRDA:58,3,0,0
BRDA:58,3,1,0
BRF:9
BRH:0
end_of_record
TN:
SF:src/app/vocabulary/actions/session/index.js
FN:23,(anonymous_0)
FN:29,(anonymous_1)
FN:39,(anonymous_2)
FN:56,(anonymous_3)
FN:77,(anonymous_4)
FN:82,(anonymous_5)
FN:84,(anonymous_6)
FN:87,(anonymous_7)
FN:97,(anonymous_8)
FN:100,(anonymous_9)
FNF:10
FNH:2
FNDA:1,(anonymous_0)
FNDA:0,(anonymous_1)
FNDA:1,(anonymous_2)
FNDA:0,(anonymous_3)
FNDA:0,(anonymous_4)
FNDA:0,(anonymous_5)
FNDA:0,(anonymous_6)
FNDA:0,(anonymous_7)
FNDA:0,(anonymous_8)
FNDA:0,(anonymous_9)
DA:12,1
DA:24,1
DA:25,1
DA:27,1
DA:28,0
DA:29,0
DA:30,0
DA:35,0
DA:40,1
DA:41,1
DA:42,1
DA:43,1
DA:44,1
DA:45,1
DA:46,1
DA:47,1
DA:48,1
DA:49,1
DA:50,1
DA:51,1
DA:52,1
DA:53,1
DA:54,1
DA:57,0
DA:58,0
DA:59,0
DA:60,0
DA:61,0
DA:62,0
DA:64,0
DA:66,0
DA:68,0
DA:70,0
DA:75,0
DA:78,0
DA:83,0
DA:84,0
DA:85,0
DA:87,0
DA:91,0
DA:98,0
DA:101,0
DA:102,0
DA:103,0
DA:104,0
DA:113,0
DA:118,1
LF:47
LH:20
BRDA:27,0,0,0
BRDA:27,0,1,1
BRDA:56,1,0,0
BRDA:59,2,0,0
BRDA:59,2,1,0
BRDA:61,3,0,0
BRDA:61,3,1,0
BRDA:68,4,0,0
BRDA:68,4,1,0
BRDA:84,5,0,0
BRDA:84,5,1,0
BRDA:101,6,0,0
BRDA:101,6,1,0
BRDA:102,7,0,0
BRDA:102,7,1,0
BRF:15
BRH:1
end_of_record
TN:
SF:src/app/vocabulary/actions/session/initialize.js
FN:6,InitializeSession
FNF:1
FNH:0
FNDA:0,InitializeSession
DA:7,0
DA:8,0
DA:9,0
DA:11,0
DA:12,0
DA:13,0
LF:6
LH:0
BRDA:6,0,0,0
BRDA:8,1,0,0
BRDA:8,1,1,0
BRF:3
BRH:0
end_of_record
TN:
SF:src/app/vocabulary/actions/session/loadCardInInterface.js
FN:6,loadCardInInterface
FNF:1
FNH:0
FNDA:0,loadCardInInterface
DA:7,0
DA:8,0
DA:9,0
LF:3
LH:0
BRDA:8,0,0,0
BRDA:8,0,1,0
BRF:2
BRH:0
end_of_record
TN:
SF:src/app/vocabulary/actions/session/loadCardsIntoSession.js
FN:11,loadCardsIntoSession
FN:15,(anonymous_1)
FN:21,(anonymous_2)
FNF:3
FNH:0
FNDA:0,loadCardsIntoSession
FNDA:0,(anonymous_1)
FNDA:0,(anonymous_2)
DA:12,0
DA:13,0
DA:15,0
DA:16,0
DA:17,0
DA:21,0
DA:22,0
LF:7
LH:0
BRDA:11,0,0,0
BRDA:13,1,0,0
BRDA:13,1,1,0
BRDA:16,2,0,0
BRDA:16,2,1,0
BRF:5
BRH:0
end_of_record
TN:
SF:src/app/vocabulary/actions/session/nextCard.js
FN:10,nextCard
FN:31,(anonymous_1)
FN:38,(anonymous_2)
FN:53,(anonymous_3)
FNF:4
FNH:0
FNDA:0,nextCard
FNDA:0,(anonymous_1)
FNDA:0,(anonymous_2)
FNDA:0,(anonymous_3)
DA:4,1
DA:11,0
DA:12,0
DA:13,0
DA:14,0
DA:15,0
DA:16,0
DA:18,0
DA:19,0
DA:21,0
DA:24,0
DA:26,0
DA:29,0
DA:31,0
DA:32,0
DA:35,0
DA:36,0
DA:37,0
DA:38,0
DA:53,0
DA:54,0
DA:57,0
LF:22
LH:1
BRDA:10,0,0,0
BRDA:13,1,0,0
BRDA:13,1,1,0
BRDA:14,2,0,0
BRDA:14,2,1,0
BRDA:18,3,0,0
BRDA:18,3,1,0
BRDA:35,4,0,0
BRDA:35,4,1,0
BRDA:35,5,0,0
BRDA:35,5,1,0
BRDA:35,5,2,0
BRDA:41,6,0,0
BRDA:41,6,1,0
BRDA:42,7,0,0
BRDA:42,7,1,0
BRDA:45,8,0,0
BRDA:45,8,1,0
BRF:18
BRH:0
end_of_record
TN:
SF:src/app/vocabulary/actions/session/undo.js
FN:4,undo
FN:17,undoable
FN:24,checkForUndoOnKeyDown
FNF:3
FNH:0
FNDA:0,undo
FNDA:0,undoable
FNDA:0,checkForUndoOnKeyDown
DA:5,0
DA:6,0
DA:7,0
DA:8,0
DA:9,0
DA:10,0
DA:11,0
DA:18,0
DA:25,0
DA:31,0
DA:32,0
LF:11
LH:0
BRDA:6,0,0,0
BRDA:6,0,1,0
BRDA:18,1,0,0
BRDA:18,1,1,0
BRDA:25,2,0,0
BRDA:25,2,1,0
BRDA:26,3,0,0
BRDA:26,3,1,0
BRDA:26,3,2,0
BRDA:26,3,3,0
BRDA:26,3,4,0
BRF:11
BRH:0
end_of_record
TN:
SF:src/app/vocabulary/elements/CardElement.js
FN:11,(anonymous_0)
FN:17,(anonymous_1)
FN:21,(anonymous_2)
FN:42,(anonymous_3)
FN:45,(anonymous_4)
FN:90,(anonymous_5)
FN:100,(anonymous_6)
FN:105,(anonymous_7)
FN:110,(anonymous_8)
FN:119,(anonymous_9)
FN:132,(anonymous_10)
FN:140,(anonymous_11)
FN:189,(anonymous_12)
FN:285,(anonymous_13)
FN:294,(anonymous_14)
FN:303,(anonymous_15)
FN:314,(anonymous_16)
FN:318,(anonymous_17)
FN:323,(anonymous_18)
FNF:19
FNH:0
FNDA:0,(anonymous_0)
FNDA:0,(anonymous_1)
FNDA:0,(anonymous_2)
FNDA:0,(anonymous_3)
FNDA:0,(anonymous_4)
FNDA:0,(anonymous_5)
FNDA:0,(anonymous_6)
FNDA:0,(anonymous_7)
FNDA:0,(anonymous_8)
FNDA:0,(anonymous_9)
FNDA:0,(anonymous_10)
FNDA:0,(anonymous_11)
FNDA:0,(anonymous_12)
FNDA:0,(anonymous_13)
FNDA:0,(anonymous_14)
FNDA:0,(anonymous_15)
FNDA:0,(anonymous_16)
FNDA:0,(anonymous_17)
FNDA:0,(anonymous_18)
DA:10,0
DA:12,0
DA:13,0
DA:14,0
DA:18,0
DA:19,0
DA:22,0
DA:23,0
DA:24,0
DA:25,0
DA:30,0
DA:42,0
DA:43,0
DA:45,0
DA:46,0
DA:47,0
DA:48,0
DA:50,0
DA:51,0
DA:52,0
DA:53,0
DA:55,0
DA:57,0
DA:58,0
DA:61,0
DA:62,0
DA:64,0
DA:66,0
DA:67,0
DA:70,0
DA:71,0
DA:73,0
DA:75,0
DA:76,0
DA:81,0
DA:82,0
DA:84,0
DA:86,0
DA:90,0
DA:91,0
DA:92,0
DA:93,0
DA:94,0
DA:95,0
DA:97,0
DA:100,0
DA:101,0
DA:105,0
DA:106,0
DA:107,0
DA:108,0
DA:109,0
DA:110,0
DA:113,0
DA:116,0
DA:119,0
DA:120,0
DA:121,0
DA:122,0
DA:124,0
DA:125,0
DA:129,0
DA:132,0
DA:133,0
DA:138,0
DA:141,0
DA:142,0
DA:145,0
DA:146,0
DA:155,0
DA:156,0
DA:157,0
DA:159,0
DA:164,0
DA:170,0
DA:176,0
DA:177,0
DA:178,0
DA:179,0
DA:189,0
DA:285,0
DA:294,0
DA:303,0
DA:314,0
DA:318,1
DA:319,0
DA:320,0
DA:323,1
DA:324,0
DA:325,0
DA:326,0
DA:327,0
DA:328,0
DA:329,0
DA:330,0
DA:331,0
DA:332,0
DA:333,0
DA:335,0
LF:99
LH:2
BRDA:24,0,0,0
BRDA:24,0,1,0
BRDA:24,1,0,0
BRDA:24,1,1,0
BRDA:46,2,0,0
BRDA:46,2,1,0
BRDA:46,3,0,0
BRDA:46,3,1,0
BRDA:46,3,2,0
BRDA:47,4,0,0
BRDA:47,4,1,0
BRDA:51,5,0,0
BRDA:51,5,1,0
BRDA:51,6,0,0
BRDA:51,6,1,0
BRDA:52,7,0,0
BRDA:52,7,1,0
BRDA:58,8,0,0
BRDA:58,8,1,0
BRDA:61,9,0,0
BRDA:61,9,1,0
BRDA:67,10,0,0
BRDA:67,10,1,0
BRDA:70,11,0,0
BRDA:70,11,1,0
BRDA:76,12,0,0
BRDA:76,12,1,0
BRDA:81,13,0,0
BRDA:81,13,1,0
BRDA:92,14,0,0
BRDA:92,14,1,0
BRDA:94,15,0,0
BRDA:94,15,1,0
BRDA:107,16,0,0
BRDA:107,16,1,0
BRDA:107,17,0,0
BRDA:107,17,1,0
BRDA:107,17,2,0
BRDA:107,17,3,0
BRDA:120,18,0,0
BRDA:120,18,1,0
BRDA:124,19,0,0
BRDA:124,19,1,0
BRDA:145,20,0,0
BRDA:145,20,1,0
BRDA:159,21,0,0
BRDA:159,21,1,0
BRDA:164,22,0,0
BRDA:164,22,1,0
BRDA:166,23,0,0
BRDA:166,23,1,0
BRDA:170,24,0,0
BRDA:170,24,1,0
BRDA:184,25,0,0
BRDA:184,25,1,0
BRDA:185,26,0,0
BRDA:185,26,1,0
BRDA:185,27,0,0
BRDA:185,27,1,0
BRDA:186,28,0,0
BRDA:186,28,1,0
BRDA:194,29,0,0
BRDA:194,29,1,0
BRDA:197,30,0,0
BRDA:197,30,1,0
BRDA:202,31,0,0
BRDA:202,31,1,0
BRDA:204,32,0,0
BRDA:204,32,1,0
BRDA:208,33,0,0
BRDA:208,33,1,0
BRDA:215,34,0,0
BRDA:215,34,1,0
BRDA:218,35,0,0
BRDA:218,35,1,0
BRDA:218,36,0,0
BRDA:218,36,1,0
BRDA:218,37,0,0
BRDA:218,37,1,0
BRDA:224,38,0,0
BRDA:224,38,1,0
BRDA:225,39,0,0
BRDA:225,39,1,0
BRDA:229,40,0,0
BRDA:229,40,1,0
BRDA:232,41,0,0
BRDA:232,41,1,0
BRDA:236,42,0,0
BRDA:236,42,1,0
BRDA:237,43,0,0
BRDA:237,43,1,0
BRDA:242,44,0,0
BRDA:242,44,1,0
BRDA:250,45,0,0
BRDA:250,45,1,0
BRDA:265,46,0,0
BRDA:265,46,1,0
BRDA:272,47,0,0
BRDA:272,47,1,0
BRDA:283,48,0,0
BRDA:283,48,1,0
BRDA:292,49,0,0
BRDA:292,49,1,0
BRDA:301,50,0,0
BRDA:301,50,1,0
BRDA:319,51,0,0
BRDA:319,51,1,0
BRDA:324,52,0,0
BRDA:324,52,1,0
BRDA:326,53,0,0
BRDA:326,53,1,0
BRDA:328,54,0,0
BRDA:328,54,1,0
BRDA:330,55,0,0
BRDA:330,55,1,0
BRDA:332,56,0,0
BRDA:332,56,1,0
BRDA:335,57,0,0
BRDA:335,57,1,0
BRF:119
BRH:0
end_of_record
TN:
SF:src/app/vocabulary/elements/GameContainer.js
FN:8,(anonymous_0)
FN:11,(anonymous_1)
FN:20,(anonymous_2)
FN:33,(anonymous_3)
FNF:4
FNH:0
FNDA:0,(anonymous_0)
FNDA:0,(anonymous_1)
FNDA:0,(anonymous_2)
FNDA:0,(anonymous_3)
DA:8,0
DA:9,0
DA:11,0
DA:12,0
DA:13,0
DA:14,0
DA:17,0
DA:23,0
DA:33,0
LF:9
LH:0
BRDA:13,0,0,0
BRDA:13,0,1,0
BRF:2
BRH:0
end_of_record
TN:
SF:src/app/vocabulary/elements/Progress.js
FN:5,(anonymous_0)
FN:21,(anonymous_1)
FNF:2
FNH:0
FNDA:0,(anonymous_0)
FNDA:0,(anonymous_1)
DA:7,0
DA:8,0
DA:21,0
LF:3
LH:0
BRF:0
BRH:0
end_of_record
TN:
SF:src/app/vocabulary/screens/overview.js
FN:17,(anonymous_0)
FN:26,(anonymous_1)
FN:43,(anonymous_2)
FN:44,(anonymous_3)
FN:45,(anonymous_4)
FN:55,(anonymous_5)
FN:65,(anonymous_6)
FN:72,(anonymous_7)
FNF:8
FNH:0
FNDA:0,(anonymous_0)
FNDA:0,(anonymous_1)
FNDA:0,(anonymous_2)
FNDA:0,(anonymous_3)
FNDA:0,(anonymous_4)
FNDA:0,(anonymous_5)
FNDA:0,(anonymous_6)
FNDA:0,(anonymous_7)
DA:18,0
DA:19,0
DA:26,0
DA:44,0
DA:45,0
DA:46,0
DA:47,0
DA:48,0
DA:55,0
DA:65,0
DA:72,0
LF:11
LH:0
BRDA:29,0,0,0
BRDA:29,0,1,0
BRDA:31,1,0,0
BRDA:31,1,1,0
BRDA:40,2,0,0
BRDA:40,2,1,0
BRDA:47,3,0,0
BRDA:47,3,1,0
BRF:8
BRH:0
end_of_record
TN:
SF:src/app/vocabulary/screens/running.js
FN:8,(anonymous_0)
FN:11,(anonymous_1)
FN:14,(anonymous_2)
FN:17,(anonymous_3)
FN:24,(anonymous_4)
FN:30,(anonymous_5)
FN:43,(anonymous_6)
FN:51,(anonymous_7)
FN:54,(anonymous_8)
FN:68,(anonymous_9)
FNF:10
FNH:0
FNDA:0,(anonymous_0)
FNDA:0,(anonymous_1)
FNDA:0,(anonymous_2)
FNDA:0,(anonymous_3)
FNDA:0,(anonymous_4)
FNDA:0,(anonymous_5)
FNDA:0,(anonymous_6)
FNDA:0,(anonymous_7)
FNDA:0,(anonymous_8)
FNDA:0,(anonymous_9)
DA:9,0
DA:12,0
DA:14,0
DA:15,0
DA:18,0
DA:19,0
DA:20,0
DA:24,0
DA:31,0
DA:44,0
DA:51,0
DA:55,0
DA:68,0
LF:13
LH:0
BRDA:19,0,0,0
BRDA:19,0,1,0
BRDA:38,1,0,0
BRDA:38,1,1,0
BRDA:51,2,0,0
BRDA:51,2,1,0
BRDA:58,3,0,0
BRDA:58,3,1,0
BRF:8
BRH:0
end_of_record
TN:
SF:src/documents/compile/functions/functions.js
FN:5,(anonymous_0)
FN:8,(anonymous_1)
FN:15,(anonymous_2)
FNF:3
FNH:0
FNDA:0,(anonymous_0)
FNDA:0,(anonymous_1)
FNDA:0,(anonymous_2)
DA:3,1
DA:5,1
DA:6,0
DA:8,1
DA:9,0
DA:10,0
DA:15,1
DA:16,0
DA:17,0
DA:18,0
LF:10
LH:4
BRDA:9,0,0,0
BRDA:9,0,1,0
BRDA:11,1,0,0
BRDA:11,1,1,0
BRDA:16,2,0,0
BRDA:16,2,1,0
BRDA:18,3,0,0
BRDA:18,3,1,0
BRF:8
BRH:0
end_of_record
TN:
SF:src/documents/compile/functions/links.js
FN:5,(anonymous_0)
FN:12,(anonymous_1)
FN:38,(anonymous_2)
FN:42,(anonymous_3)
FNF:4
FNH:1
FNDA:1,(anonymous_0)
FNDA:0,(anonymous_1)
FNDA:0,(anonymous_2)
FNDA:0,(anonymous_3)
DA:5,1
DA:9,1
DA:13,0
DA:14,0
DA:15,0
DA:16,0
DA:17,0
DA:20,0
DA:22,0
DA:23,0
DA:24,0
DA:25,0
DA:26,0
DA:28,0
DA:29,0
DA:35,0
DA:39,0
DA:43,0
LF:18
LH:2
BRDA:15,0,0,0
BRDA:15,0,1,0
BRDA:15,1,0,0
BRDA:15,1,1,0
BRDA:16,2,0,0
BRDA:16,2,1,0
BRDA:24,3,0,0
BRDA:24,3,1,0
BRDA:25,4,0,0
BRDA:25,4,1,0
BRDA:25,5,0,0
BRDA:25,5,1,0
BRDA:25,5,2,0
BRDA:28,6,0,0
BRDA:28,6,1,0
BRDA:31,7,0,0
BRDA:31,7,1,0
BRF:17
BRH:0
end_of_record
TN:
SF:src/documents/parse/Tokenize/List.js
FN:6,(anonymous_0)
FN:14,(anonymous_1)
FN:15,(anonymous_2)
FN:19,(anonymous_3)
FNF:4
FNH:0
FNDA:0,(anonymous_0)
FNDA:0,(anonymous_1)
FNDA:0,(anonymous_2)
FNDA:0,(anonymous_3)
DA:7,0
DA:8,0
DA:9,0
DA:10,0
DA:11,0
DA:13,0
DA:15,0
DA:16,0
DA:17,0
DA:18,0
DA:19,0
DA:20,0
DA:21,0
DA:25,0
DA:26,0
DA:27,0
DA:28,0
DA:34,0
DA:35,0
DA:38,0
LF:20
LH:0
BRDA:13,0,0,0
BRDA:13,0,1,0
BRDA:20,1,0,0
BRDA:20,1,1,0
BRDA:34,2,0,0
BRDA:34,2,1,0
BRF:6
BRH:0
end_of_record
TN:
SF:src/documents/render/helpers.js
FN:1,(anonymous_0)
FN:3,(anonymous_1)
FN:10,(anonymous_2)
FN:12,(anonymous_3)
FN:19,(anonymous_4)
FNF:5
FNH:0
FNDA:0,(anonymous_0)
FNDA:0,(anonymous_1)
FNDA:0,(anonymous_2)
FNDA:0,(anonymous_3)
FNDA:0,(anonymous_4)
DA:1,1
DA:2,0
DA:3,0
DA:4,0
DA:5,0
DA:6,0
DA:10,1
DA:11,0
DA:12,0
DA:13,0
DA:14,0
DA:15,0
DA:19,1
DA:20,0
LF:14
LH:3
BRDA:1,0,0,0
BRDA:2,1,0,0
BRDA:2,1,1,0
BRDA:5,2,0,0
BRDA:5,2,1,0
BRDA:10,3,0,0
BRDA:11,4,0,0
BRDA:11,4,1,0
BRDA:14,5,0,0
BRDA:14,5,1,0
BRDA:20,6,0,0
BRDA:20,6,1,0
BRF:12
BRH:0
end_of_record
TN:
SF:src/documents/render/audio/AudioClip.js
FN:10,(anonymous_0)
FN:20,(anonymous_1)
FN:25,(anonymous_2)
FN:40,(anonymous_3)
FNF:4
FNH:0
FNDA:0,(anonymous_0)
FNDA:0,(anonymous_1)
FNDA:0,(anonymous_2)
FNDA:0,(anonymous_3)
DA:9,1
DA:11,0
DA:12,0
DA:13,0
DA:14,0
DA:15,0
DA:18,0
DA:19,0
DA:20,0
DA:21,0
DA:22,0
DA:23,0
DA:24,0
DA:25,0
DA:26,0
DA:29,0
DA:32,0
DA:33,0
DA:35,0
DA:41,0
DA:42,0
LF:21
LH:1
BRDA:11,0,0,0
BRDA:11,0,1,0
BRDA:11,1,0,0
BRDA:11,1,1,0
BRDA:14,2,0,0
BRDA:14,2,1,0
BRDA:21,3,0,0
BRDA:21,3,1,0
BRF:8
BRH:0
end_of_record
TN:
SF:src/documents/render/audio/ReadAlong.js
FN:41,(anonymous_0)
FN:69,(anonymous_1)
FN:75,(anonymous_2)
FN:103,(anonymous_3)
FN:104,(anonymous_4)
FN:113,(anonymous_5)
FN:117,(anonymous_6)
FN:120,(anonymous_7)
FN:124,(anonymous_8)
FN:129,(anonymous_9)
FN:136,(anonymous_10)
FN:144,(anonymous_11)
FN:160,(anonymous_12)
FN:162,(anonymous_13)
FN:167,(anonymous_14)
FN:182,(anonymous_15)
FN:183,(anonymous_16)
FNF:17
FNH:0
FNDA:0,(anonymous_0)
FNDA:0,(anonymous_1)
FNDA:0,(anonymous_2)
FNDA:0,(anonymous_3)
FNDA:0,(anonymous_4)
FNDA:0,(anonymous_5)
FNDA:0,(anonymous_6)
FNDA:0,(anonymous_7)
FNDA:0,(anonymous_8)
FNDA:0,(anonymous_9)
FNDA:0,(anonymous_10)
FNDA:0,(anonymous_11)
FNDA:0,(anonymous_12)
FNDA:0,(anonymous_13)
FNDA:0,(anonymous_14)
FNDA:0,(anonymous_15)
FNDA:0,(anonymous_16)
DA:24,1
DA:25,1
DA:26,1
DA:27,1
DA:41,1
DA:43,0
DA:44,0
DA:47,0
DA:48,0
DA:49,0
DA:56,0
DA:57,0
DA:58,0
DA:60,0
DA:64,0
DA:65,0
DA:69,1
DA:70,0
DA:71,0
DA:72,0
DA:75,1
DA:76,0
DA:77,0
DA:79,0
DA:80,0
DA:81,0
DA:82,0
DA:84,0
DA:85,0
DA:86,0
DA:87,0
DA:93,0
DA:103,1
DA:104,0
DA:105,0
DA:113,1
DA:114,0
DA:115,0
DA:116,0
DA:117,0
DA:119,0
DA:120,0
DA:123,0
DA:124,0
DA:127,0
DA:128,0
DA:129,0
DA:130,0
DA:133,0
DA:136,1
DA:137,0
DA:138,0
DA:144,1
DA:146,0
DA:147,0
DA:160,1
DA:161,0
DA:162,0
DA:165,0
DA:166,0
DA:167,0
DA:168,0
DA:169,0
DA:170,0
DA:179,0
DA:182,0
DA:183,0
LF:67
LH:12
BRDA:44,0,0,0
BRDA:44,0,1,0
BRDA:47,1,0,0
BRDA:47,1,1,0
BRDA:49,2,0,0
BRDA:49,2,1,0
BRDA:50,3,0,0
BRDA:50,3,1,0
BRDA:52,4,0,0
BRDA:52,4,1,0
BRDA:52,4,2,0
BRDA:57,5,0,0
BRDA:57,5,1,0
BRDA:64,6,0,0
BRDA:64,6,1,0
BRDA:65,7,0,0
BRDA:65,7,1,0
BRDA:76,8,0,0
BRDA:76,8,1,0
BRDA:76,9,0,0
BRDA:76,9,1,0
BRDA:86,10,0,0
BRDA:86,10,1,0
BRDA:105,11,0,0
BRDA:105,11,1,0
BRDA:105,11,2,0
BRDA:113,12,0,0
BRDA:114,13,0,0
BRDA:114,13,1,0
BRDA:115,14,0,0
BRDA:115,14,1,0
BRDA:127,15,0,0
BRDA:127,15,1,0
BRDA:127,16,0,0
BRDA:127,16,1,0
BRDA:128,17,0,0
BRDA:128,17,1,0
BRDA:131,18,0,0
BRDA:131,18,1,0
BRDA:146,19,0,0
BRDA:146,19,1,0
BRDA:161,20,0,0
BRDA:161,20,1,0
BRDA:168,21,0,0
BRDA:168,21,1,0
BRF:45
BRH:0
end_of_record
TN:
SF:src/documents/render/audio/reducers.js
FN:1,(anonymous_0)
FNF:1
FNH:1
FNDA:4,(anonymous_0)
DA:1,1
DA:2,4
DA:4,0
DA:9,0
DA:16,0
DA:22,4
LF:6
LH:3
BRDA:1,0,0,3
BRDA:2,1,0,0
BRDA:2,1,1,0
BRDA:2,1,2,0
BRDA:2,1,3,4
BRF:5
BRH:2
end_of_record
TN:
SF:src/documents/render/audio/Scroll/ScrollIntoView.js
FN:10,ScrollIntoView
FN:13,(anonymous_1)
FNF:2
FNH:0
FNDA:0,ScrollIntoView
FNDA:0,(anonymous_1)
DA:3,1
DA:11,0
DA:12,0
DA:13,0
DA:19,0
DA:21,0
DA:22,0
DA:23,0
DA:39,0
DA:41,0
DA:43,0
DA:44,0
DA:45,0
DA:46,0
LF:14
LH:1
BRDA:11,0,0,0
BRDA:11,0,1,0
BRDA:12,1,0,0
BRDA:12,1,1,0
BRDA:22,2,0,0
BRDA:22,2,1,0
BRDA:46,3,0,0
BRDA:46,3,1,0
BRF:8
BRH:0
end_of_record
TN:
SF:src/documents/render/audio/Scroll/SmoothScroll.js
FN:11,(anonymous_0)
FN:19,(anonymous_1)
FN:23,(anonymous_2)
FN:26,(anonymous_3)
FN:38,(anonymous_4)
FNF:5
FNH:0
FNDA:0,(anonymous_0)
FNDA:0,(anonymous_1)
FNDA:0,(anonymous_2)
FNDA:0,(anonymous_3)
FNDA:0,(anonymous_4)
DA:3,1
DA:10,1
DA:12,0
DA:13,0
DA:14,0
DA:20,0
DA:21,0
DA:24,0
DA:25,0
DA:26,0
DA:27,0
DA:37,1
DA:38,0
LF:13
LH:3
BRDA:12,0,0,0
BRDA:12,0,1,0
BRDA:13,1,0,0
BRDA:13,1,1,0
BRDA:21,2,0,0
BRDA:21,2,1,0
BRDA:25,3,0,0
BRDA:25,3,1,0
BRDA:37,4,0,1
BRDA:37,4,1,1
BRF:10
BRH:2
end_of_record
TN:
SF:src/documents/templates/404.js
FN:3,(anonymous_0)
FNF:1
FNH:0
FNDA:0,(anonymous_0)
DA:3,0
LF:1
LH:0
BRF:0
BRH:0
end_of_record
TN:
SF:src/documents/templates/Spacer.js
FN:3,(anonymous_0)
FNF:1
FNH:0
FNDA:0,(anonymous_0)
DA:4,0
LF:1
LH:0
BRF:0
BRH:0
end_of_record
TN:
SF:src/maker/editor/actions.js
FN:10,(anonymous_0)
FN:21,(anonymous_1)
FN:34,(anonymous_2)
FN:46,(anonymous_3)
FN:54,(anonymous_4)
FN:87,(anonymous_5)
FN:112,(anonymous_6)
FN:128,(anonymous_7)
FNF:8
FNH:0
FNDA:0,(anonymous_0)
FNDA:0,(anonymous_1)
FNDA:0,(anonymous_2)
FNDA:0,(anonymous_3)
FNDA:0,(anonymous_4)
FNDA:0,(anonymous_5)
FNDA:0,(anonymous_6)
FNDA:0,(anonymous_7)
DA:10,1
DA:15,0
DA:21,1
DA:22,0
DA:23,0
DA:24,0
DA:28,0
DA:33,1
DA:36,0
DA:37,0
DA:39,0
DA:40,0
DA:42,0
DA:43,0
DA:47,0
DA:48,0
DA:51,1
DA:54,1
DA:55,0
DA:56,0
DA:57,0
DA:58,0
DA:60,0
DA:83,0
DA:87,0
DA:92,0
DA:95,0
DA:103,0
DA:104,0
DA:112,1
DA:113,0
DA:114,0
DA:121,1
DA:127,1
DA:128,0
DA:129,0
DA:130,0
DA:131,0
LF:38
LH:8
BRDA:22,0,0,0
BRDA:22,0,1,0
BRDA:24,1,0,0
BRDA:24,1,1,0
BRDA:36,2,0,0
BRDA:36,2,1,0
BRDA:39,3,0,0
BRDA:39,3,1,0
BRDA:47,4,0,0
BRDA:47,4,1,0
BRDA:57,5,0,0
BRDA:57,5,1,0
BRDA:127,6,0,0
BRDA:127,6,1,1
BRDA:127,7,0,1
BRDA:127,7,1,0
BRDA:129,8,0,0
BRDA:129,8,1,0
BRF:18
BRH:2
end_of_record
TN:
SF:src/maker/editor/reducers.js
FN:15,(anonymous_0)
FN:26,(anonymous_1)
FN:35,(anonymous_2)
FN:44,(anonymous_3)
FN:57,(anonymous_4)
FNF:5
FNH:5
FNDA:6,(anonymous_0)
FNDA:6,(anonymous_1)
FNDA:6,(anonymous_2)
FNDA:6,(anonymous_3)
FNDA:6,(anonymous_4)
DA:10,1
DA:11,1
DA:14,1
DA:15,1
DA:16,6
DA:18,0
DA:20,0
DA:22,6
DA:26,1
DA:27,6
DA:29,0
DA:31,6
DA:35,1
DA:36,6
DA:38,0
DA:40,6
DA:44,1
DA:45,6
DA:47,0
DA:48,0
DA:50,0
DA:53,6
DA:57,1
DA:58,6
DA:61,0
DA:77,0
DA:78,0
DA:80,6
DA:84,1
LF:29
LH:19
BRDA:10,0,0,1
BRDA:10,0,1,0
BRDA:14,1,0,1
BRDA:14,1,1,0
BRDA:15,2,0,5
BRDA:16,3,0,0
BRDA:16,3,1,0
BRDA:16,3,2,6
BRDA:26,4,0,5
BRDA:27,5,0,0
BRDA:27,5,1,6
BRDA:29,6,0,0
BRDA:29,6,1,0
BRDA:35,7,0,5
BRDA:36,8,0,0
BRDA:36,8,1,6
BRDA:38,9,0,0
BRDA:38,9,1,0
BRDA:44,10,0,5
BRDA:45,11,0,0
BRDA:45,11,1,6
BRDA:47,12,0,0
BRDA:47,12,1,0
BRDA:57,13,0,5
BRDA:58,14,0,0
BRDA:58,14,1,0
BRDA:58,14,2,0
BRDA:58,14,3,0
BRDA:58,14,4,0
BRDA:58,14,5,0
BRDA:58,14,6,0
BRDA:58,14,7,0
BRDA:58,14,8,0
BRDA:58,14,9,0
BRDA:58,14,10,0
BRDA:58,14,11,0
BRDA:58,14,12,0
BRDA:58,14,13,0
BRDA:58,14,14,0
BRDA:58,14,15,0
BRDA:58,14,16,0
BRDA:58,14,17,6
BRF:42
BRH:12
end_of_record
TN:
SF:src/maker/editor/Long_audio/reducers.js
FN:6,(anonymous_0)
FN:51,(anonymous_1)
FNF:2
FNH:1
FNDA:6,(anonymous_0)
FNDA:0,(anonymous_1)
DA:7,6
DA:8,6
DA:10,0
DA:11,0
DA:13,0
DA:16,0
DA:17,0
DA:18,0
DA:20,0
DA:21,0
DA:26,0
DA:27,0
DA:29,0
DA:39,0
DA:47,6
DA:51,1
DA:52,0
LF:17
LH:4
BRDA:6,0,0,5
BRDA:8,1,0,0
BRDA:8,1,1,0
BRDA:8,1,2,0
BRDA:8,1,3,6
BRDA:10,2,0,0
BRDA:10,2,1,0
BRDA:11,3,0,0
BRDA:11,3,1,0
BRDA:17,4,0,0
BRDA:17,4,1,0
BRDA:20,5,0,0
BRDA:20,5,1,0
BRDA:26,6,0,0
BRDA:26,6,1,0
BRDA:26,7,0,0
BRDA:26,7,1,0
BRDA:42,8,0,0
BRDA:42,8,1,0
BRF:19
BRH:2
end_of_record
TN:
SF:src/maker/editor/Short_audio/reducers.js
FN:1,(anonymous_0)
FNF:1
FNH:1
FNDA:6,(anonymous_0)
DA:8,6
DA:10,0
DA:11,0
DA:13,0
DA:15,0
DA:20,0
DA:27,0
DA:32,0
DA:40,0
DA:51,6
LF:10
LH:2
BRDA:2,0,0,5
BRDA:8,1,0,0
BRDA:8,1,1,0
BRDA:8,1,2,0
BRDA:8,1,3,0
BRDA:8,1,4,0
BRDA:8,1,5,0
BRDA:8,1,6,6
BRDA:10,2,0,0
BRDA:10,2,1,0
BRDA:46,3,0,0
BRDA:46,3,1,0
BRF:12
BRH:2
end_of_record
TN:
SF:src/maker/editor/Suggestions/reducers.js
FN:1,(anonymous_0)
FN:9,(anonymous_1)
FN:21,(anonymous_2)
FNF:3
FNH:2
FNDA:6,(anonymous_0)
FNDA:0,(anonymous_1)
FNDA:6,(anonymous_2)
DA:1,1
DA:2,6
DA:3,6
DA:6,0
DA:9,0
DA:10,0
DA:12,0
DA:17,6
DA:21,1
DA:22,6
DA:24,0
DA:26,0
DA:31,6
LF:13
LH:7
BRDA:1,0,0,5
BRDA:3,1,0,0
BRDA:3,1,1,0
BRDA:3,1,2,6
BRDA:6,2,0,0
BRDA:6,2,1,0
BRDA:10,3,0,0
BRDA:10,3,1,0
BRDA:10,4,0,0
BRDA:10,4,1,0
BRDA:21,5,0,5
BRDA:22,6,0,0
BRDA:22,6,1,0
BRDA:22,6,2,6
BRDA:24,7,0,0
BRDA:24,7,1,0
BRF:16
BRH:4
end_of_record
TN:
SF:src/maker/editor/Translator/actions.js
FN:11,(anonymous_0)
FN:11,(anonymous_1)
FN:38,(anonymous_2)
FN:38,(anonymous_3)
FN:61,(anonymous_4)
FN:65,(anonymous_5)
FN:66,(anonymous_6)
FN:75,(anonymous_7)
FN:76,(anonymous_8)
FN:85,(anonymous_9)
FN:85,(anonymous_10)
FN:94,(anonymous_11)
FN:99,(anonymous_12)
FNF:13
FNH:0
FNDA:0,(anonymous_0)
FNDA:0,(anonymous_1)
FNDA:0,(anonymous_2)
FNDA:0,(anonymous_3)
FNDA:0,(anonymous_4)
FNDA:0,(anonymous_5)
FNDA:0,(anonymous_6)
FNDA:0,(anonymous_7)
FNDA:0,(anonymous_8)
FNDA:0,(anonymous_9)
FNDA:0,(anonymous_10)
FNDA:0,(anonymous_11)
FNDA:0,(anonymous_12)
DA:9,1
DA:11,1
DA:12,0
DA:13,0
DA:15,0
DA:19,0
DA:21,0
DA:22,0
DA:23,0
DA:24,0
DA:25,0
DA:26,0
DA:27,0
DA:28,0
DA:29,0
DA:30,0
DA:31,0
DA:32,0
DA:33,0
DA:34,0
DA:38,1
DA:39,0
DA:40,0
DA:41,0
DA:42,0
DA:45,0
DA:46,0
DA:52,0
DA:61,1
DA:65,1
DA:66,0
DA:67,0
DA:75,1
DA:76,0
DA:77,0
DA:78,0
DA:85,1
DA:86,0
DA:94,1
DA:99,1
LF:40
LH:9
BRDA:15,0,0,0
BRDA:15,0,1,0
BRDA:19,1,0,0
BRDA:19,1,1,0
BRDA:21,2,0,0
BRDA:21,2,1,0
BRDA:21,3,0,0
BRDA:21,3,1,0
BRDA:25,4,0,0
BRDA:25,4,1,0
BRDA:28,5,0,0
BRDA:28,5,1,0
BRDA:32,6,0,0
BRDA:32,6,1,0
BRDA:45,7,0,0
BRDA:45,7,1,0
BRDA:89,8,0,0
BRDA:89,8,1,0
BRF:18
BRH:0
end_of_record
TN:
SF:src/maker/editor/Translator/reducers.js
FN:11,(anonymous_0)
FN:50,(anonymous_1)
FN:200,(anonymous_2)
FNF:3
FNH:2
FNDA:6,(anonymous_0)
FNDA:6,(anonymous_1)
FNDA:0,(anonymous_2)
DA:11,1
DA:12,6
DA:15,0
DA:16,0
DA:17,0
DA:18,0
DA:19,0
DA:20,0
DA:25,0
DA:28,0
DA:32,0
DA:34,6
DA:44,1
DA:50,1
DA:51,6
DA:53,0
DA:54,0
DA:56,0
DA:60,0
DA:61,0
DA:71,0
DA:73,0
DA:74,0
DA:75,0
DA:77,0
DA:79,0
DA:80,0
DA:81,0
DA:87,0
DA:96,0
DA:112,0
DA:113,0
DA:114,0
DA:115,0
DA:116,0
DA:118,0
DA:138,0
DA:139,0
DA:140,0
DA:141,0
DA:142,0
DA:145,0
DA:146,0
DA:147,0
DA:149,0
DA:151,0
DA:158,0
DA:174,0
DA:192,0
DA:193,0
DA:194,0
DA:195,0
DA:197,0
DA:198,0
DA:200,0
DA:201,0
DA:203,0
DA:204,0
DA:216,6
LF:59
LH:7
BRDA:11,0,0,5
BRDA:12,1,0,0
BRDA:12,1,1,0
BRDA:12,1,2,0
BRDA:12,1,3,0
BRDA:12,1,4,6
BRDA:15,2,0,0
BRDA:15,2,1,0
BRDA:17,3,0,0
BRDA:17,3,1,0
BRDA:18,4,0,0
BRDA:18,4,1,0
BRDA:50,5,0,5
BRDA:51,6,0,0
BRDA:51,6,1,0
BRDA:51,6,2,0
BRDA:51,6,3,0
BRDA:51,6,4,0
BRDA:51,6,5,0
BRDA:51,6,6,6
BRDA:53,7,0,0
BRDA:53,7,1,0
BRDA:73,8,0,0
BRDA:73,8,1,0
BRDA:74,9,0,0
BRDA:74,9,1,0
BRDA:77,10,0,0
BRDA:77,10,1,0
BRDA:101,11,0,0
BRDA:101,11,1,0
BRDA:145,12,0,0
BRDA:145,12,1,0
BRDA:149,13,0,0
BRDA:149,13,1,0
BRDA:197,14,0,0
BRDA:197,14,1,0
BRF:36
BRH:4
end_of_record
TN:
SF:src/maker/vocabulary_maker/reducers.js
FN:3,(anonymous_0)
FN:11,(anonymous_1)
FN:19,(anonymous_2)
FNF:3
FNH:3
FNDA:6,(anonymous_0)
FNDA:6,(anonymous_1)
FNDA:6,(anonymous_2)
DA:3,1
DA:4,6
DA:6,0
DA:8,6
DA:11,1
DA:12,6
DA:14,0
DA:16,6
DA:19,1
DA:26,6
DA:28,0
DA:30,6
DA:34,1
LF:13
LH:10
BRDA:3,0,0,5
BRDA:4,1,0,0
BRDA:4,1,1,6
BRDA:11,2,0,5
BRDA:12,3,0,0
BRDA:12,3,1,6
BRDA:20,4,0,5
BRDA:26,5,0,0
BRDA:26,5,1,6
BRF:9
BRH:6
end_of_record
TN:
SF:src/maker/vocabulary_maker/compile/format.js
FN:9,(anonymous_0)
FN:14,(anonymous_1)
FN:28,(anonymous_2)
FN:33,(anonymous_3)
FN:76,(anonymous_4)
FN:80,(anonymous_5)
FN:107,(anonymous_6)
FN:124,(anonymous_7)
FN:134,(anonymous_8)
FN:143,(anonymous_9)
FN:147,(anonymous_10)
FN:150,(anonymous_11)
FNF:12
FNH:4
FNDA:1,(anonymous_0)
FNDA:11078,(anonymous_1)
FNDA:11078,(anonymous_2)
FNDA:1,(anonymous_3)
FNDA:0,(anonymous_4)
FNDA:0,(anonymous_5)
FNDA:0,(anonymous_6)
FNDA:0,(anonymous_7)
FNDA:0,(anonymous_8)
FNDA:0,(anonymous_9)
FNDA:0,(anonymous_10)
FNDA:0,(anonymous_11)
DA:9,1
DA:10,1
DA:11,1
DA:14,1
DA:15,11078
DA:16,11078
DA:28,1
DA:29,11078
DA:30,11078
DA:33,1
DA:34,1
DA:35,1
DA:36,0
DA:38,1
DA:77,0
DA:81,0
DA:104,1
DA:105,0
DA:107,0
DA:111,1
DA:112,0
DA:115,1
DA:116,0
DA:117,0
DA:120,1
DA:121,1
DA:124,1
DA:126,0
DA:127,0
DA:128,0
DA:131,0
DA:134,1
DA:135,0
DA:136,0
DA:140,0
DA:143,1
DA:144,0
DA:148,0
DA:150,0
DA:151,0
DA:156,0
DA:163,0
LF:42
LH:21
BRDA:10,0,0,0
BRDA:10,0,1,1
BRDA:15,1,0,0
BRDA:15,1,1,11078
BRDA:29,2,0,0
BRDA:29,2,1,11078
BRDA:34,3,0,0
BRDA:34,3,1,1
BRDA:35,4,0,0
BRDA:35,4,1,1
BRDA:104,5,0,0
BRDA:104,5,1,1
BRDA:111,6,0,0
BRDA:111,6,1,1
BRDA:115,7,0,0
BRDA:115,7,1,1
BRDA:126,8,0,0
BRDA:126,8,1,0
BRDA:126,9,0,0
BRDA:126,9,1,0
BRDA:128,10,0,0
BRDA:128,10,1,0
BRDA:128,11,0,0
BRDA:128,11,1,0
BRDA:135,12,0,0
BRDA:135,12,1,0
BRDA:148,13,0,0
BRDA:148,13,1,0
BRF:28
BRH:8
end_of_record
TN:
SF:src/maker/vocabulary_maker/compile/functions.js
FN:8,(anonymous_0)
FN:23,(anonymous_1)
FN:30,(anonymous_2)
FN:49,(anonymous_3)
FN:86,(anonymous_4)
FNF:5
FNH:3
FNDA:1,(anonymous_0)
FNDA:0,(anonymous_1)
FNDA:1,(anonymous_2)
FNDA:0,(anonymous_3)
FNDA:1,(anonymous_4)
DA:8,1
DA:9,1
DA:10,0
DA:11,0
DA:13,0
DA:14,0
DA:16,0
DA:17,0
DA:20,1
DA:23,1
DA:24,0
DA:27,0
DA:30,1
DA:31,1
DA:32,1
DA:33,0
DA:35,1
DA:38,1
DA:40,1
DA:44,0
DA:46,1
DA:49,1
DA:50,0
DA:51,0
DA:52,0
DA:54,0
DA:57,1
DA:86,1
DA:87,1
LF:29
LH:15
BRDA:9,0,0,0
BRDA:9,0,1,1
BRDA:10,1,0,0
BRDA:10,1,1,0
BRDA:13,2,0,0
BRDA:13,2,1,0
BRDA:16,3,0,0
BRDA:16,3,1,0
BRDA:31,4,0,0
BRDA:31,4,1,1
BRDA:32,5,0,0
BRDA:32,5,1,1
BRDA:38,6,0,0
BRDA:38,6,1,1
BRDA:40,7,0,0
BRDA:40,7,1,1
BRDA:41,8,0,1
BRDA:41,8,1,1
BRDA:41,8,2,1
BRDA:41,8,3,1
BRDA:50,9,0,0
BRDA:50,9,1,0
BRDA:51,10,0,0
BRDA:51,10,1,0
BRF:24
BRH:9
end_of_record
